[1522627200] LOG ROTATION: DAILY
[1522627200] LOG VERSION: 2.0
[1522627200] CURRENT HOST STATE: control1.gate.rtf;UP;HARD;1;OK - 192.168.4.2: rta 0.022ms, lost 0%
[1522627200] CURRENT HOST STATE: control2.gate.rtf;UP;HARD;1;OK - 192.168.4.10: rta 0.201ms, lost 0%
[1522627200] CURRENT HOST STATE: mgen1.gate.rtf;UP;HARD;1;OK - 192.168.4.3: rta 0.193ms, lost 0%
[1522627200] CURRENT HOST STATE: mgen2.gate.rtf;UP;HARD;1;OK - 192.168.4.22: rta 0.136ms, lost 0%
[1522627200] CURRENT HOST STATE: pgen1.gate.rtf;UP;HARD;1;OK - 192.168.4.23: rta 0.126ms, lost 0%
[1522627200] CURRENT HOST STATE: pgen2.gate.rtf;UP;HARD;1;OK - 192.168.4.25: rta 0.200ms, lost 0%
[1522627200] CURRENT SERVICE STATE: control1.gate.rtf;ANT_Antenna_Door_Open_Fault;UNKNOWN;HARD;1;UNKNOWN - Unknown - 0
[1522627200] CURRENT SERVICE STATE: control1.gate.rtf;ANT_Az_Run_Line_Active;UNKNOWN;HARD;1;UNKNOWN - Unknown - 0
[1522627200] CURRENT SERVICE STATE: control1.gate.rtf;ANT_Azimuth_Brake_Bypass_Fault;UNKNOWN;HARD;1;UNKNOWN - Unknown - 0
[1522627200] CURRENT SERVICE STATE: control1.gate.rtf;ANT_Azimuth_Brakes_Fault;UNKNOWN;HARD;1;UNKNOWN - Unknown - 0
[1522627200] CURRENT SERVICE STATE: control1.gate.rtf;ANT_Azimuth_Fans_Fault;UNKNOWN;HARD;1;UNKNOWN - Unknown - 0
[1522627200] CURRENT SERVICE STATE: control1.gate.rtf;ANT_Azimuth_Stowed_Fault;UNKNOWN;HARD;1;UNKNOWN - Unknown - 0
[1522627200] CURRENT SERVICE STATE: control1.gate.rtf;ANT_Azimuth_Temperature_Fault;UNKNOWN;HARD;1;UNKNOWN - Unknown - 0
[1522627200] CURRENT SERVICE STATE: control1.gate.rtf;ANT_COHO_Gate_Fault;OK;HARD;1;OK - 0
[1522627200] CURRENT SERVICE STATE: control1.gate.rtf;ANT_Circulator_Temperature_Fault;OK;HARD;1;OK - 0
[1522627200] CURRENT SERVICE STATE: control1.gate.rtf;ANT_El_Run_Line_Active;UNKNOWN;HARD;1;UNKNOWN - Unknown - 0
[1522627200] CURRENT SERVICE STATE: control1.gate.rtf;ANT_Elevation_Brake_Bypass_Fault;UNKNOWN;HARD;1;UNKNOWN - Unknown - 0
[1522627200] CURRENT SERVICE STATE: control1.gate.rtf;ANT_Elevation_Brakes_Fault;UNKNOWN;HARD;1;UNKNOWN - Unknown - 0
[1522627200] CURRENT SERVICE STATE: control1.gate.rtf;ANT_Elevation_Fans_Fault;UNKNOWN;HARD;1;UNKNOWN - Unknown - 0
[1522627200] CURRENT SERVICE STATE: control1.gate.rtf;ANT_Elevation_Limit_Fault;UNKNOWN;HARD;1;UNKNOWN - Unknown - 0
[1522627200] CURRENT SERVICE STATE: control1.gate.rtf;ANT_Elevation_Stowed_Fault;UNKNOWN;HARD;1;UNKNOWN - Unknown - 0
[1522627200] CURRENT SERVICE STATE: control1.gate.rtf;ANT_Elevation_Temperature_Fault;UNKNOWN;HARD;1;UNKNOWN - Unknown - 0
[1522627200] CURRENT SERVICE STATE: control1.gate.rtf;ANT_Mitch_Switch_Fault;CRITICAL;HARD;1;CRIT - FAULT - 1
[1522627200] CURRENT SERVICE STATE: control1.gate.rtf;ANT_Oil_Pressure_Fault;UNKNOWN;HARD;1;UNKNOWN - Unknown - 0
[1522627200] CURRENT SERVICE STATE: control1.gate.rtf;ANT_Pedestal_Switch_Disabled_Fault;UNKNOWN;HARD;1;UNKNOWN - Unknown - 0
[1522627200] CURRENT SERVICE STATE: control1.gate.rtf;ANT_RF_Disabled_Fault;CRITICAL;HARD;1;CRIT - FAULT - 1
[1522627200] CURRENT SERVICE STATE: control1.gate.rtf;ANT_RF_Ladder_Lockout_Fault;CRITICAL;HARD;1;CRIT - FAULT - 1
[1522627200] CURRENT SERVICE STATE: control1.gate.rtf;ANT_Wave_Guide_Pressure_Fault;CRITICAL;HARD;1;CRIT - FAULT - 1
[1522627200] CURRENT SERVICE STATE: control1.gate.rtf;ANT_Wave_Guide_Switch_Fault;CRITICAL;HARD;1;CRIT - FAULT - 1
[1522627200] CURRENT SERVICE STATE: control1.gate.rtf;CPU load;OK;HARD;1;OK - 15 min load 0.07 at 16 Cores (0.00 per Core)
[1522627200] CURRENT SERVICE STATE: control1.gate.rtf;CPU utilization;OK;HARD;1;OK - user: 0.2%, system: 0.1%, wait: 0.0%, steal: 0.0%, guest: 0.0%, total: 0.3%
[1522627200] CURRENT SERVICE STATE: control1.gate.rtf;Check_MK;OK;HARD;1;OK - Agent version 1.2.8p26, execution time 0.6 sec
[1522627200] CURRENT SERVICE STATE: control1.gate.rtf;Check_MK Discovery;OK;HARD;1;OK - no unmonitored services found, 19 vanished services (local:19)
[1522627200] CURRENT SERVICE STATE: control1.gate.rtf;Disk IO SUMMARY;OK;HARD;1;OK - Utilization: 0.0%, Read: 68.27 B/s, Write: 66.50 kB/s, Average Wait: 0.06 ms, Average Read Wait: 17.50 ms, Average Write Wait: 0.03 ms, Latency: 0.05 ms
[1522627200] CURRENT SERVICE STATE: control1.gate.rtf;Filesystem /;OK;HARD;1;OK - 58.6% used (22.90 of 39.04 GB), trend: -599.85 MB / 24 hours
[1522627200] CURRENT SERVICE STATE: control1.gate.rtf;Filesystem /data;OK;HARD;1;OK - 25.6% used (401.65 GB of 1.53 TB), trend: 0.00 B / 24 hours
[1522627200] CURRENT SERVICE STATE: control1.gate.rtf;Filesystem /home;OK;HARD;1;OK - 63.2% used (29.80 of 47.17 GB), trend: +1.20 MB / 24 hours
[1522627200] CURRENT SERVICE STATE: control1.gate.rtf;HP_DataMapper_primary;UNKNOWN;HARD;1;UNKNOWN - Item not found in agent output
[1522627200] CURRENT SERVICE STATE: control1.gate.rtf;HP_DsFileDist_ext_data;UNKNOWN;HARD;1;UNKNOWN - Item not found in agent output
[1522627200] CURRENT SERVICE STATE: control1.gate.rtf;HP_DsServerMgr_primary;UNKNOWN;HARD;1;UNKNOWN - Item not found in agent output
[1522627200] CURRENT SERVICE STATE: control1.gate.rtf;HP_Fmq2Fmq_monitoring;UNKNOWN;HARD;1;UNKNOWN - Item not found in agent output
[1522627200] CURRENT SERVICE STATE: control1.gate.rtf;HP_InputWatcher_spol_cams;UNKNOWN;HARD;1;UNKNOWN - Item not found in agent output
[1522627200] CURRENT SERVICE STATE: control1.gate.rtf;HP_Janitor_logs;UNKNOWN;HARD;1;UNKNOWN - Item not found in agent output
[1522627200] CURRENT SERVICE STATE: control1.gate.rtf;HP_Janitor_sysview;UNKNOWN;HARD;1;UNKNOWN - Item not found in agent output
[1522627200] CURRENT SERVICE STATE: control1.gate.rtf;HP_LdataWatcher_sysview;UNKNOWN;HARD;1;UNKNOWN - Item not found in agent output
[1522627200] CURRENT SERVICE STATE: control1.gate.rtf;HP_Scout_primary;UNKNOWN;HARD;1;UNKNOWN - Item not found in agent output
[1522627200] CURRENT SERVICE STATE: control1.gate.rtf;HP_SpolMonCtrl_ops;UNKNOWN;HARD;1;UNKNOWN - Item not found in agent output
[1522627200] CURRENT SERVICE STATE: control1.gate.rtf;HawkSummary_Data;OK;HARD;1;OK - 0 data set(s) have problems
[1522627200] CURRENT SERVICE STATE: control1.gate.rtf;HawkSummary_Processes;CRITICAL;HARD;1;CRIT - 0 ok, 1 problems - No ProcessMapper?
[1522627200] CURRENT SERVICE STATE: control1.gate.rtf;Interface 2;OK;HARD;1;OK - [em1] (up) MAC: 78:2b:cb:0d:ae:c0, 1 Gbit/s, in: 4.35 kB/s(0.0%), out: 897.07 B/s(0.0%)
[1522627200] CURRENT SERVICE STATE: control1.gate.rtf;Interface 3;OK;HARD;1;OK - [em2] (up) MAC: 78:2b:cb:0d:ae:c1, 1 Gbit/s, in: 66.99 B/s(0.0%), out: 0.00 B/s(0.0%)
[1522627200] CURRENT SERVICE STATE: control1.gate.rtf;Kernel Context Switches;OK;HARD;1;OK - 369/s
[1522627200] CURRENT SERVICE STATE: control1.gate.rtf;Kernel Major Page Faults;OK;HARD;1;OK - 0/s
[1522627200] CURRENT SERVICE STATE: control1.gate.rtf;Kernel Process Creations;OK;HARD;1;OK - 4/s
[1522627200] CURRENT SERVICE STATE: control1.gate.rtf;Logins;OK;HARD;1;OK - 1 logins on system (warn/crit at 20/30)
[1522627200] CURRENT SERVICE STATE: control1.gate.rtf;Memory;OK;HARD;1;OK - RAM used: 958.32 MB of 11.56 GB, Swap used: 0.00 B of 3.91 GB, Total virtual memory used: 958.32 MB of 15.47 GB (6.1%),
[1522627200] CURRENT SERVICE STATE: control1.gate.rtf;Mount options of /;OK;HARD;1;OK - mount options exactly as expected
[1522627200] CURRENT SERVICE STATE: control1.gate.rtf;Mount options of /data;OK;HARD;1;OK - mount options exactly as expected
[1522627200] CURRENT SERVICE STATE: control1.gate.rtf;Mount options of /home;OK;HARD;1;OK - mount options exactly as expected
[1522627200] CURRENT SERVICE STATE: control1.gate.rtf;NTP Time;OK;HARD;1;OK - stratum 2, offset 0.0010 ms, reference: C0A804F8 (192.168.4.248)
[1522627200] CURRENT SERVICE STATE: control1.gate.rtf;Number of threads;OK;HARD;1;OK - 423 threads
[1522627200] CURRENT SERVICE STATE: control1.gate.rtf;OMD prod apache;OK;HARD;1;OK - 0.02 Requests/s, 0.00 Seconds serving/s, 0.05 B Sent/s
[1522627200] CURRENT SERVICE STATE: control1.gate.rtf;OMD prod performance;OK;HARD;1;OK - Host Checks: 0.1/s, Service Checks: 5.6/s, Process Creations: 0.2/s, Livestatus Connects: 0.0/s, Livestatus Requests: 0.0/s, Log Messages: 0.0/s, 6 Hosts, 343 Services, Core version: 3.5.0, Livestatus version: 1.2.8p15
[1522627200] CURRENT SERVICE STATE: control1.gate.rtf;OMD prod status;OK;HARD;1;OK - running
[1522627200] CURRENT SERVICE STATE: control1.gate.rtf;PM_AC_Power;OK;HARD;1;OK - Source 2
[1522627200] CURRENT SERVICE STATE: control1.gate.rtf;PM_Frequency;OK;HARD;1;OK - 600
[1522627200] CURRENT SERVICE STATE: control1.gate.rtf;PM_Source_Switched;OK;HARD;1;OK - ---
[1522627200] CURRENT SERVICE STATE: control1.gate.rtf;PM_TotalKW;OK;HARD;1;OK - 6548
[1522627200] CURRENT SERVICE STATE: control1.gate.rtf;PM_VoltageA;OK;HARD;1;OK - 123
[1522627200] CURRENT SERVICE STATE: control1.gate.rtf;PM_VoltageB;OK;HARD;1;OK - 124
[1522627200] CURRENT SERVICE STATE: control1.gate.rtf;PM_VoltageC;OK;HARD;1;OK - 124
[1522627200] CURRENT SERVICE STATE: control1.gate.rtf;PM_XmitPowerDbmH;CRITICAL;HARD;1;CRIT - CRITICAL - 53.14
[1522627200] CURRENT SERVICE STATE: control1.gate.rtf;PM_XmitPowerDbmTxTop;CRITICAL;HARD;1;CRIT - CRITICAL - 37.97
[1522627200] CURRENT SERVICE STATE: control1.gate.rtf;PM_XmitPowerDbmV;CRITICAL;HARD;1;CRIT - CRITICAL - 60.48
[1522627200] CURRENT SERVICE STATE: control1.gate.rtf;Postfix Queue;OK;HARD;1;OK - deferred queue length is 0, active queue length is 0
[1522627200] CURRENT SERVICE STATE: control1.gate.rtf;TCP Connections;OK;HARD;1;OK - ESTABLISHED: 5, TIME_WAIT: 1, LISTEN: 26
[1522627200] CURRENT SERVICE STATE: control1.gate.rtf;TEMP_Annex;OK;HARD;1;OK - 24.4
[1522627200] CURRENT SERVICE STATE: control1.gate.rtf;TEMP_Front_Wall;CRITICAL;HARD;1;CRIT - CRITICAL - 332.4
[1522627200] CURRENT SERVICE STATE: control1.gate.rtf;TEMP_Horiz_LNA;CRITICAL;HARD;1;CRIT - CRITICAL - 330.3
[1522627200] CURRENT SERVICE STATE: control1.gate.rtf;TEMP_Klystron;OK;HARD;1;OK - 16.6
[1522627200] CURRENT SERVICE STATE: control1.gate.rtf;TEMP_Rcvr_Enclosure;CRITICAL;HARD;1;CRIT - CRITICAL - 329.7
[1522627200] CURRENT SERVICE STATE: control1.gate.rtf;TEMP_Rear_Wall;OK;HARD;1;OK - 21.2
[1522627200] CURRENT SERVICE STATE: control1.gate.rtf;TEMP_SCC;OK;HARD;1;OK - 27.3
[1522627200] CURRENT SERVICE STATE: control1.gate.rtf;TEMP_UPS_Container;OK;HARD;1;OK - 31.1
[1522627200] CURRENT SERVICE STATE: control1.gate.rtf;TEMP_Vert_LNA;CRITICAL;HARD;1;CRIT - CRITICAL - 331.2
[1522627200] CURRENT SERVICE STATE: control1.gate.rtf;TX_Cabinet_Air_Temperature_Fault;OK;HARD;1;OK - 0
[1522627200] CURRENT SERVICE STATE: control1.gate.rtf;TX_Cabinet_Airflow_Fault;OK;HARD;1;OK - 0
[1522627200] CURRENT SERVICE STATE: control1.gate.rtf;TX_Cabinet_Interlock_Fault;OK;HARD;1;OK - 0
[1522627200] CURRENT SERVICE STATE: control1.gate.rtf;TX_Charging_System_Fail_Fault;OK;HARD;1;OK - 0
[1522627200] CURRENT SERVICE STATE: control1.gate.rtf;TX_Circulator_Temperature_Fault;OK;HARD;1;OK - 0
[1522627200] CURRENT SERVICE STATE: control1.gate.rtf;TX_Filament_PS_Voltage_Fault;OK;HARD;1;OK - 0
[1522627200] CURRENT SERVICE STATE: control1.gate.rtf;TX_Filament_ps_Fault;OK;HARD;1;OK - 0
[1522627200] CURRENT SERVICE STATE: control1.gate.rtf;TX_Focus_Coil_Airflow_Fault;OK;HARD;1;OK - 0
[1522627200] CURRENT SERVICE STATE: control1.gate.rtf;TX_Focus_Coil_Current_Fault;OK;HARD;1;OK - 0
[1522627200] CURRENT SERVICE STATE: control1.gate.rtf;TX_Focus_Coil_PS_Voltage_Fault;OK;HARD;1;OK - 0
[1522627200] CURRENT SERVICE STATE: control1.gate.rtf;TX_Inverse_Diode_Current_HV_Fault;OK;HARD;1;OK - 0
[1522627200] CURRENT SERVICE STATE: control1.gate.rtf;TX_Klystron_Air_Temperature_Fault;OK;HARD;1;OK - 0
[1522627200] CURRENT SERVICE STATE: control1.gate.rtf;TX_Klystron_Airflow_Fault;OK;HARD;1;OK - 0
[1522627200] CURRENT SERVICE STATE: control1.gate.rtf;TX_Klystron_Current_Fault;OK;HARD;1;OK - 0
[1522627200] CURRENT SERVICE STATE: control1.gate.rtf;TX_Klystron_Filament_Current_Fault;OK;HARD;1;OK - 0
[1522627200] CURRENT SERVICE STATE: control1.gate.rtf;TX_Klystron_Vacuum_Pump_Current_Fault;OK;HARD;1;OK - 0
[1522627200] CURRENT SERVICE STATE: control1.gate.rtf;TX_Klystron_Warmup_Fault;OK;HARD;1;OK - 0
[1522627200] CURRENT SERVICE STATE: control1.gate.rtf;TX_M15_VDC_PS_Fault;OK;HARD;1;OK - 0
[1522627200] CURRENT SERVICE STATE: control1.gate.rtf;TX_Main_Power_Voltage_Fault;OK;HARD;1;OK - 0
[1522627200] CURRENT SERVICE STATE: control1.gate.rtf;TX_Maintenance_Required_Fault;OK;HARD;1;OK - 0
[1522627200] CURRENT SERVICE STATE: control1.gate.rtf;TX_Modulator_Inverse_Current_Fault;OK;HARD;1;OK - 0
[1522627200] CURRENT SERVICE STATE: control1.gate.rtf;TX_Modulator_Overload_Fault;OK;HARD;1;OK - 0
[1522627200] CURRENT SERVICE STATE: control1.gate.rtf;TX_Modulator_Switch_Fail_Fault;OK;HARD;1;OK - 0
[1522627200] CURRENT SERVICE STATE: control1.gate.rtf;TX_Modulator_Switch_Maintenance_Fault;OK;HARD;1;OK - 0
[1522627200] CURRENT SERVICE STATE: control1.gate.rtf;TX_P15_VDC_PS_Fault;OK;HARD;1;OK - 0
[1522627200] CURRENT SERVICE STATE: control1.gate.rtf;TX_P28_VDC_PS_Fault;OK;HARD;1;OK - 0
[1522627200] CURRENT SERVICE STATE: control1.gate.rtf;TX_P45_VDC_PS_Fault;OK;HARD;1;OK - 0
[1522627200] CURRENT SERVICE STATE: control1.gate.rtf;TX_P5_VDC_PS_Fault;OK;HARD;1;OK - 0
[1522627200] CURRENT SERVICE STATE: control1.gate.rtf;TX_PRF_Limit_Fault;OK;HARD;1;OK - 0
[1522627200] CURRENT SERVICE STATE: control1.gate.rtf;TX_Post_Charge_Regulator_Fault;OK;HARD;1;OK - 0
[1522627200] CURRENT SERVICE STATE: control1.gate.rtf;TX_Spectrum_Filter_Pressure_Fault;OK;HARD;1;OK - 0
[1522627200] CURRENT SERVICE STATE: control1.gate.rtf;TX_Transmitter_Avail_Fault;OK;HARD;1;OK - 0
[1522627200] CURRENT SERVICE STATE: control1.gate.rtf;TX_Transmitter_Battery_Charging_Fault;OK;HARD;1;OK - 0
[1522627200] CURRENT SERVICE STATE: control1.gate.rtf;TX_Transmitter_Oil_Level_Fault;OK;HARD;1;OK - 0
[1522627200] CURRENT SERVICE STATE: control1.gate.rtf;TX_Transmitter_Oil_Temperature_Fault;OK;HARD;1;OK - 0
[1522627200] CURRENT SERVICE STATE: control1.gate.rtf;TX_Transmitter_Overcurrent_Fault;OK;HARD;1;OK - 0
[1522627200] CURRENT SERVICE STATE: control1.gate.rtf;TX_Transmitter_Overvoltage_Fault;OK;HARD;1;OK - 0
[1522627200] CURRENT SERVICE STATE: control1.gate.rtf;TX_Transmitter_Spare_0_Fault;OK;HARD;1;OK - 0
[1522627200] CURRENT SERVICE STATE: control1.gate.rtf;TX_Transmitter_Spare_1_Fault;OK;HARD;1;OK - 0
[1522627200] CURRENT SERVICE STATE: control1.gate.rtf;TX_Trigger_Amplifier_Fault;OK;HARD;1;OK - 0
[1522627200] CURRENT SERVICE STATE: control1.gate.rtf;TX_Vacuum_Pump_PS_Voltage_Fault;OK;HARD;1;OK - 0
[1522627200] CURRENT SERVICE STATE: control1.gate.rtf;TX_W_G_PFN_Transfer_Interlock_Fault;OK;HARD;1;OK - 0
[1522627200] CURRENT SERVICE STATE: control1.gate.rtf;TX_Waveguide_Arc_VSWR_Fault;OK;HARD;1;OK - 0
[1522627200] CURRENT SERVICE STATE: control1.gate.rtf;TX_Waveguide_Pressure_Humidity_Fault;OK;HARD;1;OK - 0
[1522627200] CURRENT SERVICE STATE: control1.gate.rtf;TX_Waveguide_Switch_Position_Fault;OK;HARD;1;OK - 0
[1522627200] CURRENT SERVICE STATE: control1.gate.rtf;UPSB_Alarms;OK;HARD;1;OK - 0
[1522627200] CURRENT SERVICE STATE: control1.gate.rtf;UPSB_BatteryState;OK;HARD;1;OK - 0
[1522627200] CURRENT SERVICE STATE: control1.gate.rtf;UPSB_OutputState;OK;HARD;1;OK - 0
[1522627200] CURRENT SERVICE STATE: control1.gate.rtf;UPS_Alarms;OK;HARD;1;OK - OK
[1522627200] CURRENT SERVICE STATE: control1.gate.rtf;UPS_BatteryState;OK;HARD;1;OK - OK
[1522627200] CURRENT SERVICE STATE: control1.gate.rtf;UPS_BatteryVoltage;OK;HARD;1;OK - 328
[1522627200] CURRENT SERVICE STATE: control1.gate.rtf;UPS_OutputState;OK;HARD;1;OK - OK
[1522627200] CURRENT SERVICE STATE: control1.gate.rtf;Uptime;OK;HARD;1;OK - up since Thu Mar 29 17:11:53 2018 (3d 06:48:01)
[1522627200] CURRENT SERVICE STATE: control1.gate.rtf;WG_PressurePSI;CRITICAL;HARD;1;CRIT - CRITICAL - -0.80
[1522627200] CURRENT SERVICE STATE: control1.gate.rtf;WG_RH;CRITICAL;HARD;1;CRIT - CRITICAL - 16.41
[1522627200] CURRENT SERVICE STATE: control1.gate.rtf;WG_TempC;OK;HARD;1;OK - 21.06
[1522627200] CURRENT SERVICE STATE: control1.gate.rtf;WX_RH;UNKNOWN;HARD;1;UNKNOWN - Item not found in agent output
[1522627200] CURRENT SERVICE STATE: control1.gate.rtf;WX_hailIntensityHitsPerCm2;UNKNOWN;HARD;1;UNKNOWN - Item not found in agent output
[1522627200] CURRENT SERVICE STATE: control1.gate.rtf;WX_internalTempC;UNKNOWN;HARD;1;UNKNOWN - Item not found in agent output
[1522627200] CURRENT SERVICE STATE: control1.gate.rtf;WX_pressureHpa;UNKNOWN;HARD;1;UNKNOWN - Item not found in agent output
[1522627200] CURRENT SERVICE STATE: control1.gate.rtf;WX_rainRateMmPerHr;UNKNOWN;HARD;1;UNKNOWN - Item not found in agent output
[1522627200] CURRENT SERVICE STATE: control1.gate.rtf;WX_supplyVoltage;UNKNOWN;HARD;1;UNKNOWN - Item not found in agent output
[1522627200] CURRENT SERVICE STATE: control1.gate.rtf;WX_tempC;UNKNOWN;HARD;1;UNKNOWN - Item not found in agent output
[1522627200] CURRENT SERVICE STATE: control1.gate.rtf;WX_windDirnDeg;UNKNOWN;HARD;1;UNKNOWN - Item not found in agent output
[1522627200] CURRENT SERVICE STATE: control1.gate.rtf;WX_windSpeedMps;UNKNOWN;HARD;1;UNKNOWN - Item not found in agent output
[1522627200] CURRENT SERVICE STATE: control1.gate.rtf;XMIT_High_Voltage_Power;CRITICAL;HARD;1;CRIT - CRITICAL - 32770
[1522627200] CURRENT SERVICE STATE: control1.gate.rtf;XMIT_Panel_Power;CRITICAL;HARD;1;CRIT - CRITICAL - 32770
[1522627200] CURRENT SERVICE STATE: control2.gate.rtf;CPU load;OK;HARD;1;OK - 15 min load 0.05 at 16 Cores (0.00 per Core)
[1522627200] CURRENT SERVICE STATE: control2.gate.rtf;CPU utilization;OK;HARD;1;OK - user: 0.4%, system: 0.3%, wait: 0.0%, steal: 0.0%, guest: 0.0%, total: 0.7%
[1522627200] CURRENT SERVICE STATE: control2.gate.rtf;Check_MK;OK;HARD;1;OK - Agent version 1.2.8p18, execution time 0.2 sec
[1522627200] CURRENT SERVICE STATE: control2.gate.rtf;Check_MK Discovery;OK;HARD;1;OK - no unmonitored services found, no vanished services found
[1522627200] CURRENT SERVICE STATE: control2.gate.rtf;Disk IO SUMMARY;OK;HARD;1;OK - Utilization: 0.0%, Read: 0.00 B/s, Write: 76.80 kB/s, Average Wait: 0.02 ms, Average Read Wait: 0.00 ms, Average Write Wait: 0.02 ms, Latency: 0.02 ms
[1522627200] CURRENT SERVICE STATE: control2.gate.rtf;Filesystem /;OK;HARD;1;OK - 40.5% used (15.50 of 38.32 GB), trend: +69.30 MB / 24 hours
[1522627200] CURRENT SERVICE STATE: control2.gate.rtf;Filesystem /data;OK;HARD;1;OK - 5.3% used (380.08 GB of 6.96 TB), trend: +27.49 MB / 24 hours
[1522627200] CURRENT SERVICE STATE: control2.gate.rtf;Filesystem /home;OK;HARD;1;OK - 72.5% used (34.21 of 47.17 GB), trend: -1.27 B / 24 hours
[1522627200] CURRENT SERVICE STATE: control2.gate.rtf;Interface 2;OK;HARD;1;OK - [em1] (up) MAC: 78:2b:cb:0d:b1:3c, 1 Gbit/s, in: 7.50 kB/s(0.0%), out: 5.45 kB/s(0.0%)
[1522627200] CURRENT SERVICE STATE: control2.gate.rtf;Interface 3;OK;HARD;1;OK - [em2] (up) MAC: 78:2b:cb:0d:b1:3d, 1 Gbit/s, in: 64.36 B/s(0.0%), out: 0.00 B/s(0.0%)
[1522627200] CURRENT SERVICE STATE: control2.gate.rtf;Kernel Context Switches;OK;HARD;1;OK - 670/s
[1522627200] CURRENT SERVICE STATE: control2.gate.rtf;Kernel Major Page Faults;OK;HARD;1;OK - 0/s
[1522627200] CURRENT SERVICE STATE: control2.gate.rtf;Kernel Process Creations;OK;HARD;1;OK - 11/s
[1522627200] CURRENT SERVICE STATE: control2.gate.rtf;Logins;OK;HARD;1;OK - 2 logins on system (warn/crit at 20/30)
[1522627200] CURRENT SERVICE STATE: control2.gate.rtf;Memory;OK;HARD;1;OK - RAM used: 1.19 GB of 11.56 GB, Swap used: 0.00 B of 3.72 GB, Total virtual memory used: 1.19 GB of 15.29 GB (7.8%),
[1522627200] CURRENT SERVICE STATE: control2.gate.rtf;Mount options of /;OK;HARD;1;OK - mount options exactly as expected
[1522627200] CURRENT SERVICE STATE: control2.gate.rtf;Mount options of /data;OK;HARD;1;OK - mount options exactly as expected
[1522627200] CURRENT SERVICE STATE: control2.gate.rtf;Mount options of /home;OK;HARD;1;OK - mount options exactly as expected
[1522627200] CURRENT SERVICE STATE: control2.gate.rtf;NTP Time;OK;HARD;1;OK - stratum 2, offset 0.0232 ms, reference: 192.168.4.248 (ntp.gate.rtf)
[1522627200] CURRENT SERVICE STATE: control2.gate.rtf;Number of threads;OK;HARD;1;OK - 534 threads
[1522627200] CURRENT SERVICE STATE: control2.gate.rtf;OMD prod apache;OK;HARD;1;OK - 0.02 Requests/s, 0.00 Seconds serving/s, 0.05 B Sent/s
[1522627200] CURRENT SERVICE STATE: control2.gate.rtf;OMD prod performance;CRITICAL;HARD;1;CRIT - Host Checks: 0.1/s, Service Checks: 3.8/s, Process Creations: 0.4/s, Livestatus Connects: 0.1/s, Livestatus Requests: 0.2/s, Log Messages: 0.0/s, 6 Hosts, 232 Services, Core version: 3.5.0, Livestatus version: 1.2.8p15, Notifications are disabled(!!)
[1522627200] CURRENT SERVICE STATE: control2.gate.rtf;OMD prod status;OK;HARD;1;OK - running
[1522627200] CURRENT SERVICE STATE: control2.gate.rtf;Postfix Queue;OK;HARD;1;OK - deferred queue length is 0, active queue length is 0
[1522627200] CURRENT SERVICE STATE: control2.gate.rtf;TCP Connections;OK;HARD;1;OK - ESTABLISHED: 15, SYN_SENT: 1, TIME_WAIT: 28, FIN_WAIT1: 3, LISTEN: 41
[1522627200] CURRENT SERVICE STATE: control2.gate.rtf;Uptime;OK;HARD;1;OK - up since Thu Mar 29 17:12:06 2018 (3d 06:47:12)
[1522627200] CURRENT SERVICE STATE: mgen1.gate.rtf;AntennaStatus;CRITICAL;HARD;1;CRIT - CRITICAL Antenna stopped for 4395 seconds
[1522627200] CURRENT SERVICE STATE: mgen1.gate.rtf;CPU load;OK;HARD;1;OK - 15 min load 1.37 at 16 Cores (0.09 per Core)
[1522627200] CURRENT SERVICE STATE: mgen1.gate.rtf;CPU utilization;OK;HARD;1;OK - user: 10.8%, system: 0.9%, wait: 0.0%, steal: 0.0%, guest: 0.0%, total: 11.7%
[1522627200] CURRENT SERVICE STATE: mgen1.gate.rtf;Check_MK;OK;HARD;1;OK - Agent version 1.2.8p26, execution time 0.5 sec
[1522627200] CURRENT SERVICE STATE: mgen1.gate.rtf;Check_MK Discovery;WARNING;HARD;1;WARN - 2 unmonitored services (local:2)(!), no vanished services found
[1522627200] CURRENT SERVICE STATE: mgen1.gate.rtf;Disk IO SUMMARY;OK;HARD;1;OK - Utilization: 0.1%, Read: 4.73 kB/s, Write: 27.67 kB/s, Average Wait: 0.49 ms, Average Read Wait: 2.04 ms, Average Write Wait: 0.01 ms, Latency: 0.48 ms
[1522627200] CURRENT SERVICE STATE: mgen1.gate.rtf;Filesystem /;OK;HARD;1;OK - 17.3% used (16.57 of 96.00 GB), trend: +1.54 MB / 24 hours
[1522627200] CURRENT SERVICE STATE: mgen1.gate.rtf;Filesystem /data;OK;HARD;1;OK - 75.2% used (1.33 of 1.77 TB), trend: +83.92 MB / 24 hours
[1522627200] CURRENT SERVICE STATE: mgen1.gate.rtf;Filesystem /home;OK;HARD;1;OK - 9.9% used (9.53 of 96.00 GB), trend: 0.00 B / 24 hours
[1522627200] CURRENT SERVICE STATE: mgen1.gate.rtf;HD_/tmp/fmq/SpolMonCtrl;CRITICAL;HARD;1;CRIT - missing
[1522627200] CURRENT SERVICE STATE: mgen1.gate.rtf;HD_/tmp/fmq/angles/shmem_30000;CRITICAL;HARD;1;CRIT - missing
[1522627200] CURRENT SERVICE STATE: mgen1.gate.rtf;HD_/tmp/fmq/moments/sband/shmem_20000;OK;HARD;1;OK - OK
[1522627200] CURRENT SERVICE STATE: mgen1.gate.rtf;HD_/tmp/fmq/syscon;CRITICAL;HARD;1;CRIT - missing
[1522627200] CURRENT SERVICE STATE: mgen1.gate.rtf;HD_/tmp/fmq/ts/sband/shmem_10000;OK;HARD;1;OK - OK
[1522627200] CURRENT SERVICE STATE: mgen1.gate.rtf;HP_DataMapper_primary;OK;HARD;1;OK - OK
[1522627200] CURRENT SERVICE STATE: mgen1.gate.rtf;HP_DsFileDist_suncal;OK;HARD;1;OK - OK
[1522627200] CURRENT SERVICE STATE: mgen1.gate.rtf;HP_DsFileDist_time_series;OK;HARD;1;OK - OK
[1522627200] CURRENT SERVICE STATE: mgen1.gate.rtf;HP_DsServerMgr_primary;OK;HARD;1;OK - OK
[1522627200] CURRENT SERVICE STATE: mgen1.gate.rtf;HP_Fmq2Fmq_moments.sband;OK;HARD;1;OK - OK
[1522627200] CURRENT SERVICE STATE: mgen1.gate.rtf;HP_Fmq2Fmq_moments.sband2;OK;HARD;1;OK - OK
[1522627200] CURRENT SERVICE STATE: mgen1.gate.rtf;HP_Fmq2Fmq_ts.sband;OK;HARD;1;OK - OK
[1522627200] CURRENT SERVICE STATE: mgen1.gate.rtf;HP_Fmq2Fmq_ts.sband2;OK;HARD;1;OK - OK
[1522627200] CURRENT SERVICE STATE: mgen1.gate.rtf;HP_Iq2Dsr_sband;OK;HARD;1;OK - OK
[1522627200] CURRENT SERVICE STATE: mgen1.gate.rtf;HP_Janitor_logs;OK;HARD;1;OK - OK
[1522627200] CURRENT SERVICE STATE: mgen1.gate.rtf;HP_Janitor_time_series;OK;HARD;1;OK - OK
[1522627200] CURRENT SERVICE STATE: mgen1.gate.rtf;HP_RadMon_log.sband;OK;HARD;1;OK - OK
[1522627200] CURRENT SERVICE STATE: mgen1.gate.rtf;HP_Scout_primary;OK;HARD;1;OK - OK
[1522627200] CURRENT SERVICE STATE: mgen1.gate.rtf;HP_SpolSysconRelay_sband;OK;HARD;1;OK - OK
[1522627200] CURRENT SERVICE STATE: mgen1.gate.rtf;HP_SpolTs2Fmq_sband;OK;HARD;1;OK - OK
[1522627200] CURRENT SERVICE STATE: mgen1.gate.rtf;HP_SpolTsMonitor_sband;OK;HARD;1;OK - OK
[1522627200] CURRENT SERVICE STATE: mgen1.gate.rtf;HP_SunCal_sband;OK;HARD;1;OK - OK
[1522627200] CURRENT SERVICE STATE: mgen1.gate.rtf;HP_TsTcp2Fmq_rvp8;OK;HARD;1;OK - OK
[1522627200] CURRENT SERVICE STATE: mgen1.gate.rtf;HawkSummary_Data;CRITICAL;HARD;1;CRIT - Services ok/prob: 2/3
[1522627200] CURRENT SERVICE STATE: mgen1.gate.rtf;HawkSummary_Processes;OK;HARD;1;OK - Services ok/prob: 20/0
[1522627200] CURRENT SERVICE STATE: mgen1.gate.rtf;IPMI Sensor Fan_Fan1;OK;HARD;1;OK - Current value 2400.0 RPM, critical below 600.0 RPM
[1522627200] CURRENT SERVICE STATE: mgen1.gate.rtf;IPMI Sensor Fan_Fan2;OK;HARD;1;OK - Current value 2400.0 RPM, critical below 600.0 RPM
[1522627200] CURRENT SERVICE STATE: mgen1.gate.rtf;IPMI Sensor Fan_Fan3;OK;HARD;1;OK - Current value 2280.0 RPM, critical below 600.0 RPM
[1522627200] CURRENT SERVICE STATE: mgen1.gate.rtf;IPMI Sensor Fan_Fan4;OK;HARD;1;OK - Current value 2280.0 RPM, critical below 600.0 RPM
[1522627200] CURRENT SERVICE STATE: mgen1.gate.rtf;IPMI Sensor Fan_Fan5;OK;HARD;1;OK - Current value 2400.0 RPM, critical below 600.0 RPM
[1522627200] CURRENT SERVICE STATE: mgen1.gate.rtf;IPMI Sensor Fan_Fan6;OK;HARD;1;OK - Current value 2280.0 RPM, critical below 600.0 RPM
[1522627200] CURRENT SERVICE STATE: mgen1.gate.rtf;IPMI Sensor Fan_Fan_Redundancy;OK;HARD;1;OK - Sensor status is Fully_Redundant
[1522627200] CURRENT SERVICE STATE: mgen1.gate.rtf;IPMI Sensor Temperature_Exhaust_Temp;OK;HARD;1;OK - Current value 29.0 C, valid range is 3.0 C ... 75.0 C
[1522627200] CURRENT SERVICE STATE: mgen1.gate.rtf;IPMI Sensor Temperature_Inlet_Temp;OK;HARD;1;OK - Current value 19.0 C, valid range is -7.0 C ... 47.0 C
[1522627200] CURRENT SERVICE STATE: mgen1.gate.rtf;IPMI Sensor Temperature_Temp;OK;HARD;1;OK - Current value 44.0 C
[1522627200] CURRENT SERVICE STATE: mgen1.gate.rtf;Interface 2;OK;HARD;1;OK - [em1] (up) MAC: d4:ae:52:b2:cb:ad, 1 Gbit/s, in: 23.77 MB/s(19.9%), out: 26.66 MB/s(22.4%)
[1522627200] CURRENT SERVICE STATE: mgen1.gate.rtf;Kernel Context Switches;OK;HARD;1;OK - 14929/s
[1522627200] CURRENT SERVICE STATE: mgen1.gate.rtf;Kernel Major Page Faults;OK;HARD;1;OK - 0/s
[1522627200] CURRENT SERVICE STATE: mgen1.gate.rtf;Kernel Process Creations;OK;HARD;1;OK - 9/s
[1522627200] CURRENT SERVICE STATE: mgen1.gate.rtf;Logins;OK;HARD;1;OK - 0 logins on system (warn/crit at 20/30)
[1522627200] CURRENT SERVICE STATE: mgen1.gate.rtf;Memory;OK;HARD;1;OK - RAM used: 2.18 GB of 62.71 GB, Swap used: 0.00 B of 31.25 GB, Total virtual memory used: 2.18 GB of 93.96 GB (2.3%),
[1522627200] CURRENT SERVICE STATE: mgen1.gate.rtf;Mount options of /;OK;HARD;1;OK - mount options exactly as expected
[1522627200] CURRENT SERVICE STATE: mgen1.gate.rtf;Mount options of /data;OK;HARD;1;OK - mount options exactly as expected
[1522627200] CURRENT SERVICE STATE: mgen1.gate.rtf;Mount options of /home;OK;HARD;1;OK - mount options exactly as expected
[1522627200] CURRENT SERVICE STATE: mgen1.gate.rtf;NTP Time;OK;HARD;1;OK - stratum 2, offset 0.0213 ms, reference: C0A804F8 (192.168.4.248)
[1522627200] CURRENT SERVICE STATE: mgen1.gate.rtf;Number of threads;OK;HARD;1;OK - 322 threads
[1522627200] CURRENT SERVICE STATE: mgen1.gate.rtf;Postfix Queue;OK;HARD;1;OK - deferred queue length is 0, active queue length is 0
[1522627200] CURRENT SERVICE STATE: mgen1.gate.rtf;SBandAntennaMovement_stationaryPeriod;CRITICAL;HARD;1;WARN - stationaryPeriod = 191066 sec
[1522627200] CURRENT SERVICE STATE: mgen1.gate.rtf;TCP Connections;OK;HARD;1;OK - ESTABLISHED: 12, SYN_SENT: 1, CLOSE_WAIT: 1, TIME_WAIT: 82, FIN_WAIT2: 1, LISTEN: 22
[1522627200] CURRENT SERVICE STATE: mgen1.gate.rtf;Uptime;OK;HARD;1;OK - up since Thu Mar 29 17:11:04 2018 (3d 06:48:40)
[1522627200] CURRENT SERVICE STATE: mgen2.gate.rtf;CPU load;OK;HARD;1;OK - 15 min load 0.05 at 16 Cores (0.00 per Core)
[1522627200] CURRENT SERVICE STATE: mgen2.gate.rtf;CPU utilization;OK;HARD;1;OK - user: 0.1%, system: 0.3%, wait: 0.0%, steal: 0.0%, guest: 0.0%, total: 0.4%
[1522627200] CURRENT SERVICE STATE: mgen2.gate.rtf;Check_MK;OK;HARD;1;OK - Agent version 1.2.8p26, execution time 0.3 sec
[1522627200] CURRENT SERVICE STATE: mgen2.gate.rtf;Check_MK Discovery;OK;HARD;1;OK - no unmonitored services found, no vanished services found
[1522627200] CURRENT SERVICE STATE: mgen2.gate.rtf;Disk IO SUMMARY;OK;HARD;1;OK - Utilization: 0.0%, Read: 3.33 kB/s, Write: 16.07 kB/s, Average Wait: 0.03 ms, Average Read Wait: 0.02 ms, Average Write Wait: 0.01 ms, Latency: 0.03 ms
[1522627200] CURRENT SERVICE STATE: mgen2.gate.rtf;Filesystem /;OK;HARD;1;OK - 15.2% used (14.58 of 96.00 GB), trend: -625.66 kB / 24 hours
[1522627200] CURRENT SERVICE STATE: mgen2.gate.rtf;Filesystem /data;OK;HARD;1;OK - 53.7% used (973.67 GB of 1.77 TB), trend: +11.07 MB / 24 hours
[1522627200] CURRENT SERVICE STATE: mgen2.gate.rtf;Filesystem /home;OK;HARD;1;OK - 11.7% used (11.19 of 96.00 GB), trend: 0.00 B / 24 hours
[1522627200] CURRENT SERVICE STATE: mgen2.gate.rtf;IPMI Sensor Fan_Fan1;OK;HARD;1;OK - Current value 2280.0 RPM, critical below 600.0 RPM
[1522627200] CURRENT SERVICE STATE: mgen2.gate.rtf;IPMI Sensor Fan_Fan2;OK;HARD;1;OK - Current value 2280.0 RPM, critical below 600.0 RPM
[1522627200] CURRENT SERVICE STATE: mgen2.gate.rtf;IPMI Sensor Fan_Fan3;OK;HARD;1;OK - Current value 2280.0 RPM, critical below 600.0 RPM
[1522627200] CURRENT SERVICE STATE: mgen2.gate.rtf;IPMI Sensor Fan_Fan4;OK;HARD;1;OK - Current value 2280.0 RPM, critical below 600.0 RPM
[1522627200] CURRENT SERVICE STATE: mgen2.gate.rtf;IPMI Sensor Fan_Fan5;OK;HARD;1;OK - Current value 2040.0 RPM, critical below 600.0 RPM
[1522627200] CURRENT SERVICE STATE: mgen2.gate.rtf;IPMI Sensor Fan_Fan6;OK;HARD;1;OK - Current value 2280.0 RPM, critical below 600.0 RPM
[1522627200] CURRENT SERVICE STATE: mgen2.gate.rtf;IPMI Sensor Fan_Fan_Redundancy;OK;HARD;1;OK - Sensor status is Fully_Redundant
[1522627200] CURRENT SERVICE STATE: mgen2.gate.rtf;IPMI Sensor Temperature_Exhaust_Temp;OK;HARD;1;OK - Current value 27.0 C, valid range is 3.0 C ... 75.0 C
[1522627200] CURRENT SERVICE STATE: mgen2.gate.rtf;IPMI Sensor Temperature_Inlet_Temp;OK;HARD;1;OK - Current value 18.0 C, valid range is -7.0 C ... 47.0 C
[1522627200] CURRENT SERVICE STATE: mgen2.gate.rtf;IPMI Sensor Temperature_Temp;OK;HARD;1;OK - Current value 38.0 C
[1522627200] CURRENT SERVICE STATE: mgen2.gate.rtf;Interface 2;OK;HARD;1;OK - [em1] (up) MAC: d4:ae:52:b6:1b:40, 1 Gbit/s, in: 179.75 kB/s(0.1%), out: 131.64 kB/s(0.1%)
[1522627200] CURRENT SERVICE STATE: mgen2.gate.rtf;Kernel Context Switches;OK;HARD;1;OK - 8116/s
[1522627200] CURRENT SERVICE STATE: mgen2.gate.rtf;Kernel Major Page Faults;OK;HARD;1;OK - 0/s
[1522627200] CURRENT SERVICE STATE: mgen2.gate.rtf;Kernel Process Creations;OK;HARD;1;OK - 7/s
[1522627200] CURRENT SERVICE STATE: mgen2.gate.rtf;Logins;OK;HARD;1;OK - 0 logins on system (warn/crit at 20/30)
[1522627200] CURRENT SERVICE STATE: mgen2.gate.rtf;Memory;OK;HARD;1;OK - RAM used: 598.84 MB of 62.71 GB, Swap used: 0.00 B of 7.81 GB, Total virtual memory used: 598.84 MB of 70.52 GB (0.8%),
[1522627200] CURRENT SERVICE STATE: mgen2.gate.rtf;Mount options of /;OK;HARD;1;OK - mount options exactly as expected
[1522627200] CURRENT SERVICE STATE: mgen2.gate.rtf;Mount options of /data;OK;HARD;1;OK - mount options exactly as expected
[1522627200] CURRENT SERVICE STATE: mgen2.gate.rtf;Mount options of /home;OK;HARD;1;OK - mount options exactly as expected
[1522627200] CURRENT SERVICE STATE: mgen2.gate.rtf;NTP Time;OK;HARD;1;OK - stratum 2, offset 0.0000 ms, reference: C0A804F8 (192.168.4.248)
[1522627200] CURRENT SERVICE STATE: mgen2.gate.rtf;Number of threads;OK;HARD;1;OK - 279 threads
[1522627200] CURRENT SERVICE STATE: mgen2.gate.rtf;Postfix Queue;OK;HARD;1;OK - deferred queue length is 0, active queue length is 0
[1522627200] CURRENT SERVICE STATE: mgen2.gate.rtf;TCP Connections;OK;HARD;1;OK - ESTABLISHED: 2, SYN_SENT: 1, TIME_WAIT: 33, LISTEN: 19
[1522627200] CURRENT SERVICE STATE: mgen2.gate.rtf;Uptime;OK;HARD;1;OK - up since Thu Mar 29 17:11:16 2018 (3d 06:47:57)
[1522627200] CURRENT SERVICE STATE: pgen1.gate.rtf;CPU load;OK;HARD;1;OK - 15 min load 0.17 at 24 Cores (0.01 per Core)
[1522627200] CURRENT SERVICE STATE: pgen1.gate.rtf;CPU utilization;OK;HARD;1;OK - user: 0.7%, system: 0.2%, wait: 0.0%, steal: 0.0%, guest: 0.0%, total: 1.0%
[1522627200] CURRENT SERVICE STATE: pgen1.gate.rtf;Check_MK;OK;HARD;1;OK - Agent version 1.2.8p18, execution time 0.6 sec
[1522627200] CURRENT SERVICE STATE: pgen1.gate.rtf;Check_MK Discovery;WARNING;HARD;1;WARN - 3 unmonitored services (local:3)(!), no vanished services found
[1522627200] CURRENT SERVICE STATE: pgen1.gate.rtf;Disk IO SUMMARY;OK;HARD;1;OK - Utilization: 0.0%, Read: 0.00 B/s, Write: 12.07 kB/s, Average Wait: 0.04 ms, Average Read Wait: 0.00 ms, Average Write Wait: 0.04 ms, Latency: 0.04 ms
[1522627200] CURRENT SERVICE STATE: pgen1.gate.rtf;Filesystem /;OK;HARD;1;OK - 16.7% used (16.01 of 96.00 GB), trend: +855.48 kB / 24 hours
[1522627200] CURRENT SERVICE STATE: pgen1.gate.rtf;Filesystem /home;OK;HARD;1;OK - 16.6% used (15.93 of 96.00 GB), trend: 0.00 B / 24 hours
[1522627200] CURRENT SERVICE STATE: pgen1.gate.rtf;Filesystem /mnt/data;OK;HARD;1;OK - 70.2% used (19.16 of 27.28 TB), trend: +28.91 GB / 24 hours
[1522627200] CURRENT SERVICE STATE: pgen1.gate.rtf;HD_cfradial/moments/sband;CRITICAL;HARD;1;CRIT - missing
[1522627200] CURRENT SERVICE STATE: pgen1.gate.rtf;HD_fmq/moments/sband/shmem_20000;OK;HARD;1;OK - OK
[1522627200] CURRENT SERVICE STATE: pgen1.gate.rtf;HD_spdb/monitor/sband;OK;HARD;1;OK - OK
[1522627200] CURRENT SERVICE STATE: pgen1.gate.rtf;HD_spdb/rhi/sband;CRITICAL;HARD;1;CRIT - missing
[1522627200] CURRENT SERVICE STATE: pgen1.gate.rtf;HP_DataMapper_primary;OK;HARD;1;OK - OK
[1522627200] CURRENT SERVICE STATE: pgen1.gate.rtf;HP_DsFileDist_front;OK;HARD;1;OK - OK
[1522627200] CURRENT SERVICE STATE: pgen1.gate.rtf;HP_DsFmqServer_manager;OK;HARD;1;OK - OK
[1522627200] CURRENT SERVICE STATE: pgen1.gate.rtf;HP_DsServerMgr_primary;OK;HARD;1;OK - OK
[1522627200] CURRENT SERVICE STATE: pgen1.gate.rtf;HP_Dsr2Radx_covar.sband;OK;HARD;1;OK - OK
[1522627200] CURRENT SERVICE STATE: pgen1.gate.rtf;HP_Dsr2Radx_moments.sband;OK;HARD;1;OK - OK
[1522627200] CURRENT SERVICE STATE: pgen1.gate.rtf;HP_Dsr2Radx_sunscan.sband;OK;HARD;1;OK - OK
[1522627200] CURRENT SERVICE STATE: pgen1.gate.rtf;HP_RadxPartRain_sband.rhi;OK;HARD;1;OK - OK
[1522627200] CURRENT SERVICE STATE: pgen1.gate.rtf;HP_RadxPartRain_sband.sur;OK;HARD;1;OK - OK
[1522627200] CURRENT SERVICE STATE: pgen1.gate.rtf;HP_Rhi2Spdb_sband;OK;HARD;1;OK - OK
[1522627200] CURRENT SERVICE STATE: pgen1.gate.rtf;HP_Scout_primary;OK;HARD;1;OK - OK
[1522627200] CURRENT SERVICE STATE: pgen1.gate.rtf;HP_TsSmartSave_sband;OK;HARD;1;OK - OK
[1522627200] CURRENT SERVICE STATE: pgen1.gate.rtf;HawkSummary_Data;CRITICAL;HARD;1;CRIT - Services ok/prob: 2/2
[1522627200] CURRENT SERVICE STATE: pgen1.gate.rtf;HawkSummary_Processes;OK;HARD;1;OK - Services ok/prob: 15/0
[1522627200] CURRENT SERVICE STATE: pgen1.gate.rtf;Interface 2;OK;HARD;1;OK - [em1] (up) MAC: d4:ae:52:b5:be:0b, 1 Gbit/s, in: 13.15 MB/s(11.0%), out: 130.68 kB/s(0.1%)
[1522627200] CURRENT SERVICE STATE: pgen1.gate.rtf;Kernel Context Switches;OK;HARD;1;OK - 5368/s
[1522627200] CURRENT SERVICE STATE: pgen1.gate.rtf;Kernel Major Page Faults;OK;HARD;1;OK - 0/s
[1522627200] CURRENT SERVICE STATE: pgen1.gate.rtf;Kernel Process Creations;OK;HARD;1;OK - 7/s
[1522627200] CURRENT SERVICE STATE: pgen1.gate.rtf;Logins;OK;HARD;1;OK - 1 logins on system (warn/crit at 20/30)
[1522627200] CURRENT SERVICE STATE: pgen1.gate.rtf;Memory;OK;HARD;1;OK - RAM used: 2.32 GB of 62.71 GB, Swap used: 35.54 MB of 7.81 GB, Total virtual memory used: 2.35 GB of 70.53 GB (3.3%),
[1522627200] CURRENT SERVICE STATE: pgen1.gate.rtf;Mount options of /;OK;HARD;1;OK - mount options exactly as expected
[1522627200] CURRENT SERVICE STATE: pgen1.gate.rtf;Mount options of /home;OK;HARD;1;OK - mount options exactly as expected
[1522627200] CURRENT SERVICE STATE: pgen1.gate.rtf;Mount options of /mnt/data;OK;HARD;1;OK - mount options exactly as expected
[1522627200] CURRENT SERVICE STATE: pgen1.gate.rtf;NTP Time;OK;HARD;1;OK - stratum 2, offset 0.0238 ms, reference: 192.168.4.248 (ntp.gate.rtf)
[1522627200] CURRENT SERVICE STATE: pgen1.gate.rtf;Number of threads;OK;HARD;1;OK - 349 threads
[1522627200] CURRENT SERVICE STATE: pgen1.gate.rtf;Postfix Queue;OK;HARD;1;OK - deferred queue length is 0, active queue length is 0
[1522627200] CURRENT SERVICE STATE: pgen1.gate.rtf;TCP Connections;OK;HARD;1;OK - ESTABLISHED: 5, CLOSE_WAIT: 1, TIME_WAIT: 53, FIN_WAIT2: 1, LISTEN: 26
[1522627200] CURRENT SERVICE STATE: pgen1.gate.rtf;Uptime;OK;HARD;1;OK - up since Thu Mar 29 17:11:11 2018 (3d 06:48:23)
[1522627200] CURRENT SERVICE STATE: pgen2.gate.rtf;CPU load;OK;HARD;1;OK - 15 min load 0.18 at 24 Cores (0.01 per Core)
[1522627200] CURRENT SERVICE STATE: pgen2.gate.rtf;CPU utilization;OK;HARD;1;OK - user: 0.6%, system: 0.2%, wait: 0.0%, steal: 0.0%, guest: 0.0%, total: 0.9%
[1522627200] CURRENT SERVICE STATE: pgen2.gate.rtf;Check_MK;OK;HARD;1;OK - Agent version 1.2.8p18, execution time 0.6 sec
[1522627200] CURRENT SERVICE STATE: pgen2.gate.rtf;Check_MK Discovery;WARNING;HARD;1;WARN - 2 unmonitored services (lnx_if:1, local:1)(!), no vanished services found
[1522627200] CURRENT SERVICE STATE: pgen2.gate.rtf;Disk IO SUMMARY;OK;HARD;1;OK - Utilization: 0.0%, Read: 0.00 B/s, Write: 13.03 kB/s, Average Wait: 0.00 ms, Average Read Wait: 0.00 ms, Average Write Wait: 0.00 ms, Latency: 0.00 ms
[1522627200] CURRENT SERVICE STATE: pgen2.gate.rtf;Filesystem /;OK;HARD;1;OK - 16.1% used (15.46 of 96.00 GB), trend: -4.92 MB / 24 hours
[1522627200] CURRENT SERVICE STATE: pgen2.gate.rtf;Filesystem /home;OK;HARD;1;OK - 11.7% used (11.21 of 96.00 GB), trend: 0.00 B / 24 hours
[1522627200] CURRENT SERVICE STATE: pgen2.gate.rtf;Filesystem /mnt/data;OK;HARD;1;OK - 77.5% used (21.15 of 27.28 TB), trend: +49.85 MB / 24 hours
[1522627200] CURRENT SERVICE STATE: pgen2.gate.rtf;HD_cfradial/moments/sband;CRITICAL;HARD;1;CRIT - missing
[1522627200] CURRENT SERVICE STATE: pgen2.gate.rtf;HD_fmq/moments/sband/shmem_20000;OK;HARD;1;OK - OK
[1522627200] CURRENT SERVICE STATE: pgen2.gate.rtf;HD_spdb/monitor/sband;OK;HARD;1;OK - OK
[1522627200] CURRENT SERVICE STATE: pgen2.gate.rtf;HD_spdb/rhi/sband;CRITICAL;HARD;1;CRIT - missing
[1522627200] CURRENT SERVICE STATE: pgen2.gate.rtf;HP_DataMapper_primary;OK;HARD;1;OK - OK
[1522627200] CURRENT SERVICE STATE: pgen2.gate.rtf;HP_DsFileDist_front;OK;HARD;1;OK - OK
[1522627200] CURRENT SERVICE STATE: pgen2.gate.rtf;HP_DsFmqServer_manager;OK;HARD;1;OK - OK
[1522627200] CURRENT SERVICE STATE: pgen2.gate.rtf;HP_DsServerMgr_primary;OK;HARD;1;OK - OK
[1522627200] CURRENT SERVICE STATE: pgen2.gate.rtf;HP_Dsr2Radx_covar.sband;OK;HARD;1;OK - OK
[1522627200] CURRENT SERVICE STATE: pgen2.gate.rtf;HP_Dsr2Radx_moments.sband;OK;HARD;1;OK - OK
[1522627200] CURRENT SERVICE STATE: pgen2.gate.rtf;HP_Dsr2Radx_sunscan.sband;OK;HARD;1;OK - OK
[1522627200] CURRENT SERVICE STATE: pgen2.gate.rtf;HP_RadxPartRain_sband.rhi;OK;HARD;1;OK - OK
[1522627200] CURRENT SERVICE STATE: pgen2.gate.rtf;HP_RadxPartRain_sband.sur;OK;HARD;1;OK - OK
[1522627200] CURRENT SERVICE STATE: pgen2.gate.rtf;HP_Rhi2Spdb_sband;OK;HARD;1;OK - OK
[1522627200] CURRENT SERVICE STATE: pgen2.gate.rtf;HP_Scout_primary;OK;HARD;1;OK - OK
[1522627200] CURRENT SERVICE STATE: pgen2.gate.rtf;HP_TsSmartSave_sband;OK;HARD;1;OK - OK
[1522627200] CURRENT SERVICE STATE: pgen2.gate.rtf;HawkSummary_Data;CRITICAL;HARD;1;CRIT - Services ok/prob: 2/2
[1522627200] CURRENT SERVICE STATE: pgen2.gate.rtf;HawkSummary_Processes;OK;HARD;1;OK - Services ok/prob: 13/0
[1522627200] CURRENT SERVICE STATE: pgen2.gate.rtf;Interface 2;OK;HARD;1;OK - [em1] (up) MAC: d4:ae:52:b5:b0:cc, 1 Gbit/s, in: 13.17 MB/s(11.1%), out: 130.57 kB/s(0.1%)
[1522627200] CURRENT SERVICE STATE: pgen2.gate.rtf;Kernel Context Switches;OK;HARD;1;OK - 5786/s
[1522627200] CURRENT SERVICE STATE: pgen2.gate.rtf;Kernel Major Page Faults;OK;HARD;1;OK - 0/s
[1522627200] CURRENT SERVICE STATE: pgen2.gate.rtf;Kernel Process Creations;OK;HARD;1;OK - 7/s
[1522627200] CURRENT SERVICE STATE: pgen2.gate.rtf;Logins;OK;HARD;1;OK - 0 logins on system (warn/crit at 20/30)
[1522627200] CURRENT SERVICE STATE: pgen2.gate.rtf;Memory;OK;HARD;1;OK - RAM used: 2.29 GB of 62.71 GB, Swap used: 0.00 B of 7.81 GB, Total virtual memory used: 2.29 GB of 70.53 GB (3.2%),
[1522627200] CURRENT SERVICE STATE: pgen2.gate.rtf;Mount options of /;OK;HARD;1;OK - mount options exactly as expected
[1522627200] CURRENT SERVICE STATE: pgen2.gate.rtf;Mount options of /home;OK;HARD;1;OK - mount options exactly as expected
[1522627200] CURRENT SERVICE STATE: pgen2.gate.rtf;Mount options of /mnt/data;OK;HARD;1;OK - mount options exactly as expected
[1522627200] CURRENT SERVICE STATE: pgen2.gate.rtf;NTP Time;OK;HARD;1;OK - stratum 2, offset 0.0207 ms, reference: 192.168.4.248 (ntp.gate.rtf)
[1522627200] CURRENT SERVICE STATE: pgen2.gate.rtf;Number of threads;OK;HARD;1;OK - 339 threads
[1522627200] CURRENT SERVICE STATE: pgen2.gate.rtf;Postfix Queue;OK;HARD;1;OK - deferred queue length is 0, active queue length is 0
[1522627200] CURRENT SERVICE STATE: pgen2.gate.rtf;TCP Connections;OK;HARD;1;OK - ESTABLISHED: 4, CLOSE_WAIT: 1, TIME_WAIT: 79, FIN_WAIT2: 1, LISTEN: 20
[1522627200] CURRENT SERVICE STATE: pgen2.gate.rtf;Uptime;OK;HARD;1;OK - up since Thu Mar 29 17:11:33 2018 (3d 06:47:26)
[1522627200] TIMEPERIOD TRANSITION: 24X7;1;1
[1522627944] Auto-save of retention data completed successfully.
[1522631544] Auto-save of retention data completed successfully.
[1522635144] Auto-save of retention data completed successfully.
[1522638744] Auto-save of retention data completed successfully.
[1522642344] Auto-save of retention data completed successfully.
[1522645944] Auto-save of retention data completed successfully.
[1522649544] Auto-save of retention data completed successfully.
[1522653144] Auto-save of retention data completed successfully.
[1522656744] Auto-save of retention data completed successfully.
[1522660344] Auto-save of retention data completed successfully.
[1522663944] Auto-save of retention data completed successfully.
[1522667544] Auto-save of retention data completed successfully.
[1522671144] Auto-save of retention data completed successfully.
[1522674744] Auto-save of retention data completed successfully.
[1522678344] Auto-save of retention data completed successfully.
[1522681944] Auto-save of retention data completed successfully.
[1522685544] Auto-save of retention data completed successfully.
[1522689144] Auto-save of retention data completed successfully.
[1522691325] SERVICE ALERT: mgen1.gate.rtf;SBandAntennaMovement_stationaryPeriod;WARNING;HARD;1;WARN - CRITICAL - stationaryPeriod = 58 sec
[1522691325] SERVICE NOTIFICATION: check-mk-notify;mgen1.gate.rtf;SBandAntennaMovement_stationaryPeriod;WARNING;check-mk-notify;WARN - CRITICAL - stationaryPeriod = 58 sec
[1522691385] SERVICE ALERT: mgen1.gate.rtf;SBandAntennaMovement_stationaryPeriod;CRITICAL;HARD;1;WARN - stationaryPeriod = 122 sec
[1522691385] SERVICE NOTIFICATION: check-mk-notify;mgen1.gate.rtf;SBandAntennaMovement_stationaryPeriod;CRITICAL;check-mk-notify;WARN - stationaryPeriod = 122 sec
[1522692744] Auto-save of retention data completed successfully.
[1522695465] SERVICE ALERT: mgen1.gate.rtf;SBandAntennaMovement_stationaryPeriod;OK;HARD;1;OK - stationaryPeriod = 26 sec
[1522695465] SERVICE NOTIFICATION: check-mk-notify;mgen1.gate.rtf;SBandAntennaMovement_stationaryPeriod;OK;check-mk-notify;OK - stationaryPeriod = 26 sec
[1522695525] SERVICE ALERT: mgen1.gate.rtf;SBandAntennaMovement_stationaryPeriod;CRITICAL;HARD;1;WARN - stationaryPeriod = 90 sec
[1522695525] SERVICE NOTIFICATION: check-mk-notify;mgen1.gate.rtf;SBandAntennaMovement_stationaryPeriod;CRITICAL;check-mk-notify;WARN - stationaryPeriod = 90 sec
[1522696344] Auto-save of retention data completed successfully.
[1522699944] Auto-save of retention data completed successfully.
[1522702849] Caught SIGTERM, shutting down...
[1522702849] Successfully shutdown... (PID=1461)
[1522702849] npcdmod: If you don't like me, I will go out! Bye.
[1522702849] Event broker module '/omd/sites/prod/lib/npcdmod.o' deinitialized successfully.
[1522702849] livestatus: Socket thread has terminated
[1522702849] Event broker module '/omd/sites/prod/lib/mk-livestatus/livestatus.o' deinitialized successfully.
[1522703060] Nagios 3.5.0 starting... (PID=1250)
[1522703060] Local time is Mon Apr 02 21:04:20 GMT 2018
[1522703060] LOG VERSION: 2.0
[1522703060] npcdmod: Copyright (c) 2008-2009 Hendrik Baecker (andurin@process-zero.de) - http://www.pnp4nagios.org
[1522703060] npcdmod: /omd/sites/prod/etc/pnp4nagios/npcd.cfg initialized
[1522703060] npcdmod: spool_dir = '/omd/sites/prod/var/pnp4nagios/spool/'.
[1522703060] npcdmod: perfdata file '/omd/sites/prod/var/pnp4nagios/perfdata.dump'.
[1522703060] npcdmod: Ready to run to have some fun!
[1522703060] Event broker module '/omd/sites/prod/lib/npcdmod.o' initialized successfully.
[1522703060] livestatus: Setting number of client threads to 20
[1522703060] livestatus: Check_MK Inventory directory '/omd/sites/prod/var/check_mk/inventory/' not existing!
[1522703060] livestatus: Livestatus 1.2.8p15 by Mathias Kettner. Socket: '/omd/sites/prod/tmp/run/live'
[1522703060] livestatus: Please visit us at http://mathias-kettner.de/
[1522703060] livestatus: Finished initialization. Further log messages go to /omd/sites/prod/var/nagios/livestatus.log
[1522703060] Event broker module '/omd/sites/prod/lib/mk-livestatus/livestatus.o' initialized successfully.
[1522703060] Finished daemonizing... (New PID=1272)
[1522703060] TIMEPERIOD TRANSITION: 24X7;-1;1
[1522703060] logging initial states
[1522703060] INITIAL HOST STATE: control1.gate.rtf;UP;HARD;1;OK - 192.168.4.2: rta 0.012ms, lost 0%
[1522703060] INITIAL HOST STATE: control2.gate.rtf;UP;HARD;1;OK - 192.168.4.10: rta 0.177ms, lost 0%
[1522703060] INITIAL HOST STATE: mgen1.gate.rtf;UP;HARD;1;OK - 192.168.4.3: rta 0.160ms, lost 0%
[1522703060] INITIAL HOST STATE: mgen2.gate.rtf;UP;HARD;1;OK - 192.168.4.22: rta 0.073ms, lost 0%
[1522703060] INITIAL HOST STATE: pgen1.gate.rtf;UP;HARD;1;OK - 192.168.4.23: rta 0.194ms, lost 0%
[1522703060] INITIAL HOST STATE: pgen2.gate.rtf;UP;HARD;1;OK - 192.168.4.25: rta 0.158ms, lost 0%
[1522703060] INITIAL SERVICE STATE: control1.gate.rtf;ANT_Antenna_Door_Open_Fault;UNKNOWN;HARD;1;UNKNOWN - Unknown - 0
[1522703060] INITIAL SERVICE STATE: control1.gate.rtf;ANT_Az_Run_Line_Active;UNKNOWN;HARD;1;UNKNOWN - Unknown - 0
[1522703060] INITIAL SERVICE STATE: control1.gate.rtf;ANT_Azimuth_Brake_Bypass_Fault;UNKNOWN;HARD;1;UNKNOWN - Unknown - 0
[1522703060] INITIAL SERVICE STATE: control1.gate.rtf;ANT_Azimuth_Brakes_Fault;UNKNOWN;HARD;1;UNKNOWN - Unknown - 0
[1522703060] INITIAL SERVICE STATE: control1.gate.rtf;ANT_Azimuth_Fans_Fault;UNKNOWN;HARD;1;UNKNOWN - Unknown - 0
[1522703060] INITIAL SERVICE STATE: control1.gate.rtf;ANT_Azimuth_Stowed_Fault;UNKNOWN;HARD;1;UNKNOWN - Unknown - 0
[1522703060] INITIAL SERVICE STATE: control1.gate.rtf;ANT_Azimuth_Temperature_Fault;UNKNOWN;HARD;1;UNKNOWN - Unknown - 0
[1522703060] INITIAL SERVICE STATE: control1.gate.rtf;ANT_COHO_Gate_Fault;OK;HARD;1;OK - 0
[1522703060] INITIAL SERVICE STATE: control1.gate.rtf;ANT_Circulator_Temperature_Fault;OK;HARD;1;OK - 0
[1522703060] INITIAL SERVICE STATE: control1.gate.rtf;ANT_El_Run_Line_Active;UNKNOWN;HARD;1;UNKNOWN - Unknown - 0
[1522703060] INITIAL SERVICE STATE: control1.gate.rtf;ANT_Elevation_Brake_Bypass_Fault;UNKNOWN;HARD;1;UNKNOWN - Unknown - 0
[1522703060] INITIAL SERVICE STATE: control1.gate.rtf;ANT_Elevation_Brakes_Fault;UNKNOWN;HARD;1;UNKNOWN - Unknown - 0
[1522703060] INITIAL SERVICE STATE: control1.gate.rtf;ANT_Elevation_Fans_Fault;UNKNOWN;HARD;1;UNKNOWN - Unknown - 0
[1522703060] INITIAL SERVICE STATE: control1.gate.rtf;ANT_Elevation_Limit_Fault;UNKNOWN;HARD;1;UNKNOWN - Unknown - 0
[1522703060] INITIAL SERVICE STATE: control1.gate.rtf;ANT_Elevation_Stowed_Fault;UNKNOWN;HARD;1;UNKNOWN - Unknown - 0
[1522703060] INITIAL SERVICE STATE: control1.gate.rtf;ANT_Elevation_Temperature_Fault;UNKNOWN;HARD;1;UNKNOWN - Unknown - 0
[1522703060] INITIAL SERVICE STATE: control1.gate.rtf;ANT_Mitch_Switch_Fault;CRITICAL;HARD;1;CRIT - FAULT - 1
[1522703060] INITIAL SERVICE STATE: control1.gate.rtf;ANT_Oil_Pressure_Fault;UNKNOWN;HARD;1;UNKNOWN - Unknown - 0
[1522703060] INITIAL SERVICE STATE: control1.gate.rtf;ANT_Pedestal_Switch_Disabled_Fault;UNKNOWN;HARD;1;UNKNOWN - Unknown - 0
[1522703060] INITIAL SERVICE STATE: control1.gate.rtf;ANT_RF_Disabled_Fault;CRITICAL;HARD;1;CRIT - FAULT - 1
[1522703060] INITIAL SERVICE STATE: control1.gate.rtf;ANT_RF_Ladder_Lockout_Fault;CRITICAL;HARD;1;CRIT - FAULT - 1
[1522703060] INITIAL SERVICE STATE: control1.gate.rtf;ANT_Wave_Guide_Pressure_Fault;CRITICAL;HARD;1;CRIT - FAULT - 1
[1522703060] INITIAL SERVICE STATE: control1.gate.rtf;ANT_Wave_Guide_Switch_Fault;CRITICAL;HARD;1;CRIT - FAULT - 1
[1522703060] INITIAL SERVICE STATE: control1.gate.rtf;CPU load;OK;HARD;1;OK - 15 min load 0.16 at 16 Cores (0.01 per Core)
[1522703060] INITIAL SERVICE STATE: control1.gate.rtf;CPU utilization;OK;HARD;1;OK - user: 0.6%, system: 0.3%, wait: 0.0%, steal: 0.0%, guest: 0.0%, total: 1.0%
[1522703060] INITIAL SERVICE STATE: control1.gate.rtf;Check_MK;OK;HARD;1;OK - Agent version 1.2.8p26, execution time 0.7 sec
[1522703060] INITIAL SERVICE STATE: control1.gate.rtf;Check_MK Discovery;OK;HARD;1;OK - no unmonitored services found, 19 vanished services (local:19)
[1522703060] INITIAL SERVICE STATE: control1.gate.rtf;Disk IO SUMMARY;OK;HARD;1;OK - Utilization: 0.1%, Read: 20.93 kB/s, Write: 70.28 kB/s, Average Wait: 0.19 ms, Average Read Wait: 1.78 ms, Average Write Wait: 0.09 ms, Latency: 0.12 ms
[1522703060] INITIAL SERVICE STATE: control1.gate.rtf;Filesystem /;OK;HARD;1;OK - 58.7% used (22.92 of 39.04 GB), trend: -315.39 MB / 24 hours
[1522703060] INITIAL SERVICE STATE: control1.gate.rtf;Filesystem /data;OK;HARD;1;OK - 25.6% used (401.65 GB of 1.53 TB), trend: -2.77 kB / 24 hours
[1522703060] INITIAL SERVICE STATE: control1.gate.rtf;Filesystem /home;OK;HARD;1;OK - 63.2% used (29.80 of 47.17 GB), trend: +1.06 MB / 24 hours
[1522703060] INITIAL SERVICE STATE: control1.gate.rtf;HP_DataMapper_primary;UNKNOWN;HARD;1;UNKNOWN - Item not found in agent output
[1522703060] INITIAL SERVICE STATE: control1.gate.rtf;HP_DsFileDist_ext_data;UNKNOWN;HARD;1;UNKNOWN - Item not found in agent output
[1522703060] INITIAL SERVICE STATE: control1.gate.rtf;HP_DsServerMgr_primary;UNKNOWN;HARD;1;UNKNOWN - Item not found in agent output
[1522703060] INITIAL SERVICE STATE: control1.gate.rtf;HP_Fmq2Fmq_monitoring;UNKNOWN;HARD;1;UNKNOWN - Item not found in agent output
[1522703060] INITIAL SERVICE STATE: control1.gate.rtf;HP_InputWatcher_spol_cams;UNKNOWN;HARD;1;UNKNOWN - Item not found in agent output
[1522703060] INITIAL SERVICE STATE: control1.gate.rtf;HP_Janitor_logs;UNKNOWN;HARD;1;UNKNOWN - Item not found in agent output
[1522703060] INITIAL SERVICE STATE: control1.gate.rtf;HP_Janitor_sysview;UNKNOWN;HARD;1;UNKNOWN - Item not found in agent output
[1522703060] INITIAL SERVICE STATE: control1.gate.rtf;HP_LdataWatcher_sysview;UNKNOWN;HARD;1;UNKNOWN - Item not found in agent output
[1522703060] INITIAL SERVICE STATE: control1.gate.rtf;HP_Scout_primary;UNKNOWN;HARD;1;UNKNOWN - Item not found in agent output
[1522703060] INITIAL SERVICE STATE: control1.gate.rtf;HP_SpolMonCtrl_ops;UNKNOWN;HARD;1;UNKNOWN - Item not found in agent output
[1522703060] INITIAL SERVICE STATE: control1.gate.rtf;HawkSummary_Data;OK;HARD;1;OK - 0 data set(s) have problems
[1522703060] INITIAL SERVICE STATE: control1.gate.rtf;HawkSummary_Processes;CRITICAL;HARD;1;CRIT - 0 ok, 1 problems - No ProcessMapper?
[1522703060] INITIAL SERVICE STATE: control1.gate.rtf;Interface 2;OK;HARD;1;OK - [em1] (up) MAC: 78:2b:cb:0d:ae:c0, 1 Gbit/s, in: 21.40 kB/s(0.0%), out: 46.81 kB/s(0.0%)
[1522703060] INITIAL SERVICE STATE: control1.gate.rtf;Interface 3;OK;HARD;1;OK - [em2] (up) MAC: 78:2b:cb:0d:ae:c1, 1 Gbit/s, in: 11.63 B/s(0.0%), out: 0.00 B/s(0.0%)
[1522703060] INITIAL SERVICE STATE: control1.gate.rtf;Kernel Context Switches;OK;HARD;1;OK - 1207/s
[1522703060] INITIAL SERVICE STATE: control1.gate.rtf;Kernel Major Page Faults;OK;HARD;1;OK - 0/s
[1522703060] INITIAL SERVICE STATE: control1.gate.rtf;Kernel Process Creations;OK;HARD;1;OK - 16/s
[1522703060] INITIAL SERVICE STATE: control1.gate.rtf;Logins;OK;HARD;1;OK - 2 logins on system (warn/crit at 20/30)
[1522703060] INITIAL SERVICE STATE: control1.gate.rtf;Memory;OK;HARD;1;OK - RAM used: 1.25 GB of 11.56 GB, Swap used: 0.00 B of 3.91 GB, Total virtual memory used: 1.25 GB of 15.47 GB (8.1%),
[1522703060] INITIAL SERVICE STATE: control1.gate.rtf;Mount options of /;OK;HARD;1;OK - mount options exactly as expected
[1522703060] INITIAL SERVICE STATE: control1.gate.rtf;Mount options of /data;OK;HARD;1;OK - mount options exactly as expected
[1522703060] INITIAL SERVICE STATE: control1.gate.rtf;Mount options of /home;OK;HARD;1;OK - mount options exactly as expected
[1522703060] INITIAL SERVICE STATE: control1.gate.rtf;NTP Time;OK;HARD;1;OK - stratum 2, offset 0.0155 ms, reference: C0A804F8 (192.168.4.248)
[1522703060] INITIAL SERVICE STATE: control1.gate.rtf;Number of threads;OK;HARD;1;OK - 493 threads
[1522703060] INITIAL SERVICE STATE: control1.gate.rtf;OMD prod apache;OK;HARD;1;OK - 0.23 Requests/s, 0.00 Seconds serving/s, 12.25 kB Sent/s
[1522703060] INITIAL SERVICE STATE: control1.gate.rtf;OMD prod performance;OK;HARD;1;OK - Host Checks: 0.1/s, Service Checks: 5.6/s, Process Creations: 0.2/s, Livestatus Connects: 0.0/s, Livestatus Requests: 0.0/s, Log Messages: 0.0/s, 6 Hosts, 343 Services, Core version: 3.5.0, Livestatus version: 1.2.8p15
[1522703060] INITIAL SERVICE STATE: control1.gate.rtf;OMD prod status;OK;HARD;1;OK - running
[1522703060] INITIAL SERVICE STATE: control1.gate.rtf;PM_AC_Power;OK;HARD;1;OK - Source 2
[1522703060] INITIAL SERVICE STATE: control1.gate.rtf;PM_Frequency;OK;HARD;1;OK - 600
[1522703060] INITIAL SERVICE STATE: control1.gate.rtf;PM_Source_Switched;OK;HARD;1;OK - ---
[1522703060] INITIAL SERVICE STATE: control1.gate.rtf;PM_TotalKW;OK;HARD;1;OK - 6548
[1522703060] INITIAL SERVICE STATE: control1.gate.rtf;PM_VoltageA;OK;HARD;1;OK - 123
[1522703060] INITIAL SERVICE STATE: control1.gate.rtf;PM_VoltageB;OK;HARD;1;OK - 124
[1522703060] INITIAL SERVICE STATE: control1.gate.rtf;PM_VoltageC;OK;HARD;1;OK - 124
[1522703060] INITIAL SERVICE STATE: control1.gate.rtf;PM_XmitPowerDbmH;CRITICAL;HARD;1;CRIT - CRITICAL - 53.14
[1522703060] INITIAL SERVICE STATE: control1.gate.rtf;PM_XmitPowerDbmTxTop;CRITICAL;HARD;1;CRIT - CRITICAL - 37.97
[1522703060] INITIAL SERVICE STATE: control1.gate.rtf;PM_XmitPowerDbmV;CRITICAL;HARD;1;CRIT - CRITICAL - 60.48
[1522703060] INITIAL SERVICE STATE: control1.gate.rtf;Postfix Queue;OK;HARD;1;OK - deferred queue length is 0, active queue length is 0
[1522703060] INITIAL SERVICE STATE: control1.gate.rtf;TCP Connections;OK;HARD;1;OK - ESTABLISHED: 49, CLOSE_WAIT: 1, TIME_WAIT: 24, LISTEN: 28
[1522703060] INITIAL SERVICE STATE: control1.gate.rtf;TEMP_Annex;OK;HARD;1;OK - 24.4
[1522703060] INITIAL SERVICE STATE: control1.gate.rtf;TEMP_Front_Wall;CRITICAL;HARD;1;CRIT - CRITICAL - 332.4
[1522703060] INITIAL SERVICE STATE: control1.gate.rtf;TEMP_Horiz_LNA;CRITICAL;HARD;1;CRIT - CRITICAL - 330.3
[1522703060] INITIAL SERVICE STATE: control1.gate.rtf;TEMP_Klystron;OK;HARD;1;OK - 16.6
[1522703060] INITIAL SERVICE STATE: control1.gate.rtf;TEMP_Rcvr_Enclosure;CRITICAL;HARD;1;CRIT - CRITICAL - 329.7
[1522703060] INITIAL SERVICE STATE: control1.gate.rtf;TEMP_Rear_Wall;OK;HARD;1;OK - 21.2
[1522703060] INITIAL SERVICE STATE: control1.gate.rtf;TEMP_SCC;OK;HARD;1;OK - 27.3
[1522703060] INITIAL SERVICE STATE: control1.gate.rtf;TEMP_UPS_Container;OK;HARD;1;OK - 31.1
[1522703060] INITIAL SERVICE STATE: control1.gate.rtf;TEMP_Vert_LNA;CRITICAL;HARD;1;CRIT - CRITICAL - 331.2
[1522703060] INITIAL SERVICE STATE: control1.gate.rtf;TX_Cabinet_Air_Temperature_Fault;OK;HARD;1;OK - 0
[1522703060] INITIAL SERVICE STATE: control1.gate.rtf;TX_Cabinet_Airflow_Fault;OK;HARD;1;OK - 0
[1522703060] INITIAL SERVICE STATE: control1.gate.rtf;TX_Cabinet_Interlock_Fault;OK;HARD;1;OK - 0
[1522703060] INITIAL SERVICE STATE: control1.gate.rtf;TX_Charging_System_Fail_Fault;OK;HARD;1;OK - 0
[1522703060] INITIAL SERVICE STATE: control1.gate.rtf;TX_Circulator_Temperature_Fault;OK;HARD;1;OK - 0
[1522703060] INITIAL SERVICE STATE: control1.gate.rtf;TX_Filament_PS_Voltage_Fault;OK;HARD;1;OK - 0
[1522703060] INITIAL SERVICE STATE: control1.gate.rtf;TX_Filament_ps_Fault;OK;HARD;1;OK - 0
[1522703060] INITIAL SERVICE STATE: control1.gate.rtf;TX_Focus_Coil_Airflow_Fault;OK;HARD;1;OK - 0
[1522703060] INITIAL SERVICE STATE: control1.gate.rtf;TX_Focus_Coil_Current_Fault;OK;HARD;1;OK - 0
[1522703060] INITIAL SERVICE STATE: control1.gate.rtf;TX_Focus_Coil_PS_Voltage_Fault;OK;HARD;1;OK - 0
[1522703060] INITIAL SERVICE STATE: control1.gate.rtf;TX_Inverse_Diode_Current_HV_Fault;OK;HARD;1;OK - 0
[1522703060] INITIAL SERVICE STATE: control1.gate.rtf;TX_Klystron_Air_Temperature_Fault;OK;HARD;1;OK - 0
[1522703060] INITIAL SERVICE STATE: control1.gate.rtf;TX_Klystron_Airflow_Fault;OK;HARD;1;OK - 0
[1522703060] INITIAL SERVICE STATE: control1.gate.rtf;TX_Klystron_Current_Fault;OK;HARD;1;OK - 0
[1522703060] INITIAL SERVICE STATE: control1.gate.rtf;TX_Klystron_Filament_Current_Fault;OK;HARD;1;OK - 0
[1522703060] INITIAL SERVICE STATE: control1.gate.rtf;TX_Klystron_Vacuum_Pump_Current_Fault;OK;HARD;1;OK - 0
[1522703060] INITIAL SERVICE STATE: control1.gate.rtf;TX_Klystron_Warmup_Fault;OK;HARD;1;OK - 0
[1522703060] INITIAL SERVICE STATE: control1.gate.rtf;TX_M15_VDC_PS_Fault;OK;HARD;1;OK - 0
[1522703060] INITIAL SERVICE STATE: control1.gate.rtf;TX_Main_Power_Voltage_Fault;OK;HARD;1;OK - 0
[1522703060] INITIAL SERVICE STATE: control1.gate.rtf;TX_Maintenance_Required_Fault;OK;HARD;1;OK - 0
[1522703060] INITIAL SERVICE STATE: control1.gate.rtf;TX_Modulator_Inverse_Current_Fault;OK;HARD;1;OK - 0
[1522703060] INITIAL SERVICE STATE: control1.gate.rtf;TX_Modulator_Overload_Fault;OK;HARD;1;OK - 0
[1522703060] INITIAL SERVICE STATE: control1.gate.rtf;TX_Modulator_Switch_Fail_Fault;OK;HARD;1;OK - 0
[1522703060] INITIAL SERVICE STATE: control1.gate.rtf;TX_Modulator_Switch_Maintenance_Fault;OK;HARD;1;OK - 0
[1522703060] INITIAL SERVICE STATE: control1.gate.rtf;TX_P15_VDC_PS_Fault;OK;HARD;1;OK - 0
[1522703060] INITIAL SERVICE STATE: control1.gate.rtf;TX_P28_VDC_PS_Fault;OK;HARD;1;OK - 0
[1522703060] INITIAL SERVICE STATE: control1.gate.rtf;TX_P45_VDC_PS_Fault;OK;HARD;1;OK - 0
[1522703060] INITIAL SERVICE STATE: control1.gate.rtf;TX_P5_VDC_PS_Fault;OK;HARD;1;OK - 0
[1522703060] INITIAL SERVICE STATE: control1.gate.rtf;TX_PRF_Limit_Fault;OK;HARD;1;OK - 0
[1522703060] INITIAL SERVICE STATE: control1.gate.rtf;TX_Post_Charge_Regulator_Fault;OK;HARD;1;OK - 0
[1522703060] INITIAL SERVICE STATE: control1.gate.rtf;TX_Spectrum_Filter_Pressure_Fault;OK;HARD;1;OK - 0
[1522703060] INITIAL SERVICE STATE: control1.gate.rtf;TX_Transmitter_Avail_Fault;OK;HARD;1;OK - 0
[1522703060] INITIAL SERVICE STATE: control1.gate.rtf;TX_Transmitter_Battery_Charging_Fault;OK;HARD;1;OK - 0
[1522703060] INITIAL SERVICE STATE: control1.gate.rtf;TX_Transmitter_Oil_Level_Fault;OK;HARD;1;OK - 0
[1522703060] INITIAL SERVICE STATE: control1.gate.rtf;TX_Transmitter_Oil_Temperature_Fault;OK;HARD;1;OK - 0
[1522703060] INITIAL SERVICE STATE: control1.gate.rtf;TX_Transmitter_Overcurrent_Fault;OK;HARD;1;OK - 0
[1522703060] INITIAL SERVICE STATE: control1.gate.rtf;TX_Transmitter_Overvoltage_Fault;OK;HARD;1;OK - 0
[1522703060] INITIAL SERVICE STATE: control1.gate.rtf;TX_Transmitter_Spare_0_Fault;OK;HARD;1;OK - 0
[1522703060] INITIAL SERVICE STATE: control1.gate.rtf;TX_Transmitter_Spare_1_Fault;OK;HARD;1;OK - 0
[1522703060] INITIAL SERVICE STATE: control1.gate.rtf;TX_Trigger_Amplifier_Fault;OK;HARD;1;OK - 0
[1522703060] INITIAL SERVICE STATE: control1.gate.rtf;TX_Vacuum_Pump_PS_Voltage_Fault;OK;HARD;1;OK - 0
[1522703060] INITIAL SERVICE STATE: control1.gate.rtf;TX_W_G_PFN_Transfer_Interlock_Fault;OK;HARD;1;OK - 0
[1522703060] INITIAL SERVICE STATE: control1.gate.rtf;TX_Waveguide_Arc_VSWR_Fault;OK;HARD;1;OK - 0
[1522703060] INITIAL SERVICE STATE: control1.gate.rtf;TX_Waveguide_Pressure_Humidity_Fault;OK;HARD;1;OK - 0
[1522703060] INITIAL SERVICE STATE: control1.gate.rtf;TX_Waveguide_Switch_Position_Fault;OK;HARD;1;OK - 0
[1522703060] INITIAL SERVICE STATE: control1.gate.rtf;UPSB_Alarms;OK;HARD;1;OK - 0
[1522703060] INITIAL SERVICE STATE: control1.gate.rtf;UPSB_BatteryState;OK;HARD;1;OK - 0
[1522703060] INITIAL SERVICE STATE: control1.gate.rtf;UPSB_OutputState;OK;HARD;1;OK - 0
[1522703060] INITIAL SERVICE STATE: control1.gate.rtf;UPS_Alarms;OK;HARD;1;OK - OK
[1522703060] INITIAL SERVICE STATE: control1.gate.rtf;UPS_BatteryState;OK;HARD;1;OK - OK
[1522703060] INITIAL SERVICE STATE: control1.gate.rtf;UPS_BatteryVoltage;OK;HARD;1;OK - 328
[1522703060] INITIAL SERVICE STATE: control1.gate.rtf;UPS_OutputState;OK;HARD;1;OK - OK
[1522703060] INITIAL SERVICE STATE: control1.gate.rtf;Uptime;OK;HARD;1;OK - up since Thu Mar 29 17:11:53 2018 (4d 03:48:01)
[1522703060] INITIAL SERVICE STATE: control1.gate.rtf;WG_PressurePSI;CRITICAL;HARD;1;CRIT - CRITICAL - -0.80
[1522703060] INITIAL SERVICE STATE: control1.gate.rtf;WG_RH;CRITICAL;HARD;1;CRIT - CRITICAL - 16.41
[1522703060] INITIAL SERVICE STATE: control1.gate.rtf;WG_TempC;OK;HARD;1;OK - 21.06
[1522703060] INITIAL SERVICE STATE: control1.gate.rtf;WX_RH;UNKNOWN;HARD;1;UNKNOWN - Item not found in agent output
[1522703060] INITIAL SERVICE STATE: control1.gate.rtf;WX_hailIntensityHitsPerCm2;UNKNOWN;HARD;1;UNKNOWN - Item not found in agent output
[1522703060] INITIAL SERVICE STATE: control1.gate.rtf;WX_internalTempC;UNKNOWN;HARD;1;UNKNOWN - Item not found in agent output
[1522703060] INITIAL SERVICE STATE: control1.gate.rtf;WX_pressureHpa;UNKNOWN;HARD;1;UNKNOWN - Item not found in agent output
[1522703060] INITIAL SERVICE STATE: control1.gate.rtf;WX_rainRateMmPerHr;UNKNOWN;HARD;1;UNKNOWN - Item not found in agent output
[1522703060] INITIAL SERVICE STATE: control1.gate.rtf;WX_supplyVoltage;UNKNOWN;HARD;1;UNKNOWN - Item not found in agent output
[1522703060] INITIAL SERVICE STATE: control1.gate.rtf;WX_tempC;UNKNOWN;HARD;1;UNKNOWN - Item not found in agent output
[1522703060] INITIAL SERVICE STATE: control1.gate.rtf;WX_windDirnDeg;UNKNOWN;HARD;1;UNKNOWN - Item not found in agent output
[1522703060] INITIAL SERVICE STATE: control1.gate.rtf;WX_windSpeedMps;UNKNOWN;HARD;1;UNKNOWN - Item not found in agent output
[1522703060] INITIAL SERVICE STATE: control1.gate.rtf;XMIT_High_Voltage_Power;CRITICAL;HARD;1;CRIT - CRITICAL - 32770
[1522703060] INITIAL SERVICE STATE: control1.gate.rtf;XMIT_Panel_Power;CRITICAL;HARD;1;CRIT - CRITICAL - 32770
[1522703060] INITIAL SERVICE STATE: control2.gate.rtf;CPU load;OK;HARD;1;OK - 15 min load 0.05 at 16 Cores (0.00 per Core)
[1522703060] INITIAL SERVICE STATE: control2.gate.rtf;CPU utilization;OK;HARD;1;OK - user: 0.8%, system: 0.4%, wait: 0.0%, steal: 0.0%, guest: 0.0%, total: 1.2%
[1522703060] INITIAL SERVICE STATE: control2.gate.rtf;Check_MK;OK;HARD;1;OK - Agent version 1.2.8p18, execution time 0.2 sec
[1522703060] INITIAL SERVICE STATE: control2.gate.rtf;Check_MK Discovery;OK;HARD;1;OK - no unmonitored services found, no vanished services found
[1522703060] INITIAL SERVICE STATE: control2.gate.rtf;Disk IO SUMMARY;OK;HARD;1;OK - Utilization: 0.0%, Read: 0.00 B/s, Write: 110.47 kB/s, Average Wait: 0.16 ms, Average Read Wait: 0.00 ms, Average Write Wait: 0.16 ms, Latency: 0.02 ms
[1522703060] INITIAL SERVICE STATE: control2.gate.rtf;Filesystem /;OK;HARD;1;OK - 40.6% used (15.57 of 38.32 GB), trend: +70.48 MB / 24 hours
[1522703060] INITIAL SERVICE STATE: control2.gate.rtf;Filesystem /data;OK;HARD;1;OK - 5.3% used (380.11 GB of 6.96 TB), trend: +30.05 MB / 24 hours
[1522703060] INITIAL SERVICE STATE: control2.gate.rtf;Filesystem /home;OK;HARD;1;OK - 72.5% used (34.21 of 47.17 GB), trend: -0.69 B / 24 hours
[1522703060] INITIAL SERVICE STATE: control2.gate.rtf;Interface 2;OK;HARD;1;OK - [em1] (up) MAC: 78:2b:cb:0d:b1:3c, 1 Gbit/s, in: 6.97 kB/s(0.0%), out: 3.88 kB/s(0.0%)
[1522703060] INITIAL SERVICE STATE: control2.gate.rtf;Interface 3;OK;HARD;1;OK - [em2] (up) MAC: 78:2b:cb:0d:b1:3d, 1 Gbit/s, in: 24.84 B/s(0.0%), out: 7.62 B/s(0.0%)
[1522703060] INITIAL SERVICE STATE: control2.gate.rtf;Kernel Context Switches;OK;HARD;1;OK - 787/s
[1522703060] INITIAL SERVICE STATE: control2.gate.rtf;Kernel Major Page Faults;OK;HARD;1;OK - 0/s
[1522703060] INITIAL SERVICE STATE: control2.gate.rtf;Kernel Process Creations;OK;HARD;1;OK - 14/s
[1522703060] INITIAL SERVICE STATE: control2.gate.rtf;Logins;OK;HARD;1;OK - 2 logins on system (warn/crit at 20/30)
[1522703060] INITIAL SERVICE STATE: control2.gate.rtf;Memory;OK;HARD;1;OK - RAM used: 805.16 MB of 11.56 GB, Swap used: 0.00 B of 3.72 GB, Total virtual memory used: 805.16 MB of 15.29 GB (5.1%),
[1522703060] INITIAL SERVICE STATE: control2.gate.rtf;Mount options of /;OK;HARD;1;OK - mount options exactly as expected
[1522703060] INITIAL SERVICE STATE: control2.gate.rtf;Mount options of /data;OK;HARD;1;OK - mount options exactly as expected
[1522703060] INITIAL SERVICE STATE: control2.gate.rtf;Mount options of /home;OK;HARD;1;OK - mount options exactly as expected
[1522703060] INITIAL SERVICE STATE: control2.gate.rtf;NTP Time;OK;HARD;1;OK - stratum 2, offset 0.0032 ms, reference: 192.168.4.248 (ntp.gate.rtf)
[1522703060] INITIAL SERVICE STATE: control2.gate.rtf;Number of threads;OK;HARD;1;OK - 518 threads
[1522703060] INITIAL SERVICE STATE: control2.gate.rtf;OMD prod apache;OK;HARD;1;OK - 0.02 Requests/s, 0.00 Seconds serving/s, 0.05 B Sent/s
[1522703060] INITIAL SERVICE STATE: control2.gate.rtf;OMD prod performance;CRITICAL;HARD;1;CRIT - Host Checks: 0.1/s, Service Checks: 3.8/s, Process Creations: 0.4/s, Livestatus Connects: 0.0/s, Livestatus Requests: 0.0/s, Log Messages: 0.0/s, 6 Hosts, 232 Services, Core version: 3.5.0, Livestatus version: 1.2.8p15, Notifications are disabled(!!)
[1522703060] INITIAL SERVICE STATE: control2.gate.rtf;OMD prod status;OK;HARD;1;OK - running
[1522703060] INITIAL SERVICE STATE: control2.gate.rtf;Postfix Queue;OK;HARD;1;OK - deferred queue length is 0, active queue length is 0
[1522703060] INITIAL SERVICE STATE: control2.gate.rtf;TCP Connections;OK;HARD;1;OK - ESTABLISHED: 15, TIME_WAIT: 24, FIN_WAIT1: 3, LISTEN: 38
[1522703060] INITIAL SERVICE STATE: control2.gate.rtf;Uptime;OK;HARD;1;OK - up since Thu Mar 29 17:12:06 2018 (4d 03:48:12)
[1522703060] INITIAL SERVICE STATE: mgen1.gate.rtf;AntennaStatus;CRITICAL;HARD;1;CRIT - CRITICAL Antenna stopped for 4395 seconds
[1522703060] INITIAL SERVICE STATE: mgen1.gate.rtf;CPU load;OK;HARD;1;OK - 15 min load 1.30 at 16 Cores (0.08 per Core)
[1522703060] INITIAL SERVICE STATE: mgen1.gate.rtf;CPU utilization;OK;HARD;1;OK - user: 10.7%, system: 0.9%, wait: 0.0%, steal: 0.0%, guest: 0.0%, total: 11.6%
[1522703060] INITIAL SERVICE STATE: mgen1.gate.rtf;Check_MK;OK;HARD;1;OK - Agent version 1.2.8p26, execution time 0.4 sec
[1522703060] INITIAL SERVICE STATE: mgen1.gate.rtf;Check_MK Discovery;WARNING;HARD;1;WARN - 2 unmonitored services (local:2)(!), no vanished services found
[1522703060] INITIAL SERVICE STATE: mgen1.gate.rtf;Disk IO SUMMARY;OK;HARD;1;OK - Utilization: 0.0%, Read: 3.33 kB/s, Write: 31.27 kB/s, Average Wait: 0.27 ms, Average Read Wait: 0.26 ms, Average Write Wait: 0.01 ms, Latency: 0.27 ms
[1522703060] INITIAL SERVICE STATE: mgen1.gate.rtf;Filesystem /;OK;HARD;1;OK - 17.3% used (16.56 of 96.00 GB), trend: -3.68 MB / 24 hours
[1522703060] INITIAL SERVICE STATE: mgen1.gate.rtf;Filesystem /data;OK;HARD;1;OK - 75.2% used (1.33 of 1.77 TB), trend: +71.57 MB / 24 hours
[1522703060] INITIAL SERVICE STATE: mgen1.gate.rtf;Filesystem /home;OK;HARD;1;OK - 9.9% used (9.53 of 96.00 GB), trend: 0.00 B / 24 hours
[1522703060] INITIAL SERVICE STATE: mgen1.gate.rtf;HD_/tmp/fmq/SpolMonCtrl;CRITICAL;HARD;1;CRIT - missing
[1522703060] INITIAL SERVICE STATE: mgen1.gate.rtf;HD_/tmp/fmq/angles/shmem_30000;CRITICAL;HARD;1;CRIT - missing
[1522703060] INITIAL SERVICE STATE: mgen1.gate.rtf;HD_/tmp/fmq/moments/sband/shmem_20000;OK;HARD;1;OK - OK
[1522703060] INITIAL SERVICE STATE: mgen1.gate.rtf;HD_/tmp/fmq/syscon;CRITICAL;HARD;1;CRIT - missing
[1522703060] INITIAL SERVICE STATE: mgen1.gate.rtf;HD_/tmp/fmq/ts/sband/shmem_10000;OK;HARD;1;OK - OK
[1522703060] INITIAL SERVICE STATE: mgen1.gate.rtf;HP_DataMapper_primary;OK;HARD;1;OK - OK
[1522703060] INITIAL SERVICE STATE: mgen1.gate.rtf;HP_DsFileDist_suncal;OK;HARD;1;OK - OK
[1522703060] INITIAL SERVICE STATE: mgen1.gate.rtf;HP_DsFileDist_time_series;OK;HARD;1;OK - OK
[1522703060] INITIAL SERVICE STATE: mgen1.gate.rtf;HP_DsServerMgr_primary;OK;HARD;1;OK - OK
[1522703060] INITIAL SERVICE STATE: mgen1.gate.rtf;HP_Fmq2Fmq_moments.sband;OK;HARD;1;OK - OK
[1522703060] INITIAL SERVICE STATE: mgen1.gate.rtf;HP_Fmq2Fmq_moments.sband2;OK;HARD;1;OK - OK
[1522703060] INITIAL SERVICE STATE: mgen1.gate.rtf;HP_Fmq2Fmq_ts.sband;OK;HARD;1;OK - OK
[1522703060] INITIAL SERVICE STATE: mgen1.gate.rtf;HP_Fmq2Fmq_ts.sband2;OK;HARD;1;OK - OK
[1522703060] INITIAL SERVICE STATE: mgen1.gate.rtf;HP_Iq2Dsr_sband;OK;HARD;1;OK - OK
[1522703060] INITIAL SERVICE STATE: mgen1.gate.rtf;HP_Janitor_logs;OK;HARD;1;OK - OK
[1522703060] INITIAL SERVICE STATE: mgen1.gate.rtf;HP_Janitor_time_series;OK;HARD;1;OK - OK
[1522703060] INITIAL SERVICE STATE: mgen1.gate.rtf;HP_RadMon_log.sband;OK;HARD;1;OK - OK
[1522703060] INITIAL SERVICE STATE: mgen1.gate.rtf;HP_Scout_primary;OK;HARD;1;OK - OK
[1522703060] INITIAL SERVICE STATE: mgen1.gate.rtf;HP_SpolSysconRelay_sband;OK;HARD;1;OK - OK
[1522703060] INITIAL SERVICE STATE: mgen1.gate.rtf;HP_SpolTs2Fmq_sband;OK;HARD;1;OK - OK
[1522703060] INITIAL SERVICE STATE: mgen1.gate.rtf;HP_SpolTsMonitor_sband;OK;HARD;1;OK - OK
[1522703060] INITIAL SERVICE STATE: mgen1.gate.rtf;HP_SunCal_sband;OK;HARD;1;OK - OK
[1522703060] INITIAL SERVICE STATE: mgen1.gate.rtf;HP_TsTcp2Fmq_rvp8;OK;HARD;1;OK - OK
[1522703060] INITIAL SERVICE STATE: mgen1.gate.rtf;HawkSummary_Data;CRITICAL;HARD;1;CRIT - Services ok/prob: 2/3
[1522703060] INITIAL SERVICE STATE: mgen1.gate.rtf;HawkSummary_Processes;OK;HARD;1;OK - Services ok/prob: 20/0
[1522703060] INITIAL SERVICE STATE: mgen1.gate.rtf;IPMI Sensor Fan_Fan1;OK;HARD;1;OK - Current value 2400.0 RPM, critical below 600.0 RPM
[1522703060] INITIAL SERVICE STATE: mgen1.gate.rtf;IPMI Sensor Fan_Fan2;OK;HARD;1;OK - Current value 2400.0 RPM, critical below 600.0 RPM
[1522703060] INITIAL SERVICE STATE: mgen1.gate.rtf;IPMI Sensor Fan_Fan3;OK;HARD;1;OK - Current value 2280.0 RPM, critical below 600.0 RPM
[1522703060] INITIAL SERVICE STATE: mgen1.gate.rtf;IPMI Sensor Fan_Fan4;OK;HARD;1;OK - Current value 2280.0 RPM, critical below 600.0 RPM
[1522703060] INITIAL SERVICE STATE: mgen1.gate.rtf;IPMI Sensor Fan_Fan5;OK;HARD;1;OK - Current value 2400.0 RPM, critical below 600.0 RPM
[1522703060] INITIAL SERVICE STATE: mgen1.gate.rtf;IPMI Sensor Fan_Fan6;OK;HARD;1;OK - Current value 2280.0 RPM, critical below 600.0 RPM
[1522703060] INITIAL SERVICE STATE: mgen1.gate.rtf;IPMI Sensor Fan_Fan_Redundancy;OK;HARD;1;OK - Sensor status is Fully_Redundant
[1522703060] INITIAL SERVICE STATE: mgen1.gate.rtf;IPMI Sensor Temperature_Exhaust_Temp;OK;HARD;1;OK - Current value 28.0 C, valid range is 3.0 C ... 75.0 C
[1522703060] INITIAL SERVICE STATE: mgen1.gate.rtf;IPMI Sensor Temperature_Inlet_Temp;OK;HARD;1;OK - Current value 19.0 C, valid range is -7.0 C ... 47.0 C
[1522703060] INITIAL SERVICE STATE: mgen1.gate.rtf;IPMI Sensor Temperature_Temp;OK;HARD;1;OK - Current value 43.0 C
[1522703060] INITIAL SERVICE STATE: mgen1.gate.rtf;Interface 2;OK;HARD;1;OK - [em1] (up) MAC: d4:ae:52:b2:cb:ad, 1 Gbit/s, in: 23.83 MB/s(20.0%), out: 26.69 MB/s(22.4%)
[1522703060] INITIAL SERVICE STATE: mgen1.gate.rtf;Kernel Context Switches;OK;HARD;1;OK - 15110/s
[1522703060] INITIAL SERVICE STATE: mgen1.gate.rtf;Kernel Major Page Faults;OK;HARD;1;OK - 0/s
[1522703060] INITIAL SERVICE STATE: mgen1.gate.rtf;Kernel Process Creations;OK;HARD;1;OK - 10/s
[1522703060] INITIAL SERVICE STATE: mgen1.gate.rtf;Logins;OK;HARD;1;OK - 0 logins on system (warn/crit at 20/30)
[1522703060] INITIAL SERVICE STATE: mgen1.gate.rtf;Memory;OK;HARD;1;OK - RAM used: 2.33 GB of 62.71 GB, Swap used: 0.00 B of 31.25 GB, Total virtual memory used: 2.33 GB of 93.96 GB (2.5%),
[1522703060] INITIAL SERVICE STATE: mgen1.gate.rtf;Mount options of /;OK;HARD;1;OK - mount options exactly as expected
[1522703060] INITIAL SERVICE STATE: mgen1.gate.rtf;Mount options of /data;OK;HARD;1;OK - mount options exactly as expected
[1522703060] INITIAL SERVICE STATE: mgen1.gate.rtf;Mount options of /home;OK;HARD;1;OK - mount options exactly as expected
[1522703060] INITIAL SERVICE STATE: mgen1.gate.rtf;NTP Time;OK;HARD;1;OK - stratum 2, offset 0.0192 ms, reference: C0A804F8 (192.168.4.248)
[1522703060] INITIAL SERVICE STATE: mgen1.gate.rtf;Number of threads;OK;HARD;1;OK - 320 threads
[1522703060] INITIAL SERVICE STATE: mgen1.gate.rtf;Postfix Queue;OK;HARD;1;OK - deferred queue length is 0, active queue length is 0
[1522703060] INITIAL SERVICE STATE: mgen1.gate.rtf;SBandAntennaMovement_stationaryPeriod;CRITICAL;HARD;1;WARN - stationaryPeriod = 7402 sec
[1522703060] INITIAL SERVICE STATE: mgen1.gate.rtf;TCP Connections;OK;HARD;1;OK - ESTABLISHED: 12, CLOSE_WAIT: 1, TIME_WAIT: 85, FIN_WAIT2: 1, LISTEN: 22
[1522703060] INITIAL SERVICE STATE: mgen1.gate.rtf;Uptime;OK;HARD;1;OK - up since Thu Mar 29 17:11:04 2018 (4d 03:49:40)
[1522703060] INITIAL SERVICE STATE: mgen2.gate.rtf;CPU load;OK;HARD;1;OK - 15 min load 0.05 at 16 Cores (0.00 per Core)
[1522703060] INITIAL SERVICE STATE: mgen2.gate.rtf;CPU utilization;OK;HARD;1;OK - user: 0.2%, system: 0.4%, wait: 0.0%, steal: 0.0%, guest: 0.0%, total: 0.5%
[1522703060] INITIAL SERVICE STATE: mgen2.gate.rtf;Check_MK;OK;HARD;1;OK - Agent version 1.2.8p26, execution time 0.3 sec
[1522703060] INITIAL SERVICE STATE: mgen2.gate.rtf;Check_MK Discovery;OK;HARD;1;OK - no unmonitored services found, no vanished services found
[1522703060] INITIAL SERVICE STATE: mgen2.gate.rtf;Disk IO SUMMARY;OK;HARD;1;OK - Utilization: 0.0%, Read: 3.33 kB/s, Write: 21.40 kB/s, Average Wait: 0.03 ms, Average Read Wait: 0.02 ms, Average Write Wait: 0.00 ms, Latency: 0.03 ms
[1522703060] INITIAL SERVICE STATE: mgen2.gate.rtf;Filesystem /;OK;HARD;1;OK - 15.2% used (14.58 of 96.00 GB), trend: +735.52 kB / 24 hours
[1522703060] INITIAL SERVICE STATE: mgen2.gate.rtf;Filesystem /data;OK;HARD;1;OK - 53.7% used (973.68 GB of 1.77 TB), trend: +12.75 MB / 24 hours
[1522703060] INITIAL SERVICE STATE: mgen2.gate.rtf;Filesystem /home;OK;HARD;1;OK - 11.7% used (11.19 of 96.00 GB), trend: 0.00 B / 24 hours
[1522703060] INITIAL SERVICE STATE: mgen2.gate.rtf;IPMI Sensor Fan_Fan1;OK;HARD;1;OK - Current value 2160.0 RPM, critical below 600.0 RPM
[1522703060] INITIAL SERVICE STATE: mgen2.gate.rtf;IPMI Sensor Fan_Fan2;OK;HARD;1;OK - Current value 2280.0 RPM, critical below 600.0 RPM
[1522703060] INITIAL SERVICE STATE: mgen2.gate.rtf;IPMI Sensor Fan_Fan3;OK;HARD;1;OK - Current value 2280.0 RPM, critical below 600.0 RPM
[1522703060] INITIAL SERVICE STATE: mgen2.gate.rtf;IPMI Sensor Fan_Fan4;OK;HARD;1;OK - Current value 2280.0 RPM, critical below 600.0 RPM
[1522703060] INITIAL SERVICE STATE: mgen2.gate.rtf;IPMI Sensor Fan_Fan5;OK;HARD;1;OK - Current value 2040.0 RPM, critical below 600.0 RPM
[1522703060] INITIAL SERVICE STATE: mgen2.gate.rtf;IPMI Sensor Fan_Fan6;OK;HARD;1;OK - Current value 2280.0 RPM, critical below 600.0 RPM
[1522703060] INITIAL SERVICE STATE: mgen2.gate.rtf;IPMI Sensor Fan_Fan_Redundancy;OK;HARD;1;OK - Sensor status is Fully_Redundant
[1522703060] INITIAL SERVICE STATE: mgen2.gate.rtf;IPMI Sensor Temperature_Exhaust_Temp;OK;HARD;1;OK - Current value 27.0 C, valid range is 3.0 C ... 75.0 C
[1522703060] INITIAL SERVICE STATE: mgen2.gate.rtf;IPMI Sensor Temperature_Inlet_Temp;OK;HARD;1;OK - Current value 17.0 C, valid range is -7.0 C ... 47.0 C
[1522703060] INITIAL SERVICE STATE: mgen2.gate.rtf;IPMI Sensor Temperature_Temp;OK;HARD;1;OK - Current value 38.0 C
[1522703060] INITIAL SERVICE STATE: mgen2.gate.rtf;Interface 2;OK;HARD;1;OK - [em1] (up) MAC: d4:ae:52:b6:1b:40, 1 Gbit/s, in: 186.73 kB/s(0.2%), out: 137.01 kB/s(0.1%)
[1522703060] INITIAL SERVICE STATE: mgen2.gate.rtf;Kernel Context Switches;OK;HARD;1;OK - 8514/s
[1522703060] INITIAL SERVICE STATE: mgen2.gate.rtf;Kernel Major Page Faults;OK;HARD;1;OK - 0/s
[1522703060] INITIAL SERVICE STATE: mgen2.gate.rtf;Kernel Process Creations;OK;HARD;1;OK - 8/s
[1522703060] INITIAL SERVICE STATE: mgen2.gate.rtf;Logins;OK;HARD;1;OK - 0 logins on system (warn/crit at 20/30)
[1522703060] INITIAL SERVICE STATE: mgen2.gate.rtf;Memory;OK;HARD;1;OK - RAM used: 610.89 MB of 62.71 GB, Swap used: 0.00 B of 7.81 GB, Total virtual memory used: 610.89 MB of 70.52 GB (0.8%),
[1522703060] INITIAL SERVICE STATE: mgen2.gate.rtf;Mount options of /;OK;HARD;1;OK - mount options exactly as expected
[1522703060] INITIAL SERVICE STATE: mgen2.gate.rtf;Mount options of /data;OK;HARD;1;OK - mount options exactly as expected
[1522703060] INITIAL SERVICE STATE: mgen2.gate.rtf;Mount options of /home;OK;HARD;1;OK - mount options exactly as expected
[1522703060] INITIAL SERVICE STATE: mgen2.gate.rtf;NTP Time;OK;HARD;1;OK - stratum 2, offset 0.0339 ms, reference: C0A804F8 (192.168.4.248)
[1522703060] INITIAL SERVICE STATE: mgen2.gate.rtf;Number of threads;OK;HARD;1;OK - 279 threads
[1522703060] INITIAL SERVICE STATE: mgen2.gate.rtf;Postfix Queue;OK;HARD;1;OK - deferred queue length is 0, active queue length is 0
[1522703060] INITIAL SERVICE STATE: mgen2.gate.rtf;TCP Connections;OK;HARD;1;OK - ESTABLISHED: 2, TIME_WAIT: 33, LISTEN: 19
[1522703060] INITIAL SERVICE STATE: mgen2.gate.rtf;Uptime;OK;HARD;1;OK - up since Thu Mar 29 17:11:16 2018 (4d 03:48:57)
[1522703060] INITIAL SERVICE STATE: pgen1.gate.rtf;CPU load;OK;HARD;1;OK - 15 min load 0.13 at 24 Cores (0.01 per Core)
[1522703060] INITIAL SERVICE STATE: pgen1.gate.rtf;CPU utilization;OK;HARD;1;OK - user: 1.3%, system: 0.2%, wait: 0.0%, steal: 0.0%, guest: 0.0%, total: 1.5%
[1522703060] INITIAL SERVICE STATE: pgen1.gate.rtf;Check_MK;OK;HARD;1;OK - Agent version 1.2.8p18, execution time 0.5 sec
[1522703060] INITIAL SERVICE STATE: pgen1.gate.rtf;Check_MK Discovery;WARNING;HARD;1;WARN - 3 unmonitored services (local:3)(!), no vanished services found
[1522703060] INITIAL SERVICE STATE: pgen1.gate.rtf;Disk IO SUMMARY;OK;HARD;1;OK - Utilization: 0.0%, Read: 0.00 B/s, Write: 1.92 MB/s, Average Wait: 0.58 ms, Average Read Wait: 0.00 ms, Average Write Wait: 0.58 ms, Latency: 0.03 ms
[1522703060] INITIAL SERVICE STATE: pgen1.gate.rtf;Filesystem /;OK;HARD;1;OK - 16.7% used (16.00 of 96.00 GB), trend: -5.27 MB / 24 hours
[1522703060] INITIAL SERVICE STATE: pgen1.gate.rtf;Filesystem /home;OK;HARD;1;OK - 16.6% used (15.93 of 96.00 GB), trend: 0.00 B / 24 hours
[1522703060] INITIAL SERVICE STATE: pgen1.gate.rtf;Filesystem /mnt/data;OK;HARD;1;OK - 70.4% used (19.21 of 27.28 TB), trend: +42.01 GB / 24 hours
[1522703060] INITIAL SERVICE STATE: pgen1.gate.rtf;HD_cfradial/moments/sband;CRITICAL;HARD;1;CRIT - missing
[1522703060] INITIAL SERVICE STATE: pgen1.gate.rtf;HD_fmq/moments/sband/shmem_20000;OK;HARD;1;OK - OK
[1522703060] INITIAL SERVICE STATE: pgen1.gate.rtf;HD_spdb/monitor/sband;OK;HARD;1;OK - OK
[1522703060] INITIAL SERVICE STATE: pgen1.gate.rtf;HD_spdb/rhi/sband;CRITICAL;HARD;1;CRIT - missing
[1522703060] INITIAL SERVICE STATE: pgen1.gate.rtf;HP_DataMapper_primary;OK;HARD;1;OK - OK
[1522703060] INITIAL SERVICE STATE: pgen1.gate.rtf;HP_DsFileDist_front;OK;HARD;1;OK - OK
[1522703060] INITIAL SERVICE STATE: pgen1.gate.rtf;HP_DsFmqServer_manager;OK;HARD;1;OK - OK
[1522703060] INITIAL SERVICE STATE: pgen1.gate.rtf;HP_DsServerMgr_primary;OK;HARD;1;OK - OK
[1522703060] INITIAL SERVICE STATE: pgen1.gate.rtf;HP_Dsr2Radx_covar.sband;OK;HARD;1;OK - OK
[1522703060] INITIAL SERVICE STATE: pgen1.gate.rtf;HP_Dsr2Radx_moments.sband;OK;HARD;1;OK - OK
[1522703060] INITIAL SERVICE STATE: pgen1.gate.rtf;HP_Dsr2Radx_sunscan.sband;OK;HARD;1;OK - OK
[1522703060] INITIAL SERVICE STATE: pgen1.gate.rtf;HP_RadxPartRain_sband.rhi;OK;HARD;1;OK - OK
[1522703060] INITIAL SERVICE STATE: pgen1.gate.rtf;HP_RadxPartRain_sband.sur;OK;HARD;1;OK - OK
[1522703060] INITIAL SERVICE STATE: pgen1.gate.rtf;HP_Rhi2Spdb_sband;OK;HARD;1;OK - OK
[1522703060] INITIAL SERVICE STATE: pgen1.gate.rtf;HP_Scout_primary;OK;HARD;1;OK - OK
[1522703060] INITIAL SERVICE STATE: pgen1.gate.rtf;HP_TsSmartSave_sband;OK;HARD;1;OK - OK
[1522703060] INITIAL SERVICE STATE: pgen1.gate.rtf;HawkSummary_Data;CRITICAL;HARD;1;CRIT - Services ok/prob: 2/2
[1522703060] INITIAL SERVICE STATE: pgen1.gate.rtf;HawkSummary_Processes;OK;HARD;1;OK - Services ok/prob: 15/0
[1522703060] INITIAL SERVICE STATE: pgen1.gate.rtf;Interface 2;OK;HARD;1;OK - [em1] (up) MAC: d4:ae:52:b5:be:0b, 1 Gbit/s, in: 13.02 MB/s(10.9%), out: 2.13 MB/s(1.8%)
[1522703060] INITIAL SERVICE STATE: pgen1.gate.rtf;Kernel Context Switches;OK;HARD;1;OK - 5502/s
[1522703060] INITIAL SERVICE STATE: pgen1.gate.rtf;Kernel Major Page Faults;OK;HARD;1;OK - 0/s
[1522703060] INITIAL SERVICE STATE: pgen1.gate.rtf;Kernel Process Creations;OK;HARD;1;OK - 7/s
[1522703060] INITIAL SERVICE STATE: pgen1.gate.rtf;Logins;OK;HARD;1;OK - 0 logins on system (warn/crit at 20/30)
[1522703060] INITIAL SERVICE STATE: pgen1.gate.rtf;Memory;OK;HARD;1;OK - RAM used: 2.14 GB of 62.71 GB, Swap used: 152.22 MB of 7.81 GB, Total virtual memory used: 2.28 GB of 70.53 GB (3.2%),
[1522703060] INITIAL SERVICE STATE: pgen1.gate.rtf;Mount options of /;OK;HARD;1;OK - mount options exactly as expected
[1522703060] INITIAL SERVICE STATE: pgen1.gate.rtf;Mount options of /home;OK;HARD;1;OK - mount options exactly as expected
[1522703060] INITIAL SERVICE STATE: pgen1.gate.rtf;Mount options of /mnt/data;OK;HARD;1;OK - mount options exactly as expected
[1522703060] INITIAL SERVICE STATE: pgen1.gate.rtf;NTP Time;OK;HARD;1;OK - stratum 2, offset 0.0149 ms, reference: 192.168.4.248 (ntp.gate.rtf)
[1522703060] INITIAL SERVICE STATE: pgen1.gate.rtf;Number of threads;OK;HARD;1;OK - 344 threads
[1522703060] INITIAL SERVICE STATE: pgen1.gate.rtf;Postfix Queue;OK;HARD;1;OK - deferred queue length is 0, active queue length is 0
[1522703060] INITIAL SERVICE STATE: pgen1.gate.rtf;TCP Connections;OK;HARD;1;OK - ESTABLISHED: 4, CLOSE_WAIT: 1, TIME_WAIT: 69, FIN_WAIT2: 1, LISTEN: 20
[1522703060] INITIAL SERVICE STATE: pgen1.gate.rtf;Uptime;OK;HARD;1;OK - up since Thu Mar 29 17:11:11 2018 (4d 03:49:23)
[1522703060] INITIAL SERVICE STATE: pgen2.gate.rtf;CPU load;OK;HARD;1;OK - 15 min load 0.17 at 24 Cores (0.01 per Core)
[1522703060] INITIAL SERVICE STATE: pgen2.gate.rtf;CPU utilization;OK;HARD;1;OK - user: 0.6%, system: 0.2%, wait: 0.0%, steal: 0.0%, guest: 0.0%, total: 0.8%
[1522703060] INITIAL SERVICE STATE: pgen2.gate.rtf;Check_MK;OK;HARD;1;OK - Agent version 1.2.8p18, execution time 0.6 sec
[1522703060] INITIAL SERVICE STATE: pgen2.gate.rtf;Check_MK Discovery;WARNING;HARD;1;WARN - 2 unmonitored services (lnx_if:1, local:1)(!), no vanished services found
[1522703060] INITIAL SERVICE STATE: pgen2.gate.rtf;Disk IO SUMMARY;OK;HARD;1;OK - Utilization: 0.0%, Read: 0.00 B/s, Write: 11.40 kB/s, Average Wait: 0.02 ms, Average Read Wait: 0.00 ms, Average Write Wait: 0.02 ms, Latency: 0.02 ms
[1522703060] INITIAL SERVICE STATE: pgen2.gate.rtf;Filesystem /;OK;HARD;1;OK - 16.1% used (15.46 of 96.00 GB), trend: -1.27 MB / 24 hours
[1522703060] INITIAL SERVICE STATE: pgen2.gate.rtf;Filesystem /home;OK;HARD;1;OK - 11.7% used (11.21 of 96.00 GB), trend: 0.00 B / 24 hours
[1522703060] INITIAL SERVICE STATE: pgen2.gate.rtf;Filesystem /mnt/data;OK;HARD;1;OK - 77.6% used (21.16 of 27.28 TB), trend: +11.76 GB / 24 hours
[1522703060] INITIAL SERVICE STATE: pgen2.gate.rtf;HD_cfradial/moments/sband;CRITICAL;HARD;1;CRIT - missing
[1522703060] INITIAL SERVICE STATE: pgen2.gate.rtf;HD_fmq/moments/sband/shmem_20000;OK;HARD;1;OK - OK
[1522703060] INITIAL SERVICE STATE: pgen2.gate.rtf;HD_spdb/monitor/sband;OK;HARD;1;OK - OK
[1522703060] INITIAL SERVICE STATE: pgen2.gate.rtf;HD_spdb/rhi/sband;CRITICAL;HARD;1;CRIT - missing
[1522703060] INITIAL SERVICE STATE: pgen2.gate.rtf;HP_DataMapper_primary;OK;HARD;1;OK - OK
[1522703060] INITIAL SERVICE STATE: pgen2.gate.rtf;HP_DsFileDist_front;OK;HARD;1;OK - OK
[1522703060] INITIAL SERVICE STATE: pgen2.gate.rtf;HP_DsFmqServer_manager;OK;HARD;1;OK - OK
[1522703060] INITIAL SERVICE STATE: pgen2.gate.rtf;HP_DsServerMgr_primary;OK;HARD;1;OK - OK
[1522703060] INITIAL SERVICE STATE: pgen2.gate.rtf;HP_Dsr2Radx_covar.sband;OK;HARD;1;OK - OK
[1522703060] INITIAL SERVICE STATE: pgen2.gate.rtf;HP_Dsr2Radx_moments.sband;OK;HARD;1;OK - OK
[1522703060] INITIAL SERVICE STATE: pgen2.gate.rtf;HP_Dsr2Radx_sunscan.sband;OK;HARD;1;OK - OK
[1522703060] INITIAL SERVICE STATE: pgen2.gate.rtf;HP_RadxPartRain_sband.rhi;OK;HARD;1;OK - OK
[1522703060] INITIAL SERVICE STATE: pgen2.gate.rtf;HP_RadxPartRain_sband.sur;OK;HARD;1;OK - OK
[1522703060] INITIAL SERVICE STATE: pgen2.gate.rtf;HP_Rhi2Spdb_sband;OK;HARD;1;OK - OK
[1522703060] INITIAL SERVICE STATE: pgen2.gate.rtf;HP_Scout_primary;OK;HARD;1;OK - OK
[1522703060] INITIAL SERVICE STATE: pgen2.gate.rtf;HP_TsSmartSave_sband;OK;HARD;1;OK - OK
[1522703060] INITIAL SERVICE STATE: pgen2.gate.rtf;HawkSummary_Data;CRITICAL;HARD;1;CRIT - Services ok/prob: 2/2
[1522703060] INITIAL SERVICE STATE: pgen2.gate.rtf;HawkSummary_Processes;OK;HARD;1;OK - Services ok/prob: 13/0
[1522703060] INITIAL SERVICE STATE: pgen2.gate.rtf;Interface 2;OK;HARD;1;OK - [em1] (up) MAC: d4:ae:52:b5:b0:cc, 1 Gbit/s, in: 13.22 MB/s(11.1%), out: 131.00 kB/s(0.1%)
[1522703060] INITIAL SERVICE STATE: pgen2.gate.rtf;Kernel Context Switches;OK;HARD;1;OK - 5713/s
[1522703060] INITIAL SERVICE STATE: pgen2.gate.rtf;Kernel Major Page Faults;OK;HARD;1;OK - 0/s
[1522703060] INITIAL SERVICE STATE: pgen2.gate.rtf;Kernel Process Creations;OK;HARD;1;OK - 7/s
[1522703060] INITIAL SERVICE STATE: pgen2.gate.rtf;Logins;OK;HARD;1;OK - 0 logins on system (warn/crit at 20/30)
[1522703060] INITIAL SERVICE STATE: pgen2.gate.rtf;Memory;OK;HARD;1;OK - RAM used: 2.30 GB of 62.71 GB, Swap used: 0.00 B of 7.81 GB, Total virtual memory used: 2.30 GB of 70.53 GB (3.3%),
[1522703060] INITIAL SERVICE STATE: pgen2.gate.rtf;Mount options of /;OK;HARD;1;OK - mount options exactly as expected
[1522703060] INITIAL SERVICE STATE: pgen2.gate.rtf;Mount options of /home;OK;HARD;1;OK - mount options exactly as expected
[1522703060] INITIAL SERVICE STATE: pgen2.gate.rtf;Mount options of /mnt/data;OK;HARD;1;OK - mount options exactly as expected
[1522703060] INITIAL SERVICE STATE: pgen2.gate.rtf;NTP Time;OK;HARD;1;OK - stratum 2, offset 0.0250 ms, reference: 192.168.4.248 (ntp.gate.rtf)
[1522703060] INITIAL SERVICE STATE: pgen2.gate.rtf;Number of threads;OK;HARD;1;OK - 339 threads
[1522703060] INITIAL SERVICE STATE: pgen2.gate.rtf;Postfix Queue;OK;HARD;1;OK - deferred queue length is 0, active queue length is 0
[1522703060] INITIAL SERVICE STATE: pgen2.gate.rtf;TCP Connections;OK;HARD;1;OK - ESTABLISHED: 4, CLOSE_WAIT: 1, TIME_WAIT: 48, FIN_WAIT2: 1, LISTEN: 20
[1522703060] INITIAL SERVICE STATE: pgen2.gate.rtf;Uptime;OK;HARD;1;OK - up since Thu Mar 29 17:11:33 2018 (4d 03:48:26)
[1522703726] SERVICE ALERT: control2.gate.rtf;Check_MK;CRITICAL;HARD;1;CRIT - Cannot get data from TCP port 192.168.4.10:6556: timed out, execution time 5.0 sec
[1522703726] SERVICE NOTIFICATION: check-mk-notify;control2.gate.rtf;Check_MK;CRITICAL;check-mk-notify;CRIT - Cannot get data from TCP port 192.168.4.10:6556: timed out, execution time 5.0 sec
[1522703730] HOST ALERT: control2.gate.rtf;DOWN;HARD;1;CRITICAL - 192.168.4.10: rta nan, lost 100%
[1522703730] HOST NOTIFICATION: check-mk-notify;control2.gate.rtf;DOWN;check-mk-notify;CRITICAL - 192.168.4.10: rta nan, lost 100%
[1522703934] HOST ALERT: control2.gate.rtf;UP;HARD;1;OK - 192.168.4.10: rta 0.139ms, lost 0%
[1522703934] HOST NOTIFICATION: check-mk-notify;control2.gate.rtf;UP;check-mk-notify;OK - 192.168.4.10: rta 0.139ms, lost 0%
[1522703961] SERVICE ALERT: control2.gate.rtf;Check_MK;OK;HARD;1;OK - Agent version 1.2.8p18, execution time 0.6 sec
[1522703961] SERVICE NOTIFICATION: check-mk-notify;control2.gate.rtf;Check_MK;OK;check-mk-notify;OK - Agent version 1.2.8p18, execution time 0.6 sec
[1522706660] Auto-save of retention data completed successfully.
[1522710260] Auto-save of retention data completed successfully.
[1522713600] TIMEPERIOD TRANSITION: 24X7;1;1
