[1522886400] LOG ROTATION: DAILY
[1522886400] LOG VERSION: 2.0
[1522886400] CURRENT HOST STATE: control1.gate.rtf;UP;HARD;1;OK - 192.168.4.2: rta 0.011ms, lost 0%
[1522886400] CURRENT HOST STATE: control2.gate.rtf;UP;HARD;1;OK - 192.168.4.10: rta 0.144ms, lost 0%
[1522886400] CURRENT HOST STATE: mgen1.gate.rtf;UP;HARD;1;OK - 192.168.4.3: rta 0.186ms, lost 0%
[1522886400] CURRENT HOST STATE: mgen2.gate.rtf;UP;HARD;1;OK - 192.168.4.22: rta 0.114ms, lost 0%
[1522886400] CURRENT HOST STATE: pgen1.gate.rtf;UP;HARD;1;OK - 192.168.4.23: rta 0.155ms, lost 0%
[1522886400] CURRENT HOST STATE: pgen2.gate.rtf;UP;HARD;1;OK - 192.168.4.25: rta 0.188ms, lost 0%
[1522886400] CURRENT SERVICE STATE: control1.gate.rtf;ANT_Antenna_Door_Open_Fault;OK;HARD;1;OK - 0
[1522886400] CURRENT SERVICE STATE: control1.gate.rtf;ANT_Az_Run_Line_Active;OK;HARD;1;OK - 0
[1522886400] CURRENT SERVICE STATE: control1.gate.rtf;ANT_Azimuth_Brake_Bypass_Fault;OK;HARD;1;OK - 0
[1522886400] CURRENT SERVICE STATE: control1.gate.rtf;ANT_Azimuth_Brakes_Fault;CRITICAL;HARD;1;CRIT - FAULT - 1
[1522886400] CURRENT SERVICE STATE: control1.gate.rtf;ANT_Azimuth_Fans_Fault;CRITICAL;HARD;1;CRIT - FAULT - 1
[1522886400] CURRENT SERVICE STATE: control1.gate.rtf;ANT_Azimuth_Stowed_Fault;OK;HARD;1;OK - 0
[1522886400] CURRENT SERVICE STATE: control1.gate.rtf;ANT_Azimuth_Temperature_Fault;OK;HARD;1;OK - 0
[1522886400] CURRENT SERVICE STATE: control1.gate.rtf;ANT_COHO_Gate_Fault;OK;HARD;1;OK - 0
[1522886400] CURRENT SERVICE STATE: control1.gate.rtf;ANT_Circulator_Temperature_Fault;OK;HARD;1;OK - 0
[1522886400] CURRENT SERVICE STATE: control1.gate.rtf;ANT_El_Run_Line_Active;OK;HARD;1;OK - 0
[1522886400] CURRENT SERVICE STATE: control1.gate.rtf;ANT_Elevation_Brake_Bypass_Fault;OK;HARD;1;OK - 0
[1522886400] CURRENT SERVICE STATE: control1.gate.rtf;ANT_Elevation_Brakes_Fault;CRITICAL;HARD;1;CRIT - FAULT - 1
[1522886400] CURRENT SERVICE STATE: control1.gate.rtf;ANT_Elevation_Fans_Fault;CRITICAL;HARD;1;CRIT - FAULT - 1
[1522886400] CURRENT SERVICE STATE: control1.gate.rtf;ANT_Elevation_Limit_Fault;OK;HARD;1;OK - 0
[1522886400] CURRENT SERVICE STATE: control1.gate.rtf;ANT_Elevation_Stowed_Fault;OK;HARD;1;OK - 0
[1522886400] CURRENT SERVICE STATE: control1.gate.rtf;ANT_Elevation_Temperature_Fault;OK;HARD;1;OK - 0
[1522886400] CURRENT SERVICE STATE: control1.gate.rtf;ANT_Mitch_Switch_Fault;OK;HARD;1;OK - 0
[1522886400] CURRENT SERVICE STATE: control1.gate.rtf;ANT_Oil_Pressure_Fault;CRITICAL;HARD;1;CRIT - FAULT - 1
[1522886400] CURRENT SERVICE STATE: control1.gate.rtf;ANT_Pedestal_Switch_Disabled_Fault;CRITICAL;HARD;1;CRIT - FAULT - 1
[1522886400] CURRENT SERVICE STATE: control1.gate.rtf;ANT_RF_Disabled_Fault;OK;HARD;1;OK - 0
[1522886400] CURRENT SERVICE STATE: control1.gate.rtf;ANT_RF_Ladder_Lockout_Fault;CRITICAL;HARD;1;CRIT - FAULT - 1
[1522886400] CURRENT SERVICE STATE: control1.gate.rtf;ANT_Wave_Guide_Pressure_Fault;OK;HARD;1;OK - 0
[1522886400] CURRENT SERVICE STATE: control1.gate.rtf;ANT_Wave_Guide_Switch_Fault;CRITICAL;HARD;1;CRIT - FAULT - 1
[1522886400] CURRENT SERVICE STATE: control1.gate.rtf;CPU load;OK;HARD;1;OK - 15 min load 0.05 at 16 Cores (0.00 per Core)
[1522886400] CURRENT SERVICE STATE: control1.gate.rtf;CPU utilization;OK;HARD;1;OK - user: 0.5%, system: 0.3%, wait: 0.0%, steal: 0.0%, guest: 0.0%, total: 0.9%
[1522886400] CURRENT SERVICE STATE: control1.gate.rtf;Check_MK;OK;HARD;1;OK - Agent version 1.2.8p26, execution time 0.6 sec
[1522886400] CURRENT SERVICE STATE: control1.gate.rtf;Check_MK Discovery;OK;HARD;1;OK - no unmonitored services found, no vanished services found
[1522886400] CURRENT SERVICE STATE: control1.gate.rtf;Disk IO SUMMARY;OK;HARD;1;OK - Utilization: 0.1%, Read: 750.93 B/s, Write: 59.42 kB/s, Average Wait: 0.28 ms, Average Read Wait: 8.19 ms, Average Write Wait: 0.03 ms, Latency: 0.26 ms
[1522886400] CURRENT SERVICE STATE: control1.gate.rtf;Filesystem /;OK;HARD;1;OK - 42.4% used (16.54 of 39.04 GB), trend: +5.71 MB / 24 hours
[1522886400] CURRENT SERVICE STATE: control1.gate.rtf;Filesystem /data;OK;HARD;1;OK - 25.5% used (400.32 GB of 1.53 TB), trend: -766.10 kB / 24 hours
[1522886400] CURRENT SERVICE STATE: control1.gate.rtf;Filesystem /home;OK;HARD;1;OK - 63.3% used (29.84 of 47.17 GB), trend: -49.27 B / 24 hours
[1522886400] CURRENT SERVICE STATE: control1.gate.rtf;HP_DataMapper_primary;OK;HARD;1;OK - OK
[1522886400] CURRENT SERVICE STATE: control1.gate.rtf;HP_DsFileDist_ext_data;OK;HARD;1;OK - OK
[1522886400] CURRENT SERVICE STATE: control1.gate.rtf;HP_DsServerMgr_primary;OK;HARD;1;OK - OK
[1522886400] CURRENT SERVICE STATE: control1.gate.rtf;HP_Fmq2Fmq_monitoring;OK;HARD;1;OK - OK
[1522886400] CURRENT SERVICE STATE: control1.gate.rtf;HP_InputWatcher_spol_cams;OK;HARD;1;OK - OK
[1522886400] CURRENT SERVICE STATE: control1.gate.rtf;HP_Janitor_logs;OK;HARD;1;OK - OK
[1522886400] CURRENT SERVICE STATE: control1.gate.rtf;HP_Janitor_sysview;OK;HARD;1;OK - OK
[1522886400] CURRENT SERVICE STATE: control1.gate.rtf;HP_LdataWatcher_sysview;OK;HARD;1;OK - OK
[1522886400] CURRENT SERVICE STATE: control1.gate.rtf;HP_Scout_primary;OK;HARD;1;OK - OK
[1522886400] CURRENT SERVICE STATE: control1.gate.rtf;HP_SpolMonCtrl_ops;OK;HARD;1;OK - OK
[1522886400] CURRENT SERVICE STATE: control1.gate.rtf;HawkSummary_Data;OK;HARD;1;OK - 0 data set(s) have problems
[1522886400] CURRENT SERVICE STATE: control1.gate.rtf;HawkSummary_Processes;OK;HARD;1;OK - Services ok/prob: 10/0
[1522886400] CURRENT SERVICE STATE: control1.gate.rtf;Interface 2;OK;HARD;1;OK - [em1] (up) MAC: 78:2b:cb:0d:ae:c0, 1 Gbit/s, in: 6.83 kB/s(0.0%), out: 10.10 kB/s(0.0%)
[1522886400] CURRENT SERVICE STATE: control1.gate.rtf;Interface 3;OK;HARD;1;OK - [em2] (up) MAC: 78:2b:cb:0d:ae:c1, 1 Gbit/s, in: 80.31 B/s(0.0%), out: 83.87 B/s(0.0%)
[1522886400] CURRENT SERVICE STATE: control1.gate.rtf;Kernel Context Switches;OK;HARD;1;OK - 953/s
[1522886400] CURRENT SERVICE STATE: control1.gate.rtf;Kernel Major Page Faults;OK;HARD;1;OK - 0/s
[1522886400] CURRENT SERVICE STATE: control1.gate.rtf;Kernel Process Creations;OK;HARD;1;OK - 8/s
[1522886400] CURRENT SERVICE STATE: control1.gate.rtf;Logins;OK;HARD;1;OK - 2 logins on system (warn/crit at 20/30)
[1522886400] CURRENT SERVICE STATE: control1.gate.rtf;Memory;OK;HARD;1;OK - RAM used: 1009.09 MB of 11.56 GB, Swap used: 0.00 B of 3.91 GB, Total virtual memory used: 1009.09 MB of 15.47 GB (6.4%),
[1522886400] CURRENT SERVICE STATE: control1.gate.rtf;Mount options of /;OK;HARD;1;OK - mount options exactly as expected
[1522886400] CURRENT SERVICE STATE: control1.gate.rtf;Mount options of /data;OK;HARD;1;OK - mount options exactly as expected
[1522886400] CURRENT SERVICE STATE: control1.gate.rtf;Mount options of /home;OK;HARD;1;OK - mount options exactly as expected
[1522886400] CURRENT SERVICE STATE: control1.gate.rtf;NTP Time;OK;HARD;1;OK - stratum 2, offset 0.0048 ms, reference: C0A804F8 (192.168.4.248)
[1522886400] CURRENT SERVICE STATE: control1.gate.rtf;Number of threads;OK;HARD;1;OK - 481 threads
[1522886400] CURRENT SERVICE STATE: control1.gate.rtf;OMD prod apache;OK;HARD;1;OK - 0.08 Requests/s, 0.02 Seconds serving/s, 5.49 kB Sent/s
[1522886400] CURRENT SERVICE STATE: control1.gate.rtf;OMD prod performance;OK;HARD;1;OK - Host Checks: 0.1/s, Service Checks: 5.7/s, Process Creations: 0.2/s, Livestatus Connects: 0.1/s, Livestatus Requests: 0.2/s, Log Messages: 0.0/s, 6 Hosts, 351 Services, Core version: 3.5.0, Livestatus version: 1.2.8p15
[1522886400] CURRENT SERVICE STATE: control1.gate.rtf;OMD prod status;OK;HARD;1;OK - running
[1522886400] CURRENT SERVICE STATE: control1.gate.rtf;PM_AC_Power;OK;HARD;1;OK - Source 2
[1522886400] CURRENT SERVICE STATE: control1.gate.rtf;PM_Frequency;OK;HARD;1;OK - 600
[1522886400] CURRENT SERVICE STATE: control1.gate.rtf;PM_Source_Switched;OK;HARD;1;OK - ---
[1522886400] CURRENT SERVICE STATE: control1.gate.rtf;PM_TotalKW;OK;HARD;1;OK - 6548
[1522886400] CURRENT SERVICE STATE: control1.gate.rtf;PM_VoltageA;OK;HARD;1;OK - 122
[1522886400] CURRENT SERVICE STATE: control1.gate.rtf;PM_VoltageB;OK;HARD;1;OK - 122
[1522886400] CURRENT SERVICE STATE: control1.gate.rtf;PM_VoltageC;OK;HARD;1;OK - 123
[1522886400] CURRENT SERVICE STATE: control1.gate.rtf;PM_XmitPowerDbmH;CRITICAL;HARD;1;CRIT - CRITICAL - 58.78
[1522886400] CURRENT SERVICE STATE: control1.gate.rtf;PM_XmitPowerDbmTxTop;CRITICAL;HARD;1;CRIT - CRITICAL - -99.99
[1522886400] CURRENT SERVICE STATE: control1.gate.rtf;PM_XmitPowerDbmV;CRITICAL;HARD;1;CRIT - CRITICAL - 62.04
[1522886400] CURRENT SERVICE STATE: control1.gate.rtf;Postfix Queue;OK;HARD;1;OK - deferred queue length is 0, active queue length is 0
[1522886400] CURRENT SERVICE STATE: control1.gate.rtf;TCP Connections;OK;HARD;1;OK - ESTABLISHED: 25, TIME_WAIT: 44, FIN_WAIT1: 62, LISTEN: 27
[1522886400] CURRENT SERVICE STATE: control1.gate.rtf;TEMP_Annex;OK;HARD;1;OK - 27.9
[1522886400] CURRENT SERVICE STATE: control1.gate.rtf;TEMP_Front_Wall;CRITICAL;HARD;1;CRIT - CRITICAL - 339.8
[1522886400] CURRENT SERVICE STATE: control1.gate.rtf;TEMP_Horiz_LNA;CRITICAL;HARD;1;CRIT - CRITICAL - 327.9
[1522886400] CURRENT SERVICE STATE: control1.gate.rtf;TEMP_Klystron;OK;HARD;1;OK - 24.9
[1522886400] CURRENT SERVICE STATE: control1.gate.rtf;TEMP_Rcvr_Enclosure;CRITICAL;HARD;1;CRIT - CRITICAL - 336.3
[1522886400] CURRENT SERVICE STATE: control1.gate.rtf;TEMP_Rear_Wall;OK;HARD;1;OK - 15.2
[1522886400] CURRENT SERVICE STATE: control1.gate.rtf;TEMP_SCC;OK;HARD;1;OK - 31.6
[1522886400] CURRENT SERVICE STATE: control1.gate.rtf;TEMP_UPS_Container;OK;HARD;1;OK - 24.0
[1522886400] CURRENT SERVICE STATE: control1.gate.rtf;TEMP_Vert_LNA;CRITICAL;HARD;1;CRIT - CRITICAL - 329.7
[1522886400] CURRENT SERVICE STATE: control1.gate.rtf;TX_Cabinet_Air_Temperature_Fault;OK;HARD;1;OK - 0
[1522886400] CURRENT SERVICE STATE: control1.gate.rtf;TX_Cabinet_Airflow_Fault;OK;HARD;1;OK - 0
[1522886400] CURRENT SERVICE STATE: control1.gate.rtf;TX_Cabinet_Interlock_Fault;OK;HARD;1;OK - 0
[1522886400] CURRENT SERVICE STATE: control1.gate.rtf;TX_Charging_System_Fail_Fault;OK;HARD;1;OK - 0
[1522886400] CURRENT SERVICE STATE: control1.gate.rtf;TX_Circulator_Temperature_Fault;OK;HARD;1;OK - 0
[1522886400] CURRENT SERVICE STATE: control1.gate.rtf;TX_Filament_PS_Voltage_Fault;OK;HARD;1;OK - 0
[1522886400] CURRENT SERVICE STATE: control1.gate.rtf;TX_Filament_ps_Fault;OK;HARD;1;OK - 0
[1522886400] CURRENT SERVICE STATE: control1.gate.rtf;TX_Focus_Coil_Airflow_Fault;OK;HARD;1;OK - 0
[1522886400] CURRENT SERVICE STATE: control1.gate.rtf;TX_Focus_Coil_Current_Fault;OK;HARD;1;OK - 0
[1522886400] CURRENT SERVICE STATE: control1.gate.rtf;TX_Focus_Coil_PS_Voltage_Fault;OK;HARD;1;OK - 0
[1522886400] CURRENT SERVICE STATE: control1.gate.rtf;TX_Inverse_Diode_Current_HV_Fault;OK;HARD;1;OK - 0
[1522886400] CURRENT SERVICE STATE: control1.gate.rtf;TX_Klystron_Air_Temperature_Fault;OK;HARD;1;OK - 0
[1522886400] CURRENT SERVICE STATE: control1.gate.rtf;TX_Klystron_Airflow_Fault;OK;HARD;1;OK - 0
[1522886400] CURRENT SERVICE STATE: control1.gate.rtf;TX_Klystron_Current_Fault;OK;HARD;1;OK - 0
[1522886400] CURRENT SERVICE STATE: control1.gate.rtf;TX_Klystron_Filament_Current_Fault;OK;HARD;1;OK - 0
[1522886400] CURRENT SERVICE STATE: control1.gate.rtf;TX_Klystron_Vacuum_Pump_Current_Fault;OK;HARD;1;OK - 0
[1522886400] CURRENT SERVICE STATE: control1.gate.rtf;TX_Klystron_Warmup_Fault;OK;HARD;1;OK - 0
[1522886400] CURRENT SERVICE STATE: control1.gate.rtf;TX_M15_VDC_PS_Fault;OK;HARD;1;OK - 0
[1522886400] CURRENT SERVICE STATE: control1.gate.rtf;TX_Main_Power_Voltage_Fault;OK;HARD;1;OK - 0
[1522886400] CURRENT SERVICE STATE: control1.gate.rtf;TX_Maintenance_Required_Fault;OK;HARD;1;OK - 0
[1522886400] CURRENT SERVICE STATE: control1.gate.rtf;TX_Modulator_Inverse_Current_Fault;OK;HARD;1;OK - 0
[1522886400] CURRENT SERVICE STATE: control1.gate.rtf;TX_Modulator_Overload_Fault;OK;HARD;1;OK - 0
[1522886400] CURRENT SERVICE STATE: control1.gate.rtf;TX_Modulator_Switch_Fail_Fault;OK;HARD;1;OK - 0
[1522886400] CURRENT SERVICE STATE: control1.gate.rtf;TX_Modulator_Switch_Maintenance_Fault;OK;HARD;1;OK - 0
[1522886400] CURRENT SERVICE STATE: control1.gate.rtf;TX_P15_VDC_PS_Fault;OK;HARD;1;OK - 0
[1522886400] CURRENT SERVICE STATE: control1.gate.rtf;TX_P28_VDC_PS_Fault;OK;HARD;1;OK - 0
[1522886400] CURRENT SERVICE STATE: control1.gate.rtf;TX_P45_VDC_PS_Fault;OK;HARD;1;OK - 0
[1522886400] CURRENT SERVICE STATE: control1.gate.rtf;TX_P5_VDC_PS_Fault;OK;HARD;1;OK - 0
[1522886400] CURRENT SERVICE STATE: control1.gate.rtf;TX_PRF_Limit_Fault;OK;HARD;1;OK - 0
[1522886400] CURRENT SERVICE STATE: control1.gate.rtf;TX_Post_Charge_Regulator_Fault;OK;HARD;1;OK - 0
[1522886400] CURRENT SERVICE STATE: control1.gate.rtf;TX_Spectrum_Filter_Pressure_Fault;OK;HARD;1;OK - 0
[1522886400] CURRENT SERVICE STATE: control1.gate.rtf;TX_Transmitter_Avail_Fault;OK;HARD;1;OK - 0
[1522886400] CURRENT SERVICE STATE: control1.gate.rtf;TX_Transmitter_Battery_Charging_Fault;OK;HARD;1;OK - 0
[1522886400] CURRENT SERVICE STATE: control1.gate.rtf;TX_Transmitter_Oil_Level_Fault;OK;HARD;1;OK - 0
[1522886400] CURRENT SERVICE STATE: control1.gate.rtf;TX_Transmitter_Oil_Temperature_Fault;OK;HARD;1;OK - 0
[1522886400] CURRENT SERVICE STATE: control1.gate.rtf;TX_Transmitter_Overcurrent_Fault;OK;HARD;1;OK - 0
[1522886400] CURRENT SERVICE STATE: control1.gate.rtf;TX_Transmitter_Overvoltage_Fault;OK;HARD;1;OK - 0
[1522886400] CURRENT SERVICE STATE: control1.gate.rtf;TX_Transmitter_Spare_0_Fault;OK;HARD;1;OK - 0
[1522886400] CURRENT SERVICE STATE: control1.gate.rtf;TX_Transmitter_Spare_1_Fault;OK;HARD;1;OK - 0
[1522886400] CURRENT SERVICE STATE: control1.gate.rtf;TX_Trigger_Amplifier_Fault;OK;HARD;1;OK - 0
[1522886400] CURRENT SERVICE STATE: control1.gate.rtf;TX_Vacuum_Pump_PS_Voltage_Fault;OK;HARD;1;OK - 0
[1522886400] CURRENT SERVICE STATE: control1.gate.rtf;TX_W_G_PFN_Transfer_Interlock_Fault;OK;HARD;1;OK - 0
[1522886400] CURRENT SERVICE STATE: control1.gate.rtf;TX_Waveguide_Arc_VSWR_Fault;OK;HARD;1;OK - 0
[1522886400] CURRENT SERVICE STATE: control1.gate.rtf;TX_Waveguide_Pressure_Humidity_Fault;OK;HARD;1;OK - 0
[1522886400] CURRENT SERVICE STATE: control1.gate.rtf;TX_Waveguide_Switch_Position_Fault;OK;HARD;1;OK - 0
[1522886400] CURRENT SERVICE STATE: control1.gate.rtf;UPSB_Alarms;OK;HARD;1;OK - 0
[1522886400] CURRENT SERVICE STATE: control1.gate.rtf;UPSB_BatteryState;OK;HARD;1;OK - 0
[1522886400] CURRENT SERVICE STATE: control1.gate.rtf;UPSB_OutputState;OK;HARD;1;OK - 0
[1522886400] CURRENT SERVICE STATE: control1.gate.rtf;UPS_Alarms;OK;HARD;1;OK - OK
[1522886400] CURRENT SERVICE STATE: control1.gate.rtf;UPS_BatteryState;OK;HARD;1;OK - OK
[1522886400] CURRENT SERVICE STATE: control1.gate.rtf;UPS_BatteryVoltage;OK;HARD;1;OK - 328
[1522886400] CURRENT SERVICE STATE: control1.gate.rtf;UPS_OutputState;OK;HARD;1;OK - OK
[1522886400] CURRENT SERVICE STATE: control1.gate.rtf;Uptime;OK;HARD;1;OK - up since Wed Apr  4 19:07:27 2018 (0d 04:51:56)
[1522886400] CURRENT SERVICE STATE: control1.gate.rtf;WG_PressurePSI;OK;HARD;1;OK - 5.48
[1522886400] CURRENT SERVICE STATE: control1.gate.rtf;WG_RH;OK;HARD;1;OK - 2.41
[1522886400] CURRENT SERVICE STATE: control1.gate.rtf;WG_TempC;OK;HARD;1;OK - 21.28
[1522886400] CURRENT SERVICE STATE: control1.gate.rtf;WX_RH;OK;HARD;1;OK - 21.10
[1522886400] CURRENT SERVICE STATE: control1.gate.rtf;WX_hailIntensityHitsPerCm2;OK;HARD;1;OK - 0.00
[1522886400] CURRENT SERVICE STATE: control1.gate.rtf;WX_heatingTempC;OK;HARD;1;OK - 15.60
[1522886400] CURRENT SERVICE STATE: control1.gate.rtf;WX_heatingVoltage;OK;HARD;1;OK - 24.00
[1522886400] CURRENT SERVICE STATE: control1.gate.rtf;WX_pressureHpa;OK;HARD;1;OK - 821.10
[1522886400] CURRENT SERVICE STATE: control1.gate.rtf;WX_rainRateMmPerHr;OK;HARD;1;OK - 0.00
[1522886400] CURRENT SERVICE STATE: control1.gate.rtf;WX_supplyVoltage;OK;HARD;1;OK - 24.20
[1522886400] CURRENT SERVICE STATE: control1.gate.rtf;WX_tempC;OK;HARD;1;OK - 13.20
[1522886400] CURRENT SERVICE STATE: control1.gate.rtf;WX_windDirnDeg;OK;HARD;1;OK - 332.00
[1522886400] CURRENT SERVICE STATE: control1.gate.rtf;WX_windSpeedMps;OK;HARD;1;OK - 4.10
[1522886400] CURRENT SERVICE STATE: control1.gate.rtf;XMIT_High_Voltage_Power;CRITICAL;HARD;1;CRIT - CRITICAL - 32770
[1522886400] CURRENT SERVICE STATE: control1.gate.rtf;XMIT_Panel_Power;CRITICAL;HARD;1;CRIT - CRITICAL - 32771
[1522886400] CURRENT SERVICE STATE: control2.gate.rtf;CPU load;OK;HARD;1;OK - 15 min load 0.13 at 16 Cores (0.01 per Core)
[1522886400] CURRENT SERVICE STATE: control2.gate.rtf;CPU utilization;OK;HARD;1;OK - user: 0.1%, system: 0.1%, wait: 0.0%, steal: 0.0%, guest: 0.0%, total: 0.3%
[1522886400] CURRENT SERVICE STATE: control2.gate.rtf;Check_MK;OK;HARD;1;OK - Agent version 1.2.8p18, execution time 0.2 sec
[1522886400] CURRENT SERVICE STATE: control2.gate.rtf;Check_MK Discovery;OK;HARD;1;OK - no unmonitored services found, no vanished services found
[1522886400] CURRENT SERVICE STATE: control2.gate.rtf;Disk IO SUMMARY;OK;HARD;1;OK - Utilization: 0.0%, Read: 68.27 B/s, Write: 51.80 kB/s, Average Wait: 0.02 ms, Average Read Wait: 1.50 ms, Average Write Wait: 0.02 ms, Latency: 0.02 ms
[1522886400] CURRENT SERVICE STATE: control2.gate.rtf;Filesystem /;OK;HARD;1;OK - 40.9% used (15.69 of 38.32 GB), trend: -3.43 MB / 24 hours
[1522886400] CURRENT SERVICE STATE: control2.gate.rtf;Filesystem /data;OK;HARD;1;OK - 5.3% used (380.17 GB of 6.96 TB), trend: +115.11 kB / 24 hours
[1522886400] CURRENT SERVICE STATE: control2.gate.rtf;Filesystem /home;OK;HARD;1;OK - 72.5% used (34.21 of 47.17 GB), trend: 0.00 B / 24 hours
[1522886400] CURRENT SERVICE STATE: control2.gate.rtf;Interface 2;OK;HARD;1;OK - [em1] (up) MAC: 78:2b:cb:0d:b1:3c, 1 Gbit/s, in: 3.24 kB/s(0.0%), out: 1.02 kB/s(0.0%)
[1522886400] CURRENT SERVICE STATE: control2.gate.rtf;Interface 3;OK;HARD;1;OK - [em2] (up) MAC: 78:2b:cb:0d:b1:3d, 1 Gbit/s, in: 8.96 B/s(0.0%), out: 0.00 B/s(0.0%)
[1522886400] CURRENT SERVICE STATE: control2.gate.rtf;Kernel Context Switches;OK;HARD;1;OK - 255/s
[1522886400] CURRENT SERVICE STATE: control2.gate.rtf;Kernel Major Page Faults;OK;HARD;1;OK - 0/s
[1522886400] CURRENT SERVICE STATE: control2.gate.rtf;Kernel Process Creations;OK;HARD;1;OK - 7/s
[1522886400] CURRENT SERVICE STATE: control2.gate.rtf;Logins;OK;HARD;1;OK - 2 logins on system (warn/crit at 20/30)
[1522886400] CURRENT SERVICE STATE: control2.gate.rtf;Memory;OK;HARD;1;OK - RAM used: 631.23 MB of 11.56 GB, Swap used: 0.00 B of 3.72 GB, Total virtual memory used: 631.23 MB of 15.29 GB (4.0%),
[1522886400] CURRENT SERVICE STATE: control2.gate.rtf;Mount options of /;OK;HARD;1;OK - mount options exactly as expected
[1522886400] CURRENT SERVICE STATE: control2.gate.rtf;Mount options of /data;OK;HARD;1;OK - mount options exactly as expected
[1522886400] CURRENT SERVICE STATE: control2.gate.rtf;Mount options of /home;OK;HARD;1;OK - mount options exactly as expected
[1522886400] CURRENT SERVICE STATE: control2.gate.rtf;NTP Time;OK;HARD;1;OK - stratum 2, offset 0.0163 ms, reference: 192.168.4.248 (ntp.gate.rtf)
[1522886400] CURRENT SERVICE STATE: control2.gate.rtf;Number of threads;OK;HARD;1;OK - 380 threads
[1522886400] CURRENT SERVICE STATE: control2.gate.rtf;OMD prod apache;OK;HARD;1;OK - No activity since last check
[1522886400] CURRENT SERVICE STATE: control2.gate.rtf;OMD prod performance;CRITICAL;HARD;1;CRIT - Host Checks: 0.1/s, Service Checks: 3.8/s, Process Creations: 0.2/s, Livestatus Connects: 0.0/s, Livestatus Requests: 0.0/s, Log Messages: 0.0/s, 6 Hosts, 232 Services, Core version: 3.5.0, Livestatus version: 1.2.8p15, Notifications are disabled(!!)
[1522886400] CURRENT SERVICE STATE: control2.gate.rtf;OMD prod status;OK;HARD;1;OK - running
[1522886400] CURRENT SERVICE STATE: control2.gate.rtf;Postfix Queue;OK;HARD;1;OK - deferred queue length is 0, active queue length is 0
[1522886400] CURRENT SERVICE STATE: control2.gate.rtf;TCP Connections;OK;HARD;1;OK - ESTABLISHED: 2, TIME_WAIT: 3, LISTEN: 13
[1522886400] CURRENT SERVICE STATE: control2.gate.rtf;Uptime;OK;HARD;1;OK - up since Mon Apr  2 21:18:11 2018 (2d 02:41:41)
[1522886400] CURRENT SERVICE STATE: mgen1.gate.rtf;AntennaStatus;CRITICAL;HARD;1;CRIT - CRITICAL Antenna stopped for 4395 seconds
[1522886400] CURRENT SERVICE STATE: mgen1.gate.rtf;CPU load;OK;HARD;1;OK - 15 min load 1.41 at 16 Cores (0.09 per Core)
[1522886400] CURRENT SERVICE STATE: mgen1.gate.rtf;CPU utilization;OK;HARD;1;OK - user: 10.8%, system: 0.9%, wait: 0.0%, steal: 0.0%, guest: 0.0%, total: 11.7%
[1522886400] CURRENT SERVICE STATE: mgen1.gate.rtf;Check_MK;OK;HARD;1;OK - Agent version 1.2.8p26, execution time 0.5 sec
[1522886400] CURRENT SERVICE STATE: mgen1.gate.rtf;Check_MK Discovery;OK;HARD;1;OK - no unmonitored services found, no vanished services found
[1522886400] CURRENT SERVICE STATE: mgen1.gate.rtf;Disk IO SUMMARY;OK;HARD;1;OK - Utilization: 0.0%, Read: 4.13 kB/s, Write: 29.20 kB/s, Average Wait: 0.18 ms, Average Read Wait: 1.10 ms, Average Write Wait: 0.01 ms, Latency: 0.18 ms
[1522886400] CURRENT SERVICE STATE: mgen1.gate.rtf;Filesystem /;OK;HARD;1;OK - 17.3% used (16.57 of 96.00 GB), trend: +1.39 MB / 24 hours
[1522886400] CURRENT SERVICE STATE: mgen1.gate.rtf;Filesystem /data;OK;HARD;1;OK - 75.2% used (1.33 of 1.77 TB), trend: +37.50 MB / 24 hours
[1522886400] CURRENT SERVICE STATE: mgen1.gate.rtf;Filesystem /home;OK;HARD;1;OK - 9.9% used (9.53 of 96.00 GB), trend: 0.00 B / 24 hours
[1522886400] CURRENT SERVICE STATE: mgen1.gate.rtf;HD_/tmp/fmq/SpolMonCtrl;CRITICAL;HARD;1;CRIT - missing
[1522886400] CURRENT SERVICE STATE: mgen1.gate.rtf;HD_/tmp/fmq/angles/shmem_30000;CRITICAL;HARD;1;CRIT - missing
[1522886400] CURRENT SERVICE STATE: mgen1.gate.rtf;HD_/tmp/fmq/moments/sband/shmem_20000;OK;HARD;1;OK - OK
[1522886400] CURRENT SERVICE STATE: mgen1.gate.rtf;HD_/tmp/fmq/syscon;WARNING;HARD;1;WARN - late
[1522886400] CURRENT SERVICE STATE: mgen1.gate.rtf;HD_/tmp/fmq/ts/sband/shmem_10000;OK;HARD;1;OK - OK
[1522886400] CURRENT SERVICE STATE: mgen1.gate.rtf;HP_DataMapper_primary;OK;HARD;1;OK - OK
[1522886400] CURRENT SERVICE STATE: mgen1.gate.rtf;HP_DsFileDist_suncal;OK;HARD;1;OK - OK
[1522886400] CURRENT SERVICE STATE: mgen1.gate.rtf;HP_DsFileDist_time_series;OK;HARD;1;OK - OK
[1522886400] CURRENT SERVICE STATE: mgen1.gate.rtf;HP_DsServerMgr_primary;OK;HARD;1;OK - OK
[1522886400] CURRENT SERVICE STATE: mgen1.gate.rtf;HP_Fmq2Fmq_moments.sband;OK;HARD;1;OK - OK
[1522886400] CURRENT SERVICE STATE: mgen1.gate.rtf;HP_Fmq2Fmq_moments.sband2;OK;HARD;1;OK - OK
[1522886400] CURRENT SERVICE STATE: mgen1.gate.rtf;HP_Fmq2Fmq_moments.spoldrx;OK;HARD;1;OK - OK
[1522886400] CURRENT SERVICE STATE: mgen1.gate.rtf;HP_Fmq2Fmq_ts.sband;OK;HARD;1;OK - OK
[1522886400] CURRENT SERVICE STATE: mgen1.gate.rtf;HP_Fmq2Fmq_ts.sband2;OK;HARD;1;OK - OK
[1522886400] CURRENT SERVICE STATE: mgen1.gate.rtf;HP_Iq2Dsr_sband;OK;HARD;1;OK - OK
[1522886400] CURRENT SERVICE STATE: mgen1.gate.rtf;HP_Iq2Dsr_spoldrx;OK;HARD;1;OK - OK
[1522886400] CURRENT SERVICE STATE: mgen1.gate.rtf;HP_Janitor_logs;OK;HARD;1;OK - OK
[1522886400] CURRENT SERVICE STATE: mgen1.gate.rtf;HP_Janitor_time_series;OK;HARD;1;OK - OK
[1522886400] CURRENT SERVICE STATE: mgen1.gate.rtf;HP_RadMon_log.sband;OK;HARD;1;OK - OK
[1522886400] CURRENT SERVICE STATE: mgen1.gate.rtf;HP_Scout_primary;OK;HARD;1;OK - OK
[1522886400] CURRENT SERVICE STATE: mgen1.gate.rtf;HP_SpolSysconRelay_sband;OK;HARD;1;OK - OK
[1522886400] CURRENT SERVICE STATE: mgen1.gate.rtf;HP_SpolTs2Fmq_sband;OK;HARD;1;OK - OK
[1522886400] CURRENT SERVICE STATE: mgen1.gate.rtf;HP_SpolTsMonitor_sband;OK;HARD;1;OK - OK
[1522886400] CURRENT SERVICE STATE: mgen1.gate.rtf;HP_SunCal_sband;OK;HARD;1;OK - OK
[1522886400] CURRENT SERVICE STATE: mgen1.gate.rtf;HP_TsTcp2Fmq_rvp8;OK;HARD;1;OK - OK
[1522886400] CURRENT SERVICE STATE: mgen1.gate.rtf;HawkSummary_Data;CRITICAL;HARD;1;CRIT - Services ok/prob: 2/3
[1522886400] CURRENT SERVICE STATE: mgen1.gate.rtf;HawkSummary_Processes;OK;HARD;1;OK - Services ok/prob: 20/0
[1522886400] CURRENT SERVICE STATE: mgen1.gate.rtf;IPMI Sensor Fan_Fan1;OK;HARD;1;OK - Current value 2400.0 RPM, critical below 600.0 RPM
[1522886400] CURRENT SERVICE STATE: mgen1.gate.rtf;IPMI Sensor Fan_Fan2;OK;HARD;1;OK - Current value 2400.0 RPM, critical below 600.0 RPM
[1522886400] CURRENT SERVICE STATE: mgen1.gate.rtf;IPMI Sensor Fan_Fan3;OK;HARD;1;OK - Current value 2280.0 RPM, critical below 600.0 RPM
[1522886400] CURRENT SERVICE STATE: mgen1.gate.rtf;IPMI Sensor Fan_Fan4;OK;HARD;1;OK - Current value 2280.0 RPM, critical below 600.0 RPM
[1522886400] CURRENT SERVICE STATE: mgen1.gate.rtf;IPMI Sensor Fan_Fan5;OK;HARD;1;OK - Current value 2400.0 RPM, critical below 600.0 RPM
[1522886400] CURRENT SERVICE STATE: mgen1.gate.rtf;IPMI Sensor Fan_Fan6;OK;HARD;1;OK - Current value 2280.0 RPM, critical below 600.0 RPM
[1522886400] CURRENT SERVICE STATE: mgen1.gate.rtf;IPMI Sensor Fan_Fan_Redundancy;OK;HARD;1;OK - Sensor status is Fully_Redundant
[1522886400] CURRENT SERVICE STATE: mgen1.gate.rtf;IPMI Sensor Temperature_Exhaust_Temp;OK;HARD;1;OK - Current value 29.0 C, valid range is 3.0 C ... 75.0 C
[1522886400] CURRENT SERVICE STATE: mgen1.gate.rtf;IPMI Sensor Temperature_Inlet_Temp;OK;HARD;1;OK - Current value 18.0 C, valid range is -7.0 C ... 47.0 C
[1522886400] CURRENT SERVICE STATE: mgen1.gate.rtf;IPMI Sensor Temperature_Temp;OK;HARD;1;OK - Current value 43.0 C
[1522886400] CURRENT SERVICE STATE: mgen1.gate.rtf;Interface 2;OK;HARD;1;OK - [em1] (up) MAC: d4:ae:52:b2:cb:ad, 1 Gbit/s, in: 23.83 MB/s(20.0%), out: 30.36 MB/s(25.5%)
[1522886400] CURRENT SERVICE STATE: mgen1.gate.rtf;Kernel Context Switches;OK;HARD;1;OK - 14909/s
[1522886400] CURRENT SERVICE STATE: mgen1.gate.rtf;Kernel Major Page Faults;OK;HARD;1;OK - 0/s
[1522886400] CURRENT SERVICE STATE: mgen1.gate.rtf;Kernel Process Creations;OK;HARD;1;OK - 9/s
[1522886400] CURRENT SERVICE STATE: mgen1.gate.rtf;Logins;OK;HARD;1;OK - 0 logins on system (warn/crit at 20/30)
[1522886400] CURRENT SERVICE STATE: mgen1.gate.rtf;Memory;OK;HARD;1;OK - RAM used: 2.61 GB of 62.71 GB, Swap used: 0.00 B of 31.25 GB, Total virtual memory used: 2.61 GB of 93.96 GB (2.8%),
[1522886400] CURRENT SERVICE STATE: mgen1.gate.rtf;Mount options of /;OK;HARD;1;OK - mount options exactly as expected
[1522886400] CURRENT SERVICE STATE: mgen1.gate.rtf;Mount options of /data;OK;HARD;1;OK - mount options exactly as expected
[1522886400] CURRENT SERVICE STATE: mgen1.gate.rtf;Mount options of /home;OK;HARD;1;OK - mount options exactly as expected
[1522886400] CURRENT SERVICE STATE: mgen1.gate.rtf;NTP Time;OK;HARD;1;OK - stratum 2, offset 0.0163 ms, reference: C0A804F8 (192.168.4.248)
[1522886400] CURRENT SERVICE STATE: mgen1.gate.rtf;Number of threads;OK;HARD;1;OK - 321 threads
[1522886400] CURRENT SERVICE STATE: mgen1.gate.rtf;Postfix Queue;OK;HARD;1;OK - deferred queue length is 0, active queue length is 0
[1522886400] CURRENT SERVICE STATE: mgen1.gate.rtf;SBandAntennaMovement_stationaryPeriod;CRITICAL;HARD;1;WARN - stationaryPeriod = 11184 sec
[1522886400] CURRENT SERVICE STATE: mgen1.gate.rtf;TCP Connections;OK;HARD;1;OK - ESTABLISHED: 14, CLOSE_WAIT: 1, TIME_WAIT: 103, FIN_WAIT2: 1, LISTEN: 22
[1522886400] CURRENT SERVICE STATE: mgen1.gate.rtf;Uptime;OK;HARD;1;OK - up since Thu Mar 29 17:11:04 2018 (6d 06:48:44)
[1522886400] CURRENT SERVICE STATE: mgen2.gate.rtf;CPU load;OK;HARD;1;OK - 15 min load 0.05 at 16 Cores (0.00 per Core)
[1522886400] CURRENT SERVICE STATE: mgen2.gate.rtf;CPU utilization;OK;HARD;1;OK - user: 0.1%, system: 0.2%, wait: 0.0%, steal: 0.0%, guest: 0.0%, total: 0.3%
[1522886400] CURRENT SERVICE STATE: mgen2.gate.rtf;Check_MK;OK;HARD;1;OK - Agent version 1.2.8p26, execution time 0.2 sec
[1522886400] CURRENT SERVICE STATE: mgen2.gate.rtf;Check_MK Discovery;OK;HARD;1;OK - no unmonitored services found, no vanished services found
[1522886400] CURRENT SERVICE STATE: mgen2.gate.rtf;Disk IO SUMMARY;OK;HARD;1;OK - Utilization: 0.0%, Read: 3.33 kB/s, Write: 17.47 kB/s, Average Wait: 0.04 ms, Average Read Wait: 0.03 ms, Average Write Wait: 0.01 ms, Latency: 0.04 ms
[1522886400] CURRENT SERVICE STATE: mgen2.gate.rtf;Filesystem /;OK;HARD;1;OK - 15.2% used (14.58 of 96.00 GB), trend: +770.09 kB / 24 hours
[1522886400] CURRENT SERVICE STATE: mgen2.gate.rtf;Filesystem /data;OK;HARD;1;OK - 53.7% used (973.93 GB of 1.77 TB), trend: -1.29 MB / 24 hours
[1522886400] CURRENT SERVICE STATE: mgen2.gate.rtf;Filesystem /home;OK;HARD;1;OK - 11.7% used (11.19 of 96.00 GB), trend: 0.00 B / 24 hours
[1522886400] CURRENT SERVICE STATE: mgen2.gate.rtf;IPMI Sensor Fan_Fan1;OK;HARD;1;OK - Current value 2280.0 RPM, critical below 600.0 RPM
[1522886400] CURRENT SERVICE STATE: mgen2.gate.rtf;IPMI Sensor Fan_Fan2;OK;HARD;1;OK - Current value 2280.0 RPM, critical below 600.0 RPM
[1522886400] CURRENT SERVICE STATE: mgen2.gate.rtf;IPMI Sensor Fan_Fan3;OK;HARD;1;OK - Current value 2280.0 RPM, critical below 600.0 RPM
[1522886400] CURRENT SERVICE STATE: mgen2.gate.rtf;IPMI Sensor Fan_Fan4;OK;HARD;1;OK - Current value 2280.0 RPM, critical below 600.0 RPM
[1522886400] CURRENT SERVICE STATE: mgen2.gate.rtf;IPMI Sensor Fan_Fan5;OK;HARD;1;OK - Current value 2040.0 RPM, critical below 600.0 RPM
[1522886400] CURRENT SERVICE STATE: mgen2.gate.rtf;IPMI Sensor Fan_Fan6;OK;HARD;1;OK - Current value 2280.0 RPM, critical below 600.0 RPM
[1522886400] CURRENT SERVICE STATE: mgen2.gate.rtf;IPMI Sensor Fan_Fan_Redundancy;OK;HARD;1;OK - Sensor status is Fully_Redundant
[1522886400] CURRENT SERVICE STATE: mgen2.gate.rtf;IPMI Sensor Temperature_Exhaust_Temp;OK;HARD;1;OK - Current value 27.0 C, valid range is 3.0 C ... 75.0 C
[1522886400] CURRENT SERVICE STATE: mgen2.gate.rtf;IPMI Sensor Temperature_Inlet_Temp;OK;HARD;1;OK - Current value 20.0 C, valid range is -7.0 C ... 47.0 C
[1522886400] CURRENT SERVICE STATE: mgen2.gate.rtf;IPMI Sensor Temperature_Temp;OK;HARD;1;OK - Current value 39.0 C
[1522886400] CURRENT SERVICE STATE: mgen2.gate.rtf;Interface 2;OK;HARD;1;OK - [em1] (up) MAC: d4:ae:52:b6:1b:40, 1 Gbit/s, in: 209.04 kB/s(0.2%), out: 152.89 kB/s(0.1%)
[1522886400] CURRENT SERVICE STATE: mgen2.gate.rtf;Kernel Context Switches;OK;HARD;1;OK - 9298/s
[1522886400] CURRENT SERVICE STATE: mgen2.gate.rtf;Kernel Major Page Faults;OK;HARD;1;OK - 0/s
[1522886400] CURRENT SERVICE STATE: mgen2.gate.rtf;Kernel Process Creations;OK;HARD;1;OK - 7/s
[1522886400] CURRENT SERVICE STATE: mgen2.gate.rtf;Logins;OK;HARD;1;OK - 0 logins on system (warn/crit at 20/30)
[1522886400] CURRENT SERVICE STATE: mgen2.gate.rtf;Memory;OK;HARD;1;OK - RAM used: 632.36 MB of 62.71 GB, Swap used: 0.00 B of 7.81 GB, Total virtual memory used: 632.36 MB of 70.52 GB (0.9%),
[1522886400] CURRENT SERVICE STATE: mgen2.gate.rtf;Mount options of /;OK;HARD;1;OK - mount options exactly as expected
[1522886400] CURRENT SERVICE STATE: mgen2.gate.rtf;Mount options of /data;OK;HARD;1;OK - mount options exactly as expected
[1522886400] CURRENT SERVICE STATE: mgen2.gate.rtf;Mount options of /home;OK;HARD;1;OK - mount options exactly as expected
[1522886400] CURRENT SERVICE STATE: mgen2.gate.rtf;NTP Time;OK;HARD;1;OK - stratum 2, offset 0.0135 ms, reference: C0A804F8 (192.168.4.248)
[1522886400] CURRENT SERVICE STATE: mgen2.gate.rtf;Number of threads;OK;HARD;1;OK - 279 threads
[1522886400] CURRENT SERVICE STATE: mgen2.gate.rtf;Postfix Queue;OK;HARD;1;OK - deferred queue length is 0, active queue length is 0
[1522886400] CURRENT SERVICE STATE: mgen2.gate.rtf;TCP Connections;OK;HARD;1;OK - ESTABLISHED: 3, TIME_WAIT: 29, LISTEN: 19
[1522886400] CURRENT SERVICE STATE: mgen2.gate.rtf;Uptime;OK;HARD;1;OK - up since Thu Mar 29 17:11:16 2018 (6d 06:48:02)
[1522886400] CURRENT SERVICE STATE: pgen1.gate.rtf;CPU load;OK;HARD;1;OK - 15 min load 0.17 at 24 Cores (0.01 per Core)
[1522886400] CURRENT SERVICE STATE: pgen1.gate.rtf;CPU utilization;OK;HARD;1;OK - user: 0.8%, system: 0.5%, wait: 0.0%, steal: 0.0%, guest: 0.0%, total: 1.3%
[1522886400] CURRENT SERVICE STATE: pgen1.gate.rtf;Check_MK;OK;HARD;1;OK - Agent version 1.2.8p18, execution time 0.6 sec
[1522886400] CURRENT SERVICE STATE: pgen1.gate.rtf;Check_MK Discovery;OK;HARD;1;OK - no unmonitored services found, no vanished services found
[1522886400] CURRENT SERVICE STATE: pgen1.gate.rtf;Disk IO SUMMARY;OK;HARD;1;OK - Utilization: 0.0%, Read: 0.00 B/s, Write: 15.44 kB/s, Average Wait: 0.01 ms, Average Read Wait: 0.00 ms, Average Write Wait: 0.01 ms, Latency: 0.01 ms
[1522886400] CURRENT SERVICE STATE: pgen1.gate.rtf;Filesystem /;OK;HARD;1;OK - 16.7% used (16.01 of 96.00 GB), trend: +1.46 MB / 24 hours
[1522886400] CURRENT SERVICE STATE: pgen1.gate.rtf;Filesystem /home;OK;HARD;1;OK - 16.6% used (15.93 of 96.00 GB), trend: 0.00 B / 24 hours
[1522886400] CURRENT SERVICE STATE: pgen1.gate.rtf;Filesystem /mnt/data;OK;HARD;1;OK - 71.2% used (19.43 of 27.28 TB), trend: +14.75 GB / 24 hours
[1522886400] CURRENT SERVICE STATE: pgen1.gate.rtf;HD_cfradial/moments/sband;WARNING;HARD;1;WARN - late
[1522886400] CURRENT SERVICE STATE: pgen1.gate.rtf;HD_fmq/moments/sband/shmem_20000;OK;HARD;1;OK - OK
[1522886400] CURRENT SERVICE STATE: pgen1.gate.rtf;HD_spdb/monitor/sband;OK;HARD;1;OK - OK
[1522886400] CURRENT SERVICE STATE: pgen1.gate.rtf;HD_spdb/rhi/sband;WARNING;HARD;1;WARN - late
[1522886400] CURRENT SERVICE STATE: pgen1.gate.rtf;HP_DataMapper_primary;OK;HARD;1;OK - OK
[1522886400] CURRENT SERVICE STATE: pgen1.gate.rtf;HP_DsFileDist_front;OK;HARD;1;OK - OK
[1522886400] CURRENT SERVICE STATE: pgen1.gate.rtf;HP_DsFmqServer_manager;OK;HARD;1;OK - OK
[1522886400] CURRENT SERVICE STATE: pgen1.gate.rtf;HP_DsServerMgr_primary;OK;HARD;1;OK - OK
[1522886400] CURRENT SERVICE STATE: pgen1.gate.rtf;HP_Dsr2Radx_bscan.sband;OK;HARD;1;OK - OK
[1522886400] CURRENT SERVICE STATE: pgen1.gate.rtf;HP_Dsr2Radx_bscan.spoldrx;OK;HARD;1;OK - OK
[1522886400] CURRENT SERVICE STATE: pgen1.gate.rtf;HP_Dsr2Radx_covar.sband;OK;HARD;1;OK - OK
[1522886400] CURRENT SERVICE STATE: pgen1.gate.rtf;HP_Dsr2Radx_moments.kband;OK;HARD;1;OK - OK
[1522886400] CURRENT SERVICE STATE: pgen1.gate.rtf;HP_Dsr2Radx_moments.sband;OK;HARD;1;OK - OK
[1522886400] CURRENT SERVICE STATE: pgen1.gate.rtf;HP_Dsr2Radx_sunscan.sband;OK;HARD;1;OK - OK
[1522886400] CURRENT SERVICE STATE: pgen1.gate.rtf;HP_RadxPartRain_sband.rhi;OK;HARD;1;OK - OK
[1522886400] CURRENT SERVICE STATE: pgen1.gate.rtf;HP_RadxPartRain_sband.sur;OK;HARD;1;OK - OK
[1522886400] CURRENT SERVICE STATE: pgen1.gate.rtf;HP_Rhi2Spdb_sband;OK;HARD;1;OK - OK
[1522886400] CURRENT SERVICE STATE: pgen1.gate.rtf;HP_Scout_primary;OK;HARD;1;OK - OK
[1522886400] CURRENT SERVICE STATE: pgen1.gate.rtf;HP_TsSmartSave_sband;OK;HARD;1;OK - OK
[1522886400] CURRENT SERVICE STATE: pgen1.gate.rtf;HawkSummary_Data;WARNING;HARD;1;WARN - Services ok/prob: 2/2
[1522886400] CURRENT SERVICE STATE: pgen1.gate.rtf;HawkSummary_Processes;OK;HARD;1;OK - Services ok/prob: 15/0
[1522886400] CURRENT SERVICE STATE: pgen1.gate.rtf;Interface 2;OK;HARD;1;OK - [em1] (up) MAC: d4:ae:52:b5:be:0b, 1 Gbit/s, in: 13.18 MB/s(11.1%), out: 130.70 kB/s(0.1%)
[1522886400] CURRENT SERVICE STATE: pgen1.gate.rtf;Kernel Context Switches;OK;HARD;1;OK - 5380/s
[1522886400] CURRENT SERVICE STATE: pgen1.gate.rtf;Kernel Major Page Faults;OK;HARD;1;OK - 0/s
[1522886400] CURRENT SERVICE STATE: pgen1.gate.rtf;Kernel Process Creations;OK;HARD;1;OK - 7/s
[1522886400] CURRENT SERVICE STATE: pgen1.gate.rtf;Logins;OK;HARD;1;OK - 0 logins on system (warn/crit at 20/30)
[1522886400] CURRENT SERVICE STATE: pgen1.gate.rtf;Memory;OK;HARD;1;OK - RAM used: 4.53 GB of 62.71 GB, Swap used: 296.44 MB of 7.81 GB, Total virtual memory used: 4.82 GB of 70.53 GB (6.8%),
[1522886400] CURRENT SERVICE STATE: pgen1.gate.rtf;Mount options of /;OK;HARD;1;OK - mount options exactly as expected
[1522886400] CURRENT SERVICE STATE: pgen1.gate.rtf;Mount options of /home;OK;HARD;1;OK - mount options exactly as expected
[1522886400] CURRENT SERVICE STATE: pgen1.gate.rtf;Mount options of /mnt/data;OK;HARD;1;OK - mount options exactly as expected
[1522886400] CURRENT SERVICE STATE: pgen1.gate.rtf;NTP Time;OK;HARD;1;OK - stratum 2, offset 0.0000 ms, reference: 192.168.4.248 (ntp.gate.rtf)
[1522886400] CURRENT SERVICE STATE: pgen1.gate.rtf;Number of threads;OK;HARD;1;OK - 363 threads
[1522886400] CURRENT SERVICE STATE: pgen1.gate.rtf;Postfix Queue;OK;HARD;1;OK - deferred queue length is 0, active queue length is 0
[1522886400] CURRENT SERVICE STATE: pgen1.gate.rtf;TCP Connections;OK;HARD;1;OK - ESTABLISHED: 4, CLOSE_WAIT: 1, TIME_WAIT: 61, FIN_WAIT2: 1, LISTEN: 21
[1522886400] CURRENT SERVICE STATE: pgen1.gate.rtf;Uptime;OK;HARD;1;OK - up since Thu Mar 29 17:11:11 2018 (6d 06:48:02)
[1522886400] CURRENT SERVICE STATE: pgen2.gate.rtf;CPU load;OK;HARD;1;OK - 15 min load 0.15 at 24 Cores (0.01 per Core)
[1522886400] CURRENT SERVICE STATE: pgen2.gate.rtf;CPU utilization;OK;HARD;1;OK - user: 0.7%, system: 0.5%, wait: 0.0%, steal: 0.0%, guest: 0.0%, total: 1.1%
[1522886400] CURRENT SERVICE STATE: pgen2.gate.rtf;Check_MK;OK;HARD;1;OK - Agent version 1.2.8p18, execution time 0.6 sec
[1522886400] CURRENT SERVICE STATE: pgen2.gate.rtf;Check_MK Discovery;OK;HARD;1;OK - no unmonitored services found, no vanished services found
[1522886400] CURRENT SERVICE STATE: pgen2.gate.rtf;Disk IO SUMMARY;OK;HARD;1;OK - Utilization: 0.0%, Read: 136.53 B/s, Write: 15.08 kB/s, Average Wait: 0.41 ms, Average Read Wait: 9.00 ms, Average Write Wait: 0.22 ms, Latency: 0.24 ms
[1522886400] CURRENT SERVICE STATE: pgen2.gate.rtf;Filesystem /;OK;HARD;1;OK - 16.1% used (15.46 of 96.00 GB), trend: -4.07 MB / 24 hours
[1522886400] CURRENT SERVICE STATE: pgen2.gate.rtf;Filesystem /home;OK;HARD;1;OK - 11.7% used (11.21 of 96.00 GB), trend: 0.00 B / 24 hours
[1522886400] CURRENT SERVICE STATE: pgen2.gate.rtf;Filesystem /mnt/data;OK;HARD;1;OK - 78.1% used (21.32 of 27.28 TB), trend: +10.50 GB / 24 hours
[1522886400] CURRENT SERVICE STATE: pgen2.gate.rtf;HD_cfradial/moments/sband;WARNING;HARD;1;WARN - late
[1522886400] CURRENT SERVICE STATE: pgen2.gate.rtf;HD_fmq/moments/sband/shmem_20000;OK;HARD;1;OK - OK
[1522886400] CURRENT SERVICE STATE: pgen2.gate.rtf;HD_spdb/monitor/sband;OK;HARD;1;OK - OK
[1522886400] CURRENT SERVICE STATE: pgen2.gate.rtf;HD_spdb/rhi/sband;WARNING;HARD;1;WARN - late
[1522886400] CURRENT SERVICE STATE: pgen2.gate.rtf;HP_DataMapper_primary;OK;HARD;1;OK - OK
[1522886400] CURRENT SERVICE STATE: pgen2.gate.rtf;HP_DsFileDist_front;OK;HARD;1;OK - OK
[1522886400] CURRENT SERVICE STATE: pgen2.gate.rtf;HP_DsFmqServer_manager;OK;HARD;1;OK - OK
[1522886400] CURRENT SERVICE STATE: pgen2.gate.rtf;HP_DsServerMgr_primary;OK;HARD;1;OK - OK
[1522886400] CURRENT SERVICE STATE: pgen2.gate.rtf;HP_Dsr2Radx_covar.sband;OK;HARD;1;OK - OK
[1522886400] CURRENT SERVICE STATE: pgen2.gate.rtf;HP_Dsr2Radx_moments.kband;OK;HARD;1;OK - OK
[1522886400] CURRENT SERVICE STATE: pgen2.gate.rtf;HP_Dsr2Radx_moments.sband;OK;HARD;1;OK - OK
[1522886400] CURRENT SERVICE STATE: pgen2.gate.rtf;HP_Dsr2Radx_sunscan.sband;OK;HARD;1;OK - OK
[1522886400] CURRENT SERVICE STATE: pgen2.gate.rtf;HP_RadxPartRain_sband.rhi;OK;HARD;1;OK - OK
[1522886400] CURRENT SERVICE STATE: pgen2.gate.rtf;HP_RadxPartRain_sband.sur;OK;HARD;1;OK - OK
[1522886400] CURRENT SERVICE STATE: pgen2.gate.rtf;HP_Rhi2Spdb_sband;OK;HARD;1;OK - OK
[1522886400] CURRENT SERVICE STATE: pgen2.gate.rtf;HP_Scout_primary;OK;HARD;1;OK - OK
[1522886400] CURRENT SERVICE STATE: pgen2.gate.rtf;HP_TsSmartSave_sband;OK;HARD;1;OK - OK
[1522886400] CURRENT SERVICE STATE: pgen2.gate.rtf;HawkSummary_Data;WARNING;HARD;1;WARN - Services ok/prob: 2/2
[1522886400] CURRENT SERVICE STATE: pgen2.gate.rtf;HawkSummary_Processes;OK;HARD;1;OK - Services ok/prob: 13/0
[1522886400] CURRENT SERVICE STATE: pgen2.gate.rtf;Interface 2;OK;HARD;1;OK - [em1] (up) MAC: d4:ae:52:b5:b0:cc, 1 Gbit/s, in: 13.18 MB/s(11.1%), out: 130.61 kB/s(0.1%)
[1522886400] CURRENT SERVICE STATE: pgen2.gate.rtf;Interface 3;OK;HARD;1;OK - [em2] (up) MAC: d4:ae:52:b5:b0:cd, 1 Gbit/s, in: 133.38 B/s(0.0%), out: 0.00 B/s(0.0%)
[1522886400] CURRENT SERVICE STATE: pgen2.gate.rtf;Kernel Context Switches;OK;HARD;1;OK - 5806/s
[1522886400] CURRENT SERVICE STATE: pgen2.gate.rtf;Kernel Major Page Faults;OK;HARD;1;OK - 0/s
[1522886400] CURRENT SERVICE STATE: pgen2.gate.rtf;Kernel Process Creations;OK;HARD;1;OK - 7/s
[1522886400] CURRENT SERVICE STATE: pgen2.gate.rtf;Logins;OK;HARD;1;OK - 0 logins on system (warn/crit at 20/30)
[1522886400] CURRENT SERVICE STATE: pgen2.gate.rtf;Memory;OK;HARD;1;OK - RAM used: 4.34 GB of 62.71 GB, Swap used: 0.00 B of 7.81 GB, Total virtual memory used: 4.34 GB of 70.53 GB (6.1%),
[1522886400] CURRENT SERVICE STATE: pgen2.gate.rtf;Mount options of /;OK;HARD;1;OK - mount options exactly as expected
[1522886400] CURRENT SERVICE STATE: pgen2.gate.rtf;Mount options of /home;OK;HARD;1;OK - mount options exactly as expected
[1522886400] CURRENT SERVICE STATE: pgen2.gate.rtf;Mount options of /mnt/data;OK;HARD;1;OK - mount options exactly as expected
[1522886400] CURRENT SERVICE STATE: pgen2.gate.rtf;NTP Time;OK;HARD;1;OK - stratum 2, offset 0.0474 ms, reference: 192.168.4.248 (ntp.gate.rtf)
[1522886400] CURRENT SERVICE STATE: pgen2.gate.rtf;Number of threads;OK;HARD;1;OK - 357 threads
[1522886400] CURRENT SERVICE STATE: pgen2.gate.rtf;Postfix Queue;OK;HARD;1;OK - deferred queue length is 0, active queue length is 0
[1522886400] CURRENT SERVICE STATE: pgen2.gate.rtf;TCP Connections;OK;HARD;1;OK - ESTABLISHED: 4, CLOSE_WAIT: 1, TIME_WAIT: 85, FIN_WAIT2: 1, LISTEN: 21
[1522886400] CURRENT SERVICE STATE: pgen2.gate.rtf;Uptime;OK;HARD;1;OK - up since Thu Mar 29 17:11:33 2018 (6d 06:48:10)
[1522886400] TIMEPERIOD TRANSITION: 24X7;1;1
[1522886873] Auto-save of retention data completed successfully.
[1522888284] SERVICE ALERT: control1.gate.rtf;TEMP_SCC;WARNING;HARD;1;WARN - WARNING - 32.9
[1522888284] SERVICE NOTIFICATION: check-mk-notify;control1.gate.rtf;TEMP_SCC;WARNING;check-mk-notify;WARN - WARNING - 32.9
[1522888464] SERVICE ALERT: control1.gate.rtf;TEMP_SCC;OK;HARD;1;OK - 31.6
[1522888464] SERVICE NOTIFICATION: check-mk-notify;control1.gate.rtf;TEMP_SCC;OK;check-mk-notify;OK - 31.6
[1522890144] SERVICE ALERT: control1.gate.rtf;TEMP_SCC;WARNING;HARD;1;WARN - WARNING - 32.7
[1522890144] SERVICE NOTIFICATION: check-mk-notify;control1.gate.rtf;TEMP_SCC;WARNING;check-mk-notify;WARN - WARNING - 32.7
[1522890324] SERVICE ALERT: control1.gate.rtf;TEMP_SCC;OK;HARD;1;OK - 31.8
[1522890324] SERVICE NOTIFICATION: check-mk-notify;control1.gate.rtf;TEMP_SCC;OK;check-mk-notify;OK - 31.8
[1522890473] Auto-save of retention data completed successfully.
[1522891764] SERVICE ALERT: control1.gate.rtf;TEMP_SCC;WARNING;HARD;1;WARN - WARNING - 32.5
[1522891764] SERVICE NOTIFICATION: check-mk-notify;control1.gate.rtf;TEMP_SCC;WARNING;check-mk-notify;WARN - WARNING - 32.5
[1522891944] SERVICE ALERT: control1.gate.rtf;TEMP_SCC;OK;HARD;1;OK - 31.6
[1522891944] SERVICE NOTIFICATION: check-mk-notify;control1.gate.rtf;TEMP_SCC;OK;check-mk-notify;OK - 31.6
[1522893204] SERVICE ALERT: control1.gate.rtf;TEMP_SCC;WARNING;HARD;1;WARN - WARNING - 32.5
[1522893204] SERVICE NOTIFICATION: check-mk-notify;control1.gate.rtf;TEMP_SCC;WARNING;check-mk-notify;WARN - WARNING - 32.5
[1522893384] SERVICE ALERT: control1.gate.rtf;TEMP_SCC;OK;HARD;1;OK - 31.8
[1522893384] SERVICE NOTIFICATION: check-mk-notify;control1.gate.rtf;TEMP_SCC;OK;check-mk-notify;OK - 31.8
[1522894073] Auto-save of retention data completed successfully.
[1522894524] SERVICE ALERT: control1.gate.rtf;TEMP_SCC;WARNING;HARD;1;WARN - WARNING - 32.5
[1522894524] SERVICE NOTIFICATION: check-mk-notify;control1.gate.rtf;TEMP_SCC;WARNING;check-mk-notify;WARN - WARNING - 32.5
[1522894644] SERVICE ALERT: control1.gate.rtf;TEMP_SCC;OK;HARD;1;OK - 31.9
[1522894644] SERVICE NOTIFICATION: check-mk-notify;control1.gate.rtf;TEMP_SCC;OK;check-mk-notify;OK - 31.9
[1522895664] SERVICE ALERT: control1.gate.rtf;TEMP_SCC;WARNING;HARD;1;WARN - WARNING - 32.5
[1522895664] SERVICE NOTIFICATION: check-mk-notify;control1.gate.rtf;TEMP_SCC;WARNING;check-mk-notify;WARN - WARNING - 32.5
[1522895844] SERVICE ALERT: control1.gate.rtf;TEMP_SCC;OK;HARD;1;OK - 31.8
[1522895844] SERVICE NOTIFICATION: check-mk-notify;control1.gate.rtf;TEMP_SCC;OK;check-mk-notify;OK - 31.8
[1522896864] SERVICE ALERT: control1.gate.rtf;TEMP_SCC;WARNING;HARD;1;WARN - WARNING - 32.4
[1522896864] SERVICE NOTIFICATION: check-mk-notify;control1.gate.rtf;TEMP_SCC;WARNING;check-mk-notify;WARN - WARNING - 32.4
[1522897044] SERVICE ALERT: control1.gate.rtf;TEMP_SCC;OK;HARD;1;OK - 31.6
[1522897044] SERVICE NOTIFICATION: check-mk-notify;control1.gate.rtf;TEMP_SCC;OK;check-mk-notify;OK - 31.6
[1522897673] Auto-save of retention data completed successfully.
[1522898004] SERVICE ALERT: control1.gate.rtf;TEMP_SCC;WARNING;HARD;1;WARN - WARNING - 32.4
[1522898004] SERVICE NOTIFICATION: check-mk-notify;control1.gate.rtf;TEMP_SCC;WARNING;check-mk-notify;WARN - WARNING - 32.4
[1522898184] SERVICE ALERT: control1.gate.rtf;TEMP_SCC;OK;HARD;1;OK - 31.6
[1522898184] SERVICE NOTIFICATION: check-mk-notify;control1.gate.rtf;TEMP_SCC;OK;check-mk-notify;OK - 31.6
[1522899144] SERVICE ALERT: control1.gate.rtf;TEMP_SCC;WARNING;HARD;1;WARN - WARNING - 32.3
[1522899144] SERVICE NOTIFICATION: check-mk-notify;control1.gate.rtf;TEMP_SCC;WARNING;check-mk-notify;WARN - WARNING - 32.3
[1522899324] SERVICE ALERT: control1.gate.rtf;TEMP_SCC;OK;HARD;1;OK - 31.8
[1522899324] SERVICE NOTIFICATION: check-mk-notify;control1.gate.rtf;TEMP_SCC;OK;check-mk-notify;OK - 31.8
[1522900224] SERVICE ALERT: control1.gate.rtf;TEMP_SCC;WARNING;HARD;1;WARN - WARNING - 33.5
[1522900224] SERVICE NOTIFICATION: check-mk-notify;control1.gate.rtf;TEMP_SCC;WARNING;check-mk-notify;WARN - WARNING - 33.5
[1522900344] SERVICE ALERT: control1.gate.rtf;TEMP_SCC;OK;HARD;1;OK - 31.5
[1522900344] SERVICE NOTIFICATION: check-mk-notify;control1.gate.rtf;TEMP_SCC;OK;check-mk-notify;OK - 31.5
[1522901184] SERVICE ALERT: control1.gate.rtf;TEMP_SCC;WARNING;HARD;1;WARN - WARNING - 32.4
[1522901184] SERVICE NOTIFICATION: check-mk-notify;control1.gate.rtf;TEMP_SCC;WARNING;check-mk-notify;WARN - WARNING - 32.4
[1522901273] Auto-save of retention data completed successfully.
[1522901364] SERVICE ALERT: control1.gate.rtf;TEMP_SCC;OK;HARD;1;OK - 31.6
[1522901364] SERVICE NOTIFICATION: check-mk-notify;control1.gate.rtf;TEMP_SCC;OK;check-mk-notify;OK - 31.6
[1522902204] SERVICE ALERT: control1.gate.rtf;TEMP_SCC;WARNING;HARD;1;WARN - WARNING - 32.3
[1522902204] SERVICE NOTIFICATION: check-mk-notify;control1.gate.rtf;TEMP_SCC;WARNING;check-mk-notify;WARN - WARNING - 32.3
[1522902384] SERVICE ALERT: control1.gate.rtf;TEMP_SCC;OK;HARD;1;OK - 31.6
[1522902384] SERVICE NOTIFICATION: check-mk-notify;control1.gate.rtf;TEMP_SCC;OK;check-mk-notify;OK - 31.6
[1522903224] SERVICE ALERT: control1.gate.rtf;TEMP_SCC;WARNING;HARD;1;WARN - WARNING - 32.4
[1522903224] SERVICE NOTIFICATION: check-mk-notify;control1.gate.rtf;TEMP_SCC;WARNING;check-mk-notify;WARN - WARNING - 32.4
[1522903404] SERVICE ALERT: control1.gate.rtf;TEMP_SCC;OK;HARD;1;OK - 31.5
[1522903404] SERVICE NOTIFICATION: check-mk-notify;control1.gate.rtf;TEMP_SCC;OK;check-mk-notify;OK - 31.5
[1522904244] SERVICE ALERT: control1.gate.rtf;TEMP_SCC;WARNING;HARD;1;WARN - WARNING - 32.4
[1522904244] SERVICE NOTIFICATION: check-mk-notify;control1.gate.rtf;TEMP_SCC;WARNING;check-mk-notify;WARN - WARNING - 32.4
[1522904424] SERVICE ALERT: control1.gate.rtf;TEMP_SCC;OK;HARD;1;OK - 31.6
[1522904424] SERVICE NOTIFICATION: check-mk-notify;control1.gate.rtf;TEMP_SCC;OK;check-mk-notify;OK - 31.6
[1522904873] Auto-save of retention data completed successfully.
[1522905324] SERVICE ALERT: control1.gate.rtf;TEMP_SCC;WARNING;HARD;1;WARN - WARNING - 32.9
[1522905324] SERVICE NOTIFICATION: check-mk-notify;control1.gate.rtf;TEMP_SCC;WARNING;check-mk-notify;WARN - WARNING - 32.9
[1522905504] SERVICE ALERT: control1.gate.rtf;TEMP_SCC;OK;HARD;1;OK - 31.5
[1522905504] SERVICE NOTIFICATION: check-mk-notify;control1.gate.rtf;TEMP_SCC;OK;check-mk-notify;OK - 31.5
[1522906344] SERVICE ALERT: control1.gate.rtf;TEMP_SCC;WARNING;HARD;1;WARN - WARNING - 32.5
[1522906344] SERVICE NOTIFICATION: check-mk-notify;control1.gate.rtf;TEMP_SCC;WARNING;check-mk-notify;WARN - WARNING - 32.5
[1522906524] SERVICE ALERT: control1.gate.rtf;TEMP_SCC;OK;HARD;1;OK - 31.5
[1522906524] SERVICE NOTIFICATION: check-mk-notify;control1.gate.rtf;TEMP_SCC;OK;check-mk-notify;OK - 31.5
[1522907364] SERVICE ALERT: control1.gate.rtf;TEMP_SCC;WARNING;HARD;1;WARN - WARNING - 32.4
[1522907364] SERVICE NOTIFICATION: check-mk-notify;control1.gate.rtf;TEMP_SCC;WARNING;check-mk-notify;WARN - WARNING - 32.4
[1522907544] SERVICE ALERT: control1.gate.rtf;TEMP_SCC;OK;HARD;1;OK - 31.6
[1522907544] SERVICE NOTIFICATION: check-mk-notify;control1.gate.rtf;TEMP_SCC;OK;check-mk-notify;OK - 31.6
[1522908384] SERVICE ALERT: control1.gate.rtf;TEMP_SCC;WARNING;HARD;1;WARN - WARNING - 32.4
[1522908384] SERVICE NOTIFICATION: check-mk-notify;control1.gate.rtf;TEMP_SCC;WARNING;check-mk-notify;WARN - WARNING - 32.4
[1522908473] Auto-save of retention data completed successfully.
[1522908564] SERVICE ALERT: control1.gate.rtf;TEMP_SCC;OK;HARD;1;OK - 31.6
[1522908564] SERVICE NOTIFICATION: check-mk-notify;control1.gate.rtf;TEMP_SCC;OK;check-mk-notify;OK - 31.6
[1522909464] SERVICE ALERT: control1.gate.rtf;TEMP_SCC;WARNING;HARD;1;WARN - WARNING - 32.4
[1522909464] SERVICE NOTIFICATION: check-mk-notify;control1.gate.rtf;TEMP_SCC;WARNING;check-mk-notify;WARN - WARNING - 32.4
[1522909644] SERVICE ALERT: control1.gate.rtf;TEMP_SCC;OK;HARD;1;OK - 31.6
[1522909644] SERVICE NOTIFICATION: check-mk-notify;control1.gate.rtf;TEMP_SCC;OK;check-mk-notify;OK - 31.6
[1522910484] SERVICE ALERT: control1.gate.rtf;TEMP_SCC;WARNING;HARD;1;WARN - WARNING - 32.3
[1522910484] SERVICE NOTIFICATION: check-mk-notify;control1.gate.rtf;TEMP_SCC;WARNING;check-mk-notify;WARN - WARNING - 32.3
[1522910664] SERVICE ALERT: control1.gate.rtf;TEMP_SCC;OK;HARD;1;OK - 31.6
[1522910664] SERVICE NOTIFICATION: check-mk-notify;control1.gate.rtf;TEMP_SCC;OK;check-mk-notify;OK - 31.6
[1522911504] SERVICE ALERT: control1.gate.rtf;TEMP_SCC;WARNING;HARD;1;WARN - WARNING - 32.4
[1522911504] SERVICE NOTIFICATION: check-mk-notify;control1.gate.rtf;TEMP_SCC;WARNING;check-mk-notify;WARN - WARNING - 32.4
[1522911684] SERVICE ALERT: control1.gate.rtf;TEMP_SCC;OK;HARD;1;OK - 31.6
[1522911684] SERVICE NOTIFICATION: check-mk-notify;control1.gate.rtf;TEMP_SCC;OK;check-mk-notify;OK - 31.6
[1522912073] Auto-save of retention data completed successfully.
[1522912524] SERVICE ALERT: control1.gate.rtf;TEMP_SCC;WARNING;HARD;1;WARN - WARNING - 32.3
[1522912524] SERVICE NOTIFICATION: check-mk-notify;control1.gate.rtf;TEMP_SCC;WARNING;check-mk-notify;WARN - WARNING - 32.3
[1522912704] SERVICE ALERT: control1.gate.rtf;TEMP_SCC;OK;HARD;1;OK - 31.5
[1522912704] SERVICE NOTIFICATION: check-mk-notify;control1.gate.rtf;TEMP_SCC;OK;check-mk-notify;OK - 31.5
[1522913484] SERVICE ALERT: control1.gate.rtf;TEMP_SCC;WARNING;HARD;1;WARN - WARNING - 32.4
[1522913484] SERVICE NOTIFICATION: check-mk-notify;control1.gate.rtf;TEMP_SCC;WARNING;check-mk-notify;WARN - WARNING - 32.4
[1522913664] SERVICE ALERT: control1.gate.rtf;TEMP_SCC;OK;HARD;1;OK - 31.6
[1522913664] SERVICE FLAPPING ALERT: control1.gate.rtf;TEMP_SCC;STARTED; Service appears to have started flapping (20.0% change >= 20.0% threshold)
[1522913664] SERVICE NOTIFICATION: check-mk-notify;control1.gate.rtf;TEMP_SCC;FLAPPINGSTART (OK);check-mk-notify;OK - 31.6
[1522914444] SERVICE ALERT: control1.gate.rtf;TEMP_SCC;WARNING;HARD;1;WARN - WARNING - 32.3
[1522914624] SERVICE ALERT: control1.gate.rtf;TEMP_SCC;OK;HARD;1;OK - 31.5
[1522915464] SERVICE ALERT: control1.gate.rtf;TEMP_SCC;WARNING;HARD;1;WARN - WARNING - 33.3
[1522915584] SERVICE ALERT: control1.gate.rtf;TEMP_SCC;OK;HARD;1;OK - 31.5
[1522915673] Auto-save of retention data completed successfully.
[1522916364] SERVICE ALERT: control1.gate.rtf;TEMP_SCC;WARNING;HARD;1;WARN - WARNING - 32.3
[1522916544] SERVICE ALERT: control1.gate.rtf;TEMP_SCC;OK;HARD;1;OK - 31.6
[1522917324] SERVICE ALERT: control1.gate.rtf;TEMP_SCC;WARNING;HARD;1;WARN - WARNING - 32.3
[1522917504] SERVICE ALERT: control1.gate.rtf;TEMP_SCC;OK;HARD;1;OK - 31.5
[1522918284] SERVICE ALERT: control1.gate.rtf;TEMP_SCC;WARNING;HARD;1;WARN - WARNING - 32.3
[1522918464] SERVICE ALERT: control1.gate.rtf;TEMP_SCC;OK;HARD;1;OK - 31.6
[1522919184] SERVICE ALERT: control1.gate.rtf;TEMP_SCC;WARNING;HARD;1;WARN - WARNING - 32.3
[1522919273] Auto-save of retention data completed successfully.
[1522919364] SERVICE ALERT: control1.gate.rtf;TEMP_SCC;OK;HARD;1;OK - 31.6
[1522920084] SERVICE ALERT: control1.gate.rtf;TEMP_SCC;WARNING;HARD;1;WARN - WARNING - 32.1
[1522920264] SERVICE ALERT: control1.gate.rtf;TEMP_SCC;OK;HARD;1;OK - 31.3
[1522920984] SERVICE ALERT: control1.gate.rtf;TEMP_SCC;WARNING;HARD;1;WARN - WARNING - 32.1
[1522921164] SERVICE ALERT: control1.gate.rtf;TEMP_SCC;OK;HARD;1;OK - 31.5
[1522921884] SERVICE ALERT: control1.gate.rtf;TEMP_SCC;WARNING;HARD;1;WARN - WARNING - 32.3
[1522922064] SERVICE ALERT: control1.gate.rtf;TEMP_SCC;OK;HARD;1;OK - 31.3
[1522922724] SERVICE ALERT: control1.gate.rtf;TEMP_SCC;WARNING;HARD;1;WARN - WARNING - 32.3
[1522922873] Auto-save of retention data completed successfully.
[1522922904] SERVICE ALERT: control1.gate.rtf;TEMP_SCC;OK;HARD;1;OK - 31.5
[1522923624] SERVICE ALERT: control1.gate.rtf;TEMP_SCC;WARNING;HARD;1;WARN - WARNING - 32.3
[1522923804] SERVICE ALERT: control1.gate.rtf;TEMP_SCC;OK;HARD;1;OK - 31.5
[1522924524] SERVICE ALERT: control1.gate.rtf;TEMP_SCC;WARNING;HARD;1;WARN - WARNING - 32.3
[1522924704] SERVICE ALERT: control1.gate.rtf;TEMP_SCC;OK;HARD;1;OK - 31.6
[1522925424] SERVICE ALERT: control1.gate.rtf;TEMP_SCC;WARNING;HARD;1;WARN - WARNING - 32.9
[1522925604] SERVICE ALERT: control1.gate.rtf;TEMP_SCC;OK;HARD;1;OK - 31.5
[1522926324] SERVICE ALERT: control1.gate.rtf;TEMP_SCC;WARNING;HARD;1;WARN - WARNING - 32.3
[1522926473] Auto-save of retention data completed successfully.
[1522926504] SERVICE ALERT: control1.gate.rtf;TEMP_SCC;OK;HARD;1;OK - 31.5
[1522927284] SERVICE ALERT: control1.gate.rtf;TEMP_SCC;WARNING;HARD;1;WARN - WARNING - 33.5
[1522927404] SERVICE ALERT: control1.gate.rtf;TEMP_SCC;OK;HARD;1;OK - 31.3
[1522928064] SERVICE ALERT: control1.gate.rtf;TEMP_SCC;WARNING;HARD;1;WARN - WARNING - 32.3
[1522928244] SERVICE ALERT: control1.gate.rtf;TEMP_SCC;OK;HARD;1;OK - 31.5
[1522928904] SERVICE ALERT: control1.gate.rtf;TEMP_SCC;WARNING;HARD;1;WARN - WARNING - 32.1
[1522929084] SERVICE ALERT: control1.gate.rtf;TEMP_SCC;OK;HARD;1;OK - 31.3
[1522929744] SERVICE ALERT: control1.gate.rtf;TEMP_SCC;WARNING;HARD;1;WARN - WARNING - 32.1
[1522929924] SERVICE ALERT: control1.gate.rtf;TEMP_SCC;OK;HARD;1;OK - 31.5
[1522930073] Auto-save of retention data completed successfully.
[1522930584] SERVICE ALERT: control1.gate.rtf;TEMP_SCC;WARNING;HARD;1;WARN - WARNING - 32.1
[1522930764] SERVICE ALERT: control1.gate.rtf;TEMP_SCC;OK;HARD;1;OK - 31.5
[1522931424] SERVICE ALERT: control1.gate.rtf;TEMP_SCC;WARNING;HARD;1;WARN - WARNING - 32.1
[1522931604] SERVICE ALERT: control1.gate.rtf;TEMP_SCC;OK;HARD;1;OK - 31.5
[1522932264] SERVICE ALERT: control1.gate.rtf;TEMP_SCC;WARNING;HARD;1;WARN - WARNING - 32.3
[1522932444] SERVICE ALERT: control1.gate.rtf;TEMP_SCC;OK;HARD;1;OK - 31.5
[1522933164] SERVICE ALERT: control1.gate.rtf;TEMP_SCC;WARNING;HARD;1;WARN - WARNING - 33.1
[1522933284] SERVICE ALERT: control1.gate.rtf;TEMP_SCC;OK;HARD;1;OK - 31.8
[1522933673] Auto-save of retention data completed successfully.
[1522934004] SERVICE ALERT: control1.gate.rtf;TEMP_SCC;WARNING;HARD;1;WARN - WARNING - 32.4
[1522934184] SERVICE ALERT: control1.gate.rtf;TEMP_SCC;OK;HARD;1;OK - 31.6
[1522934904] SERVICE ALERT: control1.gate.rtf;TEMP_SCC;WARNING;HARD;1;WARN - WARNING - 32.1
[1522935084] SERVICE ALERT: control1.gate.rtf;TEMP_SCC;OK;HARD;1;OK - 31.6
[1522935864] SERVICE ALERT: control1.gate.rtf;TEMP_SCC;WARNING;HARD;1;WARN - WARNING - 32.7
[1522936044] SERVICE ALERT: control1.gate.rtf;TEMP_SCC;OK;HARD;1;OK - 31.8
[1522937004] SERVICE ALERT: control1.gate.rtf;TEMP_SCC;WARNING;HARD;1;WARN - WARNING - 32.7
[1522937244] SERVICE ALERT: control1.gate.rtf;TEMP_SCC;OK;HARD;1;OK - 31.5
[1522937273] Auto-save of retention data completed successfully.
[1522938204] SERVICE FLAPPING ALERT: control1.gate.rtf;TEMP_SCC;STOPPED; Service appears to have stopped flapping (4.1% change < 5.0% threshold)
[1522938204] SERVICE NOTIFICATION: check-mk-notify;control1.gate.rtf;TEMP_SCC;FLAPPINGSTOP (OK);check-mk-notify;OK - 30.1
[1522938264] SERVICE ALERT: control1.gate.rtf;TEMP_SCC;WARNING;HARD;1;WARN - WARNING - 33.0
[1522938264] SERVICE NOTIFICATION: check-mk-notify;control1.gate.rtf;TEMP_SCC;WARNING;check-mk-notify;WARN - WARNING - 33.0
[1522938444] SERVICE ALERT: control1.gate.rtf;TEMP_SCC;OK;HARD;1;OK - 31.6
[1522938444] SERVICE NOTIFICATION: check-mk-notify;control1.gate.rtf;TEMP_SCC;OK;check-mk-notify;OK - 31.6
[1522939584] SERVICE ALERT: control1.gate.rtf;TEMP_SCC;WARNING;HARD;1;WARN - WARNING - 32.3
[1522939584] SERVICE NOTIFICATION: check-mk-notify;control1.gate.rtf;TEMP_SCC;WARNING;check-mk-notify;WARN - WARNING - 32.3
[1522939764] SERVICE ALERT: control1.gate.rtf;TEMP_SCC;OK;HARD;1;OK - 31.9
[1522939764] SERVICE NOTIFICATION: check-mk-notify;control1.gate.rtf;TEMP_SCC;OK;check-mk-notify;OK - 31.9
[1522940873] Auto-save of retention data completed successfully.
[1522941204] SERVICE ALERT: control1.gate.rtf;TEMP_SCC;WARNING;HARD;1;WARN - WARNING - 33.5
[1522941204] SERVICE NOTIFICATION: check-mk-notify;control1.gate.rtf;TEMP_SCC;WARNING;check-mk-notify;WARN - WARNING - 33.5
[1522941384] SERVICE ALERT: control1.gate.rtf;TEMP_SCC;OK;HARD;1;OK - 31.6
[1522941384] SERVICE NOTIFICATION: check-mk-notify;control1.gate.rtf;TEMP_SCC;OK;check-mk-notify;OK - 31.6
[1522943424] SERVICE ALERT: control1.gate.rtf;TEMP_SCC;WARNING;HARD;1;WARN - WARNING - 33.8
[1522943424] SERVICE NOTIFICATION: check-mk-notify;control1.gate.rtf;TEMP_SCC;WARNING;check-mk-notify;WARN - WARNING - 33.8
[1522943604] SERVICE ALERT: control1.gate.rtf;TEMP_SCC;OK;HARD;1;OK - 31.5
[1522943604] SERVICE NOTIFICATION: check-mk-notify;control1.gate.rtf;TEMP_SCC;OK;check-mk-notify;OK - 31.5
[1522944473] Auto-save of retention data completed successfully.
[1522945429] SERVICE ALERT: mgen1.gate.rtf;SBandAntennaMovement_stationaryPeriod;OK;HARD;1;OK - stationaryPeriod = 18 sec
[1522945429] SERVICE NOTIFICATION: check-mk-notify;mgen1.gate.rtf;SBandAntennaMovement_stationaryPeriod;OK;check-mk-notify;OK - stationaryPeriod = 18 sec
[1522945464] SERVICE ALERT: control1.gate.rtf;ANT_Azimuth_Brakes_Fault;OK;HARD;1;OK - 0
[1522945464] SERVICE NOTIFICATION: check-mk-notify;control1.gate.rtf;ANT_Azimuth_Brakes_Fault;OK;check-mk-notify;OK - 0
[1522945465] SERVICE ALERT: control1.gate.rtf;ANT_Azimuth_Fans_Fault;OK;HARD;1;OK - 0
[1522945465] SERVICE NOTIFICATION: check-mk-notify;control1.gate.rtf;ANT_Azimuth_Fans_Fault;OK;check-mk-notify;OK - 0
[1522945466] SERVICE ALERT: control1.gate.rtf;ANT_Elevation_Brakes_Fault;OK;HARD;1;OK - 0
[1522945466] SERVICE NOTIFICATION: check-mk-notify;control1.gate.rtf;ANT_Elevation_Brakes_Fault;OK;check-mk-notify;OK - 0
[1522945467] SERVICE ALERT: control1.gate.rtf;ANT_Elevation_Fans_Fault;OK;HARD;1;OK - 0
[1522945467] SERVICE NOTIFICATION: check-mk-notify;control1.gate.rtf;ANT_Elevation_Fans_Fault;OK;check-mk-notify;OK - 0
[1522945468] SERVICE ALERT: control1.gate.rtf;ANT_Oil_Pressure_Fault;OK;HARD;1;OK - 0
[1522945468] SERVICE NOTIFICATION: check-mk-notify;control1.gate.rtf;ANT_Oil_Pressure_Fault;OK;check-mk-notify;OK - 0
[1522945469] SERVICE ALERT: control1.gate.rtf;ANT_Pedestal_Switch_Disabled_Fault;OK;HARD;1;OK - 0
[1522945469] SERVICE NOTIFICATION: check-mk-notify;control1.gate.rtf;ANT_Pedestal_Switch_Disabled_Fault;OK;check-mk-notify;OK - 0
[1522945489] SERVICE ALERT: mgen1.gate.rtf;HD_/tmp/fmq/syscon;OK;HARD;1;OK - OK
[1522945489] SERVICE NOTIFICATION: check-mk-notify;mgen1.gate.rtf;HD_/tmp/fmq/syscon;OK;check-mk-notify;OK - OK
[1522945574] SERVICE ALERT: pgen1.gate.rtf;HD_cfradial/moments/sband;OK;HARD;1;OK - OK
[1522945574] SERVICE NOTIFICATION: check-mk-notify;pgen1.gate.rtf;HD_cfradial/moments/sband;OK;check-mk-notify;OK - OK
[1522945604] SERVICE ALERT: pgen2.gate.rtf;HD_cfradial/moments/sband;OK;HARD;1;OK - OK
[1522945604] SERVICE NOTIFICATION: check-mk-notify;pgen2.gate.rtf;HD_cfradial/moments/sband;OK;check-mk-notify;OK - OK
[1522945609] SERVICE ALERT: mgen1.gate.rtf;SBandAntennaMovement_stationaryPeriod;WARNING;HARD;1;WARN - CRITICAL - stationaryPeriod = 42 sec
[1522945609] SERVICE NOTIFICATION: check-mk-notify;mgen1.gate.rtf;SBandAntennaMovement_stationaryPeriod;WARNING;check-mk-notify;WARN - CRITICAL - stationaryPeriod = 42 sec
[1522945644] SERVICE ALERT: control1.gate.rtf;ANT_Azimuth_Brakes_Fault;CRITICAL;HARD;1;CRIT - FAULT - 1
[1522945644] SERVICE NOTIFICATION: check-mk-notify;control1.gate.rtf;ANT_Azimuth_Brakes_Fault;CRITICAL;check-mk-notify;CRIT - FAULT - 1
[1522945645] SERVICE ALERT: control1.gate.rtf;ANT_Azimuth_Fans_Fault;CRITICAL;HARD;1;CRIT - FAULT - 1
[1522945645] SERVICE NOTIFICATION: check-mk-notify;control1.gate.rtf;ANT_Azimuth_Fans_Fault;CRITICAL;check-mk-notify;CRIT - FAULT - 1
[1522945645] SERVICE ALERT: control1.gate.rtf;ANT_Elevation_Brakes_Fault;CRITICAL;HARD;1;CRIT - FAULT - 1
[1522945645] SERVICE NOTIFICATION: check-mk-notify;control1.gate.rtf;ANT_Elevation_Brakes_Fault;CRITICAL;check-mk-notify;CRIT - FAULT - 1
[1522945646] SERVICE ALERT: control1.gate.rtf;ANT_Elevation_Fans_Fault;CRITICAL;HARD;1;CRIT - FAULT - 1
[1522945646] SERVICE NOTIFICATION: check-mk-notify;control1.gate.rtf;ANT_Elevation_Fans_Fault;CRITICAL;check-mk-notify;CRIT - FAULT - 1
[1522945647] SERVICE ALERT: control1.gate.rtf;ANT_Oil_Pressure_Fault;CRITICAL;HARD;1;CRIT - FAULT - 1
[1522945647] SERVICE NOTIFICATION: check-mk-notify;control1.gate.rtf;ANT_Oil_Pressure_Fault;CRITICAL;check-mk-notify;CRIT - FAULT - 1
[1522945648] SERVICE ALERT: control1.gate.rtf;ANT_Pedestal_Switch_Disabled_Fault;CRITICAL;HARD;1;CRIT - FAULT - 1
[1522945648] SERVICE NOTIFICATION: check-mk-notify;control1.gate.rtf;ANT_Pedestal_Switch_Disabled_Fault;CRITICAL;check-mk-notify;CRIT - FAULT - 1
[1522945669] SERVICE ALERT: mgen1.gate.rtf;SBandAntennaMovement_stationaryPeriod;CRITICAL;HARD;1;WARN - stationaryPeriod = 106 sec
[1522945669] SERVICE NOTIFICATION: check-mk-notify;mgen1.gate.rtf;SBandAntennaMovement_stationaryPeriod;CRITICAL;check-mk-notify;WARN - stationaryPeriod = 106 sec
[1522945764] SERVICE ALERT: control1.gate.rtf;TEMP_SCC;WARNING;HARD;1;WARN - WARNING - 32.7
[1522945764] SERVICE NOTIFICATION: check-mk-notify;control1.gate.rtf;TEMP_SCC;WARNING;check-mk-notify;WARN - WARNING - 32.7
[1522945789] SERVICE ALERT: mgen1.gate.rtf;HD_/tmp/fmq/syscon;WARNING;HARD;1;WARN - late
[1522945789] SERVICE NOTIFICATION: check-mk-notify;mgen1.gate.rtf;HD_/tmp/fmq/syscon;WARNING;check-mk-notify;WARN - late
[1522945944] SERVICE ALERT: control1.gate.rtf;TEMP_SCC;OK;HARD;1;OK - 31.0
[1522945944] SERVICE NOTIFICATION: check-mk-notify;control1.gate.rtf;TEMP_SCC;OK;check-mk-notify;OK - 31.0
[1522946564] SERVICE ALERT: pgen2.gate.rtf;HD_cfradial/moments/sband;WARNING;HARD;1;WARN - late
[1522946564] SERVICE NOTIFICATION: check-mk-notify;pgen2.gate.rtf;HD_cfradial/moments/sband;WARNING;check-mk-notify;WARN - late
[1522946594] SERVICE ALERT: pgen1.gate.rtf;HD_cfradial/moments/sband;WARNING;HARD;1;WARN - late
[1522946594] SERVICE NOTIFICATION: check-mk-notify;pgen1.gate.rtf;HD_cfradial/moments/sband;WARNING;check-mk-notify;WARN - late
[1522947024] SERVICE ALERT: control1.gate.rtf;TEMP_SCC;WARNING;HARD;1;WARN - WARNING - 33.5
[1522947024] SERVICE NOTIFICATION: check-mk-notify;control1.gate.rtf;TEMP_SCC;WARNING;check-mk-notify;WARN - WARNING - 33.5
[1522947084] SERVICE ALERT: control1.gate.rtf;TEMP_SCC;OK;HARD;1;OK - 31.0
[1522947084] SERVICE NOTIFICATION: check-mk-notify;control1.gate.rtf;TEMP_SCC;OK;check-mk-notify;OK - 31.0
[1522948073] Auto-save of retention data completed successfully.
[1522948164] SERVICE ALERT: control1.gate.rtf;TEMP_SCC;WARNING;HARD;1;WARN - WARNING - 32.4
[1522948164] SERVICE NOTIFICATION: check-mk-notify;control1.gate.rtf;TEMP_SCC;WARNING;check-mk-notify;WARN - WARNING - 32.4
[1522948284] SERVICE ALERT: control1.gate.rtf;TEMP_SCC;OK;HARD;1;OK - 30.4
[1522948284] SERVICE NOTIFICATION: check-mk-notify;control1.gate.rtf;TEMP_SCC;OK;check-mk-notify;OK - 30.4
[1522949244] SERVICE ALERT: control1.gate.rtf;TEMP_SCC;WARNING;HARD;1;WARN - WARNING - 33.5
[1522949244] SERVICE NOTIFICATION: check-mk-notify;control1.gate.rtf;TEMP_SCC;WARNING;check-mk-notify;WARN - WARNING - 33.5
[1522949304] SERVICE ALERT: control1.gate.rtf;TEMP_SCC;OK;HARD;1;OK - 31.5
[1522949304] SERVICE FLAPPING ALERT: control1.gate.rtf;TEMP_SCC;STARTED; Service appears to have started flapping (20.1% change >= 20.0% threshold)
[1522949304] SERVICE NOTIFICATION: check-mk-notify;control1.gate.rtf;TEMP_SCC;FLAPPINGSTART (OK);check-mk-notify;OK - 31.5
[1522950349] SERVICE ALERT: mgen1.gate.rtf;HD_/tmp/fmq/syscon;OK;HARD;1;OK - OK
[1522950349] SERVICE NOTIFICATION: check-mk-notify;mgen1.gate.rtf;HD_/tmp/fmq/syscon;OK;check-mk-notify;OK - OK
[1522950350] SERVICE ALERT: mgen1.gate.rtf;SBandAntennaMovement_stationaryPeriod;OK;HARD;1;OK - stationaryPeriod = 14 sec
[1522950350] SERVICE NOTIFICATION: check-mk-notify;mgen1.gate.rtf;SBandAntennaMovement_stationaryPeriod;OK;check-mk-notify;OK - stationaryPeriod = 14 sec
[1522950384] SERVICE ALERT: control1.gate.rtf;ANT_Azimuth_Brakes_Fault;OK;HARD;1;OK - 0
[1522950384] SERVICE NOTIFICATION: check-mk-notify;control1.gate.rtf;ANT_Azimuth_Brakes_Fault;OK;check-mk-notify;OK - 0
[1522950385] SERVICE ALERT: control1.gate.rtf;ANT_Azimuth_Fans_Fault;OK;HARD;1;OK - 0
[1522950385] SERVICE NOTIFICATION: check-mk-notify;control1.gate.rtf;ANT_Azimuth_Fans_Fault;OK;check-mk-notify;OK - 0
[1522950385] SERVICE ALERT: control1.gate.rtf;ANT_Elevation_Brakes_Fault;OK;HARD;1;OK - 0
[1522950385] SERVICE NOTIFICATION: check-mk-notify;control1.gate.rtf;ANT_Elevation_Brakes_Fault;OK;check-mk-notify;OK - 0
[1522950386] SERVICE ALERT: control1.gate.rtf;ANT_Elevation_Fans_Fault;OK;HARD;1;OK - 0
[1522950386] SERVICE NOTIFICATION: check-mk-notify;control1.gate.rtf;ANT_Elevation_Fans_Fault;OK;check-mk-notify;OK - 0
[1522950387] SERVICE ALERT: control1.gate.rtf;ANT_Oil_Pressure_Fault;OK;HARD;1;OK - 0
[1522950387] SERVICE NOTIFICATION: check-mk-notify;control1.gate.rtf;ANT_Oil_Pressure_Fault;OK;check-mk-notify;OK - 0
[1522950388] SERVICE ALERT: control1.gate.rtf;ANT_Pedestal_Switch_Disabled_Fault;OK;HARD;1;OK - 0
[1522950388] SERVICE NOTIFICATION: check-mk-notify;control1.gate.rtf;ANT_Pedestal_Switch_Disabled_Fault;OK;check-mk-notify;OK - 0
[1522950444] SERVICE ALERT: control1.gate.rtf;ANT_Azimuth_Brakes_Fault;CRITICAL;HARD;1;CRIT - FAULT - 1
[1522950444] SERVICE NOTIFICATION: check-mk-notify;control1.gate.rtf;ANT_Azimuth_Brakes_Fault;CRITICAL;check-mk-notify;CRIT - FAULT - 1
[1522950445] SERVICE ALERT: control1.gate.rtf;ANT_Azimuth_Fans_Fault;CRITICAL;HARD;1;CRIT - FAULT - 1
[1522950445] SERVICE NOTIFICATION: check-mk-notify;control1.gate.rtf;ANT_Azimuth_Fans_Fault;CRITICAL;check-mk-notify;CRIT - FAULT - 1
[1522950445] SERVICE ALERT: control1.gate.rtf;ANT_Elevation_Brakes_Fault;CRITICAL;HARD;1;CRIT - FAULT - 1
[1522950445] SERVICE NOTIFICATION: check-mk-notify;control1.gate.rtf;ANT_Elevation_Brakes_Fault;CRITICAL;check-mk-notify;CRIT - FAULT - 1
[1522950446] SERVICE ALERT: control1.gate.rtf;ANT_Elevation_Fans_Fault;CRITICAL;HARD;1;CRIT - FAULT - 1
[1522950446] SERVICE NOTIFICATION: check-mk-notify;control1.gate.rtf;ANT_Elevation_Fans_Fault;CRITICAL;check-mk-notify;CRIT - FAULT - 1
[1522950447] SERVICE ALERT: control1.gate.rtf;ANT_Oil_Pressure_Fault;CRITICAL;HARD;1;CRIT - FAULT - 1
[1522950447] SERVICE NOTIFICATION: check-mk-notify;control1.gate.rtf;ANT_Oil_Pressure_Fault;CRITICAL;check-mk-notify;CRIT - FAULT - 1
[1522950448] SERVICE ALERT: control1.gate.rtf;ANT_Pedestal_Switch_Disabled_Fault;CRITICAL;HARD;1;CRIT - FAULT - 1
[1522950448] SERVICE NOTIFICATION: check-mk-notify;control1.gate.rtf;ANT_Pedestal_Switch_Disabled_Fault;CRITICAL;check-mk-notify;CRIT - FAULT - 1
[1522950449] SERVICE FLAPPING ALERT: control1.gate.rtf;TEMP_SCC;STOPPED; Service appears to have stopped flapping (3.8% change < 5.0% threshold)
[1522950449] SERVICE NOTIFICATION: check-mk-notify;control1.gate.rtf;TEMP_SCC;FLAPPINGSTOP (OK);check-mk-notify;OK - 27.9
[1522950469] SERVICE ALERT: mgen1.gate.rtf;SBandAntennaMovement_stationaryPeriod;CRITICAL;HARD;1;WARN - stationaryPeriod = 92 sec
[1522950469] SERVICE NOTIFICATION: check-mk-notify;mgen1.gate.rtf;SBandAntennaMovement_stationaryPeriod;CRITICAL;check-mk-notify;WARN - stationaryPeriod = 92 sec
[1522951464] SERVICE ALERT: control1.gate.rtf;TEMP_SCC;WARNING;HARD;1;WARN - WARNING - 32.9
[1522951464] SERVICE NOTIFICATION: check-mk-notify;control1.gate.rtf;TEMP_SCC;WARNING;check-mk-notify;WARN - WARNING - 32.9
[1522951584] SERVICE ALERT: control1.gate.rtf;TEMP_SCC;OK;HARD;1;OK - 31.6
[1522951584] SERVICE NOTIFICATION: check-mk-notify;control1.gate.rtf;TEMP_SCC;OK;check-mk-notify;OK - 31.6
[1522951673] Auto-save of retention data completed successfully.
[1522953384] SERVICE ALERT: control1.gate.rtf;TEMP_SCC;WARNING;HARD;1;WARN - WARNING - 32.7
[1522953384] SERVICE NOTIFICATION: check-mk-notify;control1.gate.rtf;TEMP_SCC;WARNING;check-mk-notify;WARN - WARNING - 32.7
[1522953624] SERVICE ALERT: control1.gate.rtf;TEMP_SCC;OK;HARD;1;OK - 31.8
[1522953624] SERVICE NOTIFICATION: check-mk-notify;control1.gate.rtf;TEMP_SCC;OK;check-mk-notify;OK - 31.8
[1522955273] Auto-save of retention data completed successfully.
[1522956504] SERVICE ALERT: control1.gate.rtf;TEMP_SCC;WARNING;HARD;1;WARN - WARNING - 33.3
[1522956504] SERVICE NOTIFICATION: check-mk-notify;control1.gate.rtf;TEMP_SCC;WARNING;check-mk-notify;WARN - WARNING - 33.3
[1522956744] SERVICE ALERT: control1.gate.rtf;TEMP_SCC;OK;HARD;1;OK - 31.8
[1522956744] SERVICE NOTIFICATION: check-mk-notify;control1.gate.rtf;TEMP_SCC;OK;check-mk-notify;OK - 31.8
[1522958873] Auto-save of retention data completed successfully.
[1522958894] SERVICE ALERT: pgen1.gate.rtf;HD_spdb/rhi/sband;CRITICAL;HARD;1;CRIT - missing
[1522958894] SERVICE NOTIFICATION: check-mk-notify;pgen1.gate.rtf;HD_spdb/rhi/sband;CRITICAL;check-mk-notify;CRIT - missing
[1522958895] SERVICE ALERT: pgen1.gate.rtf;HawkSummary_Data;CRITICAL;HARD;1;CRIT - Services ok/prob: 2/2
[1522958895] SERVICE NOTIFICATION: check-mk-notify;pgen1.gate.rtf;HawkSummary_Data;CRITICAL;check-mk-notify;CRIT - Services ok/prob: 2/2
[1522958924] SERVICE ALERT: pgen2.gate.rtf;HD_spdb/rhi/sband;CRITICAL;HARD;1;CRIT - missing
[1522958924] SERVICE NOTIFICATION: check-mk-notify;pgen2.gate.rtf;HD_spdb/rhi/sband;CRITICAL;check-mk-notify;CRIT - missing
[1522958924] SERVICE ALERT: pgen2.gate.rtf;HawkSummary_Data;CRITICAL;HARD;1;CRIT - Services ok/prob: 2/2
[1522958924] SERVICE NOTIFICATION: check-mk-notify;pgen2.gate.rtf;HawkSummary_Data;CRITICAL;check-mk-notify;CRIT - Services ok/prob: 2/2
[1522959804] SERVICE ALERT: control1.gate.rtf;TEMP_SCC;WARNING;HARD;1;WARN - WARNING - 33.3
[1522959804] SERVICE NOTIFICATION: check-mk-notify;control1.gate.rtf;TEMP_SCC;WARNING;check-mk-notify;WARN - WARNING - 33.3
[1522959984] SERVICE ALERT: control1.gate.rtf;TEMP_SCC;OK;HARD;1;OK - 31.9
[1522959984] SERVICE NOTIFICATION: check-mk-notify;control1.gate.rtf;TEMP_SCC;OK;check-mk-notify;OK - 31.9
[1522962473] Auto-save of retention data completed successfully.
[1522964004] SERVICE ALERT: control1.gate.rtf;TEMP_SCC;WARNING;HARD;1;WARN - WARNING - 33.5
[1522964004] SERVICE NOTIFICATION: check-mk-notify;control1.gate.rtf;TEMP_SCC;WARNING;check-mk-notify;WARN - WARNING - 33.5
[1522964244] SERVICE ALERT: control1.gate.rtf;TEMP_SCC;OK;HARD;1;OK - 31.9
[1522964244] SERVICE NOTIFICATION: check-mk-notify;control1.gate.rtf;TEMP_SCC;OK;check-mk-notify;OK - 31.9
[1522966073] Auto-save of retention data completed successfully.
[1522969644] SERVICE ALERT: control1.gate.rtf;TEMP_SCC;WARNING;HARD;1;WARN - WARNING - 33.0
[1522969644] SERVICE NOTIFICATION: check-mk-notify;control1.gate.rtf;TEMP_SCC;WARNING;check-mk-notify;WARN - WARNING - 33.0
[1522969673] Auto-save of retention data completed successfully.
[1522969824] SERVICE ALERT: control1.gate.rtf;TEMP_SCC;OK;HARD;1;OK - 31.8
[1522969824] SERVICE NOTIFICATION: check-mk-notify;control1.gate.rtf;TEMP_SCC;OK;check-mk-notify;OK - 31.8
[1522972044] SERVICE ALERT: control1.gate.rtf;TEMP_SCC;WARNING;HARD;1;WARN - WARNING - 33.1
[1522972044] SERVICE NOTIFICATION: check-mk-notify;control1.gate.rtf;TEMP_SCC;WARNING;check-mk-notify;WARN - WARNING - 33.1
[1522972224] SERVICE ALERT: control1.gate.rtf;TEMP_SCC;OK;HARD;1;OK - 31.6
[1522972224] SERVICE NOTIFICATION: check-mk-notify;control1.gate.rtf;TEMP_SCC;OK;check-mk-notify;OK - 31.6
[1522972800] TIMEPERIOD TRANSITION: 24X7;1;1
