[1522454400] LOG ROTATION: DAILY
[1522454400] LOG VERSION: 2.0
[1522454400] CURRENT HOST STATE: control1.gate.rtf;UP;HARD;1;OK - 192.168.4.2: rta 0.022ms, lost 0%
[1522454400] CURRENT HOST STATE: control2.gate.rtf;UP;HARD;1;OK - 192.168.4.10: rta 0.199ms, lost 0%
[1522454400] CURRENT HOST STATE: mgen1.gate.rtf;UP;HARD;1;OK - 192.168.4.3: rta 3.920ms, lost 0%
[1522454400] CURRENT HOST STATE: mgen2.gate.rtf;UP;HARD;1;OK - 192.168.4.22: rta 0.127ms, lost 0%
[1522454400] CURRENT HOST STATE: pgen1.gate.rtf;UP;HARD;1;OK - 192.168.4.23: rta 0.191ms, lost 0%
[1522454400] CURRENT HOST STATE: pgen2.gate.rtf;UP;HARD;1;OK - 192.168.4.25: rta 0.209ms, lost 0%
[1522454400] CURRENT SERVICE STATE: control1.gate.rtf;ANT_Antenna_Door_Open_Fault;UNKNOWN;HARD;1;UNKNOWN - Unknown - 0
[1522454400] CURRENT SERVICE STATE: control1.gate.rtf;ANT_Az_Run_Line_Active;UNKNOWN;HARD;1;UNKNOWN - Unknown - 0
[1522454400] CURRENT SERVICE STATE: control1.gate.rtf;ANT_Azimuth_Brake_Bypass_Fault;UNKNOWN;HARD;1;UNKNOWN - Unknown - 0
[1522454400] CURRENT SERVICE STATE: control1.gate.rtf;ANT_Azimuth_Brakes_Fault;UNKNOWN;HARD;1;UNKNOWN - Unknown - 0
[1522454400] CURRENT SERVICE STATE: control1.gate.rtf;ANT_Azimuth_Fans_Fault;UNKNOWN;HARD;1;UNKNOWN - Unknown - 0
[1522454400] CURRENT SERVICE STATE: control1.gate.rtf;ANT_Azimuth_Stowed_Fault;UNKNOWN;HARD;1;UNKNOWN - Unknown - 0
[1522454400] CURRENT SERVICE STATE: control1.gate.rtf;ANT_Azimuth_Temperature_Fault;UNKNOWN;HARD;1;UNKNOWN - Unknown - 0
[1522454400] CURRENT SERVICE STATE: control1.gate.rtf;ANT_COHO_Gate_Fault;OK;HARD;1;OK - 0
[1522454400] CURRENT SERVICE STATE: control1.gate.rtf;ANT_Circulator_Temperature_Fault;OK;HARD;1;OK - 0
[1522454400] CURRENT SERVICE STATE: control1.gate.rtf;ANT_El_Run_Line_Active;UNKNOWN;HARD;1;UNKNOWN - Unknown - 0
[1522454400] CURRENT SERVICE STATE: control1.gate.rtf;ANT_Elevation_Brake_Bypass_Fault;UNKNOWN;HARD;1;UNKNOWN - Unknown - 0
[1522454400] CURRENT SERVICE STATE: control1.gate.rtf;ANT_Elevation_Brakes_Fault;UNKNOWN;HARD;1;UNKNOWN - Unknown - 0
[1522454400] CURRENT SERVICE STATE: control1.gate.rtf;ANT_Elevation_Fans_Fault;UNKNOWN;HARD;1;UNKNOWN - Unknown - 0
[1522454400] CURRENT SERVICE STATE: control1.gate.rtf;ANT_Elevation_Limit_Fault;UNKNOWN;HARD;1;UNKNOWN - Unknown - 0
[1522454400] CURRENT SERVICE STATE: control1.gate.rtf;ANT_Elevation_Stowed_Fault;UNKNOWN;HARD;1;UNKNOWN - Unknown - 0
[1522454400] CURRENT SERVICE STATE: control1.gate.rtf;ANT_Elevation_Temperature_Fault;UNKNOWN;HARD;1;UNKNOWN - Unknown - 0
[1522454400] CURRENT SERVICE STATE: control1.gate.rtf;ANT_Mitch_Switch_Fault;CRITICAL;HARD;1;CRIT - FAULT - 1
[1522454400] CURRENT SERVICE STATE: control1.gate.rtf;ANT_Oil_Pressure_Fault;UNKNOWN;HARD;1;UNKNOWN - Unknown - 0
[1522454400] CURRENT SERVICE STATE: control1.gate.rtf;ANT_Pedestal_Switch_Disabled_Fault;UNKNOWN;HARD;1;UNKNOWN - Unknown - 0
[1522454400] CURRENT SERVICE STATE: control1.gate.rtf;ANT_RF_Disabled_Fault;CRITICAL;HARD;1;CRIT - FAULT - 1
[1522454400] CURRENT SERVICE STATE: control1.gate.rtf;ANT_RF_Ladder_Lockout_Fault;CRITICAL;HARD;1;CRIT - FAULT - 1
[1522454400] CURRENT SERVICE STATE: control1.gate.rtf;ANT_Wave_Guide_Pressure_Fault;CRITICAL;HARD;1;CRIT - FAULT - 1
[1522454400] CURRENT SERVICE STATE: control1.gate.rtf;ANT_Wave_Guide_Switch_Fault;CRITICAL;HARD;1;CRIT - FAULT - 1
[1522454400] CURRENT SERVICE STATE: control1.gate.rtf;CPU load;OK;HARD;1;OK - 15 min load 0.05 at 16 Cores (0.00 per Core)
[1522454400] CURRENT SERVICE STATE: control1.gate.rtf;CPU utilization;OK;HARD;1;OK - user: 0.2%, system: 0.1%, wait: 0.0%, steal: 0.0%, guest: 0.0%, total: 0.3%
[1522454400] CURRENT SERVICE STATE: control1.gate.rtf;Check_MK;OK;HARD;1;OK - Agent version 1.2.8p26, execution time 0.6 sec
[1522454400] CURRENT SERVICE STATE: control1.gate.rtf;Check_MK Discovery;OK;HARD;1;OK - no unmonitored services found, 19 vanished services (local:19)
[1522454400] CURRENT SERVICE STATE: control1.gate.rtf;Disk IO SUMMARY;OK;HARD;1;OK - Utilization: 0.0%, Read: 341.33 B/s, Write: 58.18 kB/s, Average Wait: 0.10 ms, Average Read Wait: 3.30 ms, Average Write Wait: 0.06 ms, Latency: 0.05 ms
[1522454400] CURRENT SERVICE STATE: control1.gate.rtf;Filesystem /;OK;HARD;1;OK - 62.0% used (24.19 of 39.04 GB), trend: +10.93 MB / 24 hours
[1522454400] CURRENT SERVICE STATE: control1.gate.rtf;Filesystem /data;OK;HARD;1;OK - 25.6% used (401.65 GB of 1.53 TB), trend: 0.00 B / 24 hours
[1522454400] CURRENT SERVICE STATE: control1.gate.rtf;Filesystem /home;OK;HARD;1;OK - 63.2% used (29.80 of 47.17 GB), trend: +4.80 MB / 24 hours
[1522454400] CURRENT SERVICE STATE: control1.gate.rtf;HP_DataMapper_primary;UNKNOWN;HARD;1;UNKNOWN - Item not found in agent output
[1522454400] CURRENT SERVICE STATE: control1.gate.rtf;HP_DsFileDist_ext_data;UNKNOWN;HARD;1;UNKNOWN - Item not found in agent output
[1522454400] CURRENT SERVICE STATE: control1.gate.rtf;HP_DsServerMgr_primary;UNKNOWN;HARD;1;UNKNOWN - Item not found in agent output
[1522454400] CURRENT SERVICE STATE: control1.gate.rtf;HP_Fmq2Fmq_monitoring;UNKNOWN;HARD;1;UNKNOWN - Item not found in agent output
[1522454400] CURRENT SERVICE STATE: control1.gate.rtf;HP_InputWatcher_spol_cams;UNKNOWN;HARD;1;UNKNOWN - Item not found in agent output
[1522454400] CURRENT SERVICE STATE: control1.gate.rtf;HP_Janitor_logs;UNKNOWN;HARD;1;UNKNOWN - Item not found in agent output
[1522454400] CURRENT SERVICE STATE: control1.gate.rtf;HP_Janitor_sysview;UNKNOWN;HARD;1;UNKNOWN - Item not found in agent output
[1522454400] CURRENT SERVICE STATE: control1.gate.rtf;HP_LdataWatcher_sysview;UNKNOWN;HARD;1;UNKNOWN - Item not found in agent output
[1522454400] CURRENT SERVICE STATE: control1.gate.rtf;HP_Scout_primary;UNKNOWN;HARD;1;UNKNOWN - Item not found in agent output
[1522454400] CURRENT SERVICE STATE: control1.gate.rtf;HP_SpolMonCtrl_ops;UNKNOWN;HARD;1;UNKNOWN - Item not found in agent output
[1522454400] CURRENT SERVICE STATE: control1.gate.rtf;HawkSummary_Data;OK;HARD;1;OK - 0 data set(s) have problems
[1522454400] CURRENT SERVICE STATE: control1.gate.rtf;HawkSummary_Processes;CRITICAL;HARD;1;CRIT - 0 ok, 1 problems - No ProcessMapper?
[1522454400] CURRENT SERVICE STATE: control1.gate.rtf;Interface 2;OK;HARD;1;OK - [em1] (up) MAC: 78:2b:cb:0d:ae:c0, 1 Gbit/s, in: 4.36 kB/s(0.0%), out: 908.65 B/s(0.0%)
[1522454400] CURRENT SERVICE STATE: control1.gate.rtf;Interface 3;OK;HARD;1;OK - [em2] (up) MAC: 78:2b:cb:0d:ae:c1, 1 Gbit/s, in: 66.99 B/s(0.0%), out: 0.00 B/s(0.0%)
[1522454400] CURRENT SERVICE STATE: control1.gate.rtf;Kernel Context Switches;OK;HARD;1;OK - 370/s
[1522454400] CURRENT SERVICE STATE: control1.gate.rtf;Kernel Major Page Faults;OK;HARD;1;OK - 0/s
[1522454400] CURRENT SERVICE STATE: control1.gate.rtf;Kernel Process Creations;OK;HARD;1;OK - 4/s
[1522454400] CURRENT SERVICE STATE: control1.gate.rtf;Logins;OK;HARD;1;OK - 1 logins on system (warn/crit at 20/30)
[1522454400] CURRENT SERVICE STATE: control1.gate.rtf;Memory;OK;HARD;1;OK - RAM used: 950.77 MB of 11.56 GB, Swap used: 0.00 B of 3.91 GB, Total virtual memory used: 950.77 MB of 15.47 GB (6.0%),
[1522454400] CURRENT SERVICE STATE: control1.gate.rtf;Mount options of /;OK;HARD;1;OK - mount options exactly as expected
[1522454400] CURRENT SERVICE STATE: control1.gate.rtf;Mount options of /data;OK;HARD;1;OK - mount options exactly as expected
[1522454400] CURRENT SERVICE STATE: control1.gate.rtf;Mount options of /home;OK;HARD;1;OK - mount options exactly as expected
[1522454400] CURRENT SERVICE STATE: control1.gate.rtf;NTP Time;OK;HARD;1;OK - stratum 2, offset 0.0164 ms, reference: C0A804F8 (192.168.4.248)
[1522454400] CURRENT SERVICE STATE: control1.gate.rtf;Number of threads;OK;HARD;1;OK - 422 threads
[1522454400] CURRENT SERVICE STATE: control1.gate.rtf;OMD prod apache;OK;HARD;1;OK - 0.02 Requests/s, 0.00 Seconds serving/s, 0.05 B Sent/s
[1522454400] CURRENT SERVICE STATE: control1.gate.rtf;OMD prod performance;OK;HARD;1;OK - Host Checks: 0.1/s, Service Checks: 5.6/s, Process Creations: 0.2/s, Livestatus Connects: 0.0/s, Livestatus Requests: 0.0/s, Log Messages: 0.0/s, 6 Hosts, 343 Services, Core version: 3.5.0, Livestatus version: 1.2.8p15
[1522454400] CURRENT SERVICE STATE: control1.gate.rtf;OMD prod status;OK;HARD;1;OK - running
[1522454400] CURRENT SERVICE STATE: control1.gate.rtf;PM_AC_Power;OK;HARD;1;OK - Source 2
[1522454400] CURRENT SERVICE STATE: control1.gate.rtf;PM_Frequency;OK;HARD;1;OK - 600
[1522454400] CURRENT SERVICE STATE: control1.gate.rtf;PM_Source_Switched;OK;HARD;1;OK - ---
[1522454400] CURRENT SERVICE STATE: control1.gate.rtf;PM_TotalKW;OK;HARD;1;OK - 6548
[1522454400] CURRENT SERVICE STATE: control1.gate.rtf;PM_VoltageA;OK;HARD;1;OK - 123
[1522454400] CURRENT SERVICE STATE: control1.gate.rtf;PM_VoltageB;OK;HARD;1;OK - 124
[1522454400] CURRENT SERVICE STATE: control1.gate.rtf;PM_VoltageC;OK;HARD;1;OK - 124
[1522454400] CURRENT SERVICE STATE: control1.gate.rtf;PM_XmitPowerDbmH;CRITICAL;HARD;1;CRIT - CRITICAL - 53.14
[1522454400] CURRENT SERVICE STATE: control1.gate.rtf;PM_XmitPowerDbmTxTop;CRITICAL;HARD;1;CRIT - CRITICAL - 37.97
[1522454400] CURRENT SERVICE STATE: control1.gate.rtf;PM_XmitPowerDbmV;CRITICAL;HARD;1;CRIT - CRITICAL - 60.48
[1522454400] CURRENT SERVICE STATE: control1.gate.rtf;Postfix Queue;OK;HARD;1;OK - deferred queue length is 0, active queue length is 0
[1522454400] CURRENT SERVICE STATE: control1.gate.rtf;TCP Connections;OK;HARD;1;OK - ESTABLISHED: 5, TIME_WAIT: 1, LISTEN: 26
[1522454400] CURRENT SERVICE STATE: control1.gate.rtf;TEMP_Annex;OK;HARD;1;OK - 24.4
[1522454400] CURRENT SERVICE STATE: control1.gate.rtf;TEMP_Front_Wall;CRITICAL;HARD;1;CRIT - CRITICAL - 332.4
[1522454400] CURRENT SERVICE STATE: control1.gate.rtf;TEMP_Horiz_LNA;CRITICAL;HARD;1;CRIT - CRITICAL - 330.3
[1522454400] CURRENT SERVICE STATE: control1.gate.rtf;TEMP_Klystron;OK;HARD;1;OK - 16.6
[1522454400] CURRENT SERVICE STATE: control1.gate.rtf;TEMP_Rcvr_Enclosure;CRITICAL;HARD;1;CRIT - CRITICAL - 329.7
[1522454400] CURRENT SERVICE STATE: control1.gate.rtf;TEMP_Rear_Wall;OK;HARD;1;OK - 21.2
[1522454400] CURRENT SERVICE STATE: control1.gate.rtf;TEMP_SCC;OK;HARD;1;OK - 27.3
[1522454400] CURRENT SERVICE STATE: control1.gate.rtf;TEMP_UPS_Container;OK;HARD;1;OK - 31.1
[1522454400] CURRENT SERVICE STATE: control1.gate.rtf;TEMP_Vert_LNA;CRITICAL;HARD;1;CRIT - CRITICAL - 331.2
[1522454400] CURRENT SERVICE STATE: control1.gate.rtf;TX_Cabinet_Air_Temperature_Fault;OK;HARD;1;OK - 0
[1522454400] CURRENT SERVICE STATE: control1.gate.rtf;TX_Cabinet_Airflow_Fault;OK;HARD;1;OK - 0
[1522454400] CURRENT SERVICE STATE: control1.gate.rtf;TX_Cabinet_Interlock_Fault;OK;HARD;1;OK - 0
[1522454400] CURRENT SERVICE STATE: control1.gate.rtf;TX_Charging_System_Fail_Fault;OK;HARD;1;OK - 0
[1522454400] CURRENT SERVICE STATE: control1.gate.rtf;TX_Circulator_Temperature_Fault;OK;HARD;1;OK - 0
[1522454400] CURRENT SERVICE STATE: control1.gate.rtf;TX_Filament_PS_Voltage_Fault;OK;HARD;1;OK - 0
[1522454400] CURRENT SERVICE STATE: control1.gate.rtf;TX_Filament_ps_Fault;OK;HARD;1;OK - 0
[1522454400] CURRENT SERVICE STATE: control1.gate.rtf;TX_Focus_Coil_Airflow_Fault;OK;HARD;1;OK - 0
[1522454400] CURRENT SERVICE STATE: control1.gate.rtf;TX_Focus_Coil_Current_Fault;OK;HARD;1;OK - 0
[1522454400] CURRENT SERVICE STATE: control1.gate.rtf;TX_Focus_Coil_PS_Voltage_Fault;OK;HARD;1;OK - 0
[1522454400] CURRENT SERVICE STATE: control1.gate.rtf;TX_Inverse_Diode_Current_HV_Fault;OK;HARD;1;OK - 0
[1522454400] CURRENT SERVICE STATE: control1.gate.rtf;TX_Klystron_Air_Temperature_Fault;OK;HARD;1;OK - 0
[1522454400] CURRENT SERVICE STATE: control1.gate.rtf;TX_Klystron_Airflow_Fault;OK;HARD;1;OK - 0
[1522454400] CURRENT SERVICE STATE: control1.gate.rtf;TX_Klystron_Current_Fault;OK;HARD;1;OK - 0
[1522454400] CURRENT SERVICE STATE: control1.gate.rtf;TX_Klystron_Filament_Current_Fault;OK;HARD;1;OK - 0
[1522454400] CURRENT SERVICE STATE: control1.gate.rtf;TX_Klystron_Vacuum_Pump_Current_Fault;OK;HARD;1;OK - 0
[1522454400] CURRENT SERVICE STATE: control1.gate.rtf;TX_Klystron_Warmup_Fault;OK;HARD;1;OK - 0
[1522454400] CURRENT SERVICE STATE: control1.gate.rtf;TX_M15_VDC_PS_Fault;OK;HARD;1;OK - 0
[1522454400] CURRENT SERVICE STATE: control1.gate.rtf;TX_Main_Power_Voltage_Fault;OK;HARD;1;OK - 0
[1522454400] CURRENT SERVICE STATE: control1.gate.rtf;TX_Maintenance_Required_Fault;OK;HARD;1;OK - 0
[1522454400] CURRENT SERVICE STATE: control1.gate.rtf;TX_Modulator_Inverse_Current_Fault;OK;HARD;1;OK - 0
[1522454400] CURRENT SERVICE STATE: control1.gate.rtf;TX_Modulator_Overload_Fault;OK;HARD;1;OK - 0
[1522454400] CURRENT SERVICE STATE: control1.gate.rtf;TX_Modulator_Switch_Fail_Fault;OK;HARD;1;OK - 0
[1522454400] CURRENT SERVICE STATE: control1.gate.rtf;TX_Modulator_Switch_Maintenance_Fault;OK;HARD;1;OK - 0
[1522454400] CURRENT SERVICE STATE: control1.gate.rtf;TX_P15_VDC_PS_Fault;OK;HARD;1;OK - 0
[1522454400] CURRENT SERVICE STATE: control1.gate.rtf;TX_P28_VDC_PS_Fault;OK;HARD;1;OK - 0
[1522454400] CURRENT SERVICE STATE: control1.gate.rtf;TX_P45_VDC_PS_Fault;OK;HARD;1;OK - 0
[1522454400] CURRENT SERVICE STATE: control1.gate.rtf;TX_P5_VDC_PS_Fault;OK;HARD;1;OK - 0
[1522454400] CURRENT SERVICE STATE: control1.gate.rtf;TX_PRF_Limit_Fault;OK;HARD;1;OK - 0
[1522454400] CURRENT SERVICE STATE: control1.gate.rtf;TX_Post_Charge_Regulator_Fault;OK;HARD;1;OK - 0
[1522454400] CURRENT SERVICE STATE: control1.gate.rtf;TX_Spectrum_Filter_Pressure_Fault;OK;HARD;1;OK - 0
[1522454400] CURRENT SERVICE STATE: control1.gate.rtf;TX_Transmitter_Avail_Fault;OK;HARD;1;OK - 0
[1522454400] CURRENT SERVICE STATE: control1.gate.rtf;TX_Transmitter_Battery_Charging_Fault;OK;HARD;1;OK - 0
[1522454400] CURRENT SERVICE STATE: control1.gate.rtf;TX_Transmitter_Oil_Level_Fault;OK;HARD;1;OK - 0
[1522454400] CURRENT SERVICE STATE: control1.gate.rtf;TX_Transmitter_Oil_Temperature_Fault;OK;HARD;1;OK - 0
[1522454400] CURRENT SERVICE STATE: control1.gate.rtf;TX_Transmitter_Overcurrent_Fault;OK;HARD;1;OK - 0
[1522454400] CURRENT SERVICE STATE: control1.gate.rtf;TX_Transmitter_Overvoltage_Fault;OK;HARD;1;OK - 0
[1522454400] CURRENT SERVICE STATE: control1.gate.rtf;TX_Transmitter_Spare_0_Fault;OK;HARD;1;OK - 0
[1522454400] CURRENT SERVICE STATE: control1.gate.rtf;TX_Transmitter_Spare_1_Fault;OK;HARD;1;OK - 0
[1522454400] CURRENT SERVICE STATE: control1.gate.rtf;TX_Trigger_Amplifier_Fault;OK;HARD;1;OK - 0
[1522454400] CURRENT SERVICE STATE: control1.gate.rtf;TX_Vacuum_Pump_PS_Voltage_Fault;OK;HARD;1;OK - 0
[1522454400] CURRENT SERVICE STATE: control1.gate.rtf;TX_W_G_PFN_Transfer_Interlock_Fault;OK;HARD;1;OK - 0
[1522454400] CURRENT SERVICE STATE: control1.gate.rtf;TX_Waveguide_Arc_VSWR_Fault;OK;HARD;1;OK - 0
[1522454400] CURRENT SERVICE STATE: control1.gate.rtf;TX_Waveguide_Pressure_Humidity_Fault;OK;HARD;1;OK - 0
[1522454400] CURRENT SERVICE STATE: control1.gate.rtf;TX_Waveguide_Switch_Position_Fault;OK;HARD;1;OK - 0
[1522454400] CURRENT SERVICE STATE: control1.gate.rtf;UPSB_Alarms;OK;HARD;1;OK - 0
[1522454400] CURRENT SERVICE STATE: control1.gate.rtf;UPSB_BatteryState;OK;HARD;1;OK - 0
[1522454400] CURRENT SERVICE STATE: control1.gate.rtf;UPSB_OutputState;OK;HARD;1;OK - 0
[1522454400] CURRENT SERVICE STATE: control1.gate.rtf;UPS_Alarms;OK;HARD;1;OK - OK
[1522454400] CURRENT SERVICE STATE: control1.gate.rtf;UPS_BatteryState;OK;HARD;1;OK - OK
[1522454400] CURRENT SERVICE STATE: control1.gate.rtf;UPS_BatteryVoltage;OK;HARD;1;OK - 328
[1522454400] CURRENT SERVICE STATE: control1.gate.rtf;UPS_OutputState;OK;HARD;1;OK - OK
[1522454400] CURRENT SERVICE STATE: control1.gate.rtf;Uptime;OK;HARD;1;OK - up since Thu Mar 29 17:11:53 2018 (1d 06:48:01)
[1522454400] CURRENT SERVICE STATE: control1.gate.rtf;WG_PressurePSI;CRITICAL;HARD;1;CRIT - CRITICAL - -0.80
[1522454400] CURRENT SERVICE STATE: control1.gate.rtf;WG_RH;CRITICAL;HARD;1;CRIT - CRITICAL - 16.41
[1522454400] CURRENT SERVICE STATE: control1.gate.rtf;WG_TempC;OK;HARD;1;OK - 21.06
[1522454400] CURRENT SERVICE STATE: control1.gate.rtf;WX_RH;UNKNOWN;HARD;1;UNKNOWN - Item not found in agent output
[1522454400] CURRENT SERVICE STATE: control1.gate.rtf;WX_hailIntensityHitsPerCm2;UNKNOWN;HARD;1;UNKNOWN - Item not found in agent output
[1522454400] CURRENT SERVICE STATE: control1.gate.rtf;WX_internalTempC;UNKNOWN;HARD;1;UNKNOWN - Item not found in agent output
[1522454400] CURRENT SERVICE STATE: control1.gate.rtf;WX_pressureHpa;UNKNOWN;HARD;1;UNKNOWN - Item not found in agent output
[1522454400] CURRENT SERVICE STATE: control1.gate.rtf;WX_rainRateMmPerHr;UNKNOWN;HARD;1;UNKNOWN - Item not found in agent output
[1522454400] CURRENT SERVICE STATE: control1.gate.rtf;WX_supplyVoltage;UNKNOWN;HARD;1;UNKNOWN - Item not found in agent output
[1522454400] CURRENT SERVICE STATE: control1.gate.rtf;WX_tempC;UNKNOWN;HARD;1;UNKNOWN - Item not found in agent output
[1522454400] CURRENT SERVICE STATE: control1.gate.rtf;WX_windDirnDeg;UNKNOWN;HARD;1;UNKNOWN - Item not found in agent output
[1522454400] CURRENT SERVICE STATE: control1.gate.rtf;WX_windSpeedMps;UNKNOWN;HARD;1;UNKNOWN - Item not found in agent output
[1522454400] CURRENT SERVICE STATE: control1.gate.rtf;XMIT_High_Voltage_Power;CRITICAL;HARD;1;CRIT - CRITICAL - 32770
[1522454400] CURRENT SERVICE STATE: control1.gate.rtf;XMIT_Panel_Power;CRITICAL;HARD;1;CRIT - CRITICAL - 32770
[1522454400] CURRENT SERVICE STATE: control2.gate.rtf;CPU load;OK;HARD;1;OK - 15 min load 0.05 at 16 Cores (0.00 per Core)
[1522454400] CURRENT SERVICE STATE: control2.gate.rtf;CPU utilization;OK;HARD;1;OK - user: 0.5%, system: 0.2%, wait: 0.0%, steal: 0.0%, guest: 0.0%, total: 0.7%
[1522454400] CURRENT SERVICE STATE: control2.gate.rtf;Check_MK;OK;HARD;1;OK - Agent version 1.2.8p18, execution time 0.2 sec
[1522454400] CURRENT SERVICE STATE: control2.gate.rtf;Check_MK Discovery;OK;HARD;1;OK - no unmonitored services found, no vanished services found
[1522454400] CURRENT SERVICE STATE: control2.gate.rtf;Disk IO SUMMARY;OK;HARD;1;OK - Utilization: 0.0%, Read: 0.00 B/s, Write: 80.93 kB/s, Average Wait: 0.15 ms, Average Read Wait: 0.00 ms, Average Write Wait: 0.15 ms, Latency: 0.04 ms
[1522454400] CURRENT SERVICE STATE: control2.gate.rtf;Filesystem /;OK;HARD;1;OK - 40.1% used (15.38 of 38.32 GB), trend: +89.74 MB / 24 hours
[1522454400] CURRENT SERVICE STATE: control2.gate.rtf;Filesystem /data;OK;HARD;1;OK - 5.3% used (380.02 GB of 6.96 TB), trend: +12.22 MB / 24 hours
[1522454400] CURRENT SERVICE STATE: control2.gate.rtf;Filesystem /home;OK;HARD;1;OK - 72.5% used (34.21 of 47.17 GB), trend: -5.06 B / 24 hours
[1522454400] CURRENT SERVICE STATE: control2.gate.rtf;Interface 2;OK;HARD;1;OK - [em1] (up) MAC: 78:2b:cb:0d:b1:3c, 1 Gbit/s, in: 7.43 kB/s(0.0%), out: 5.60 kB/s(0.0%)
[1522454400] CURRENT SERVICE STATE: control2.gate.rtf;Interface 3;OK;HARD;1;OK - [em2] (up) MAC: 78:2b:cb:0d:b1:3d, 1 Gbit/s, in: 75.41 B/s(0.0%), out: 7.62 B/s(0.0%)
[1522454400] CURRENT SERVICE STATE: control2.gate.rtf;Kernel Context Switches;OK;HARD;1;OK - 704/s
[1522454400] CURRENT SERVICE STATE: control2.gate.rtf;Kernel Major Page Faults;OK;HARD;1;OK - 0/s
[1522454400] CURRENT SERVICE STATE: control2.gate.rtf;Kernel Process Creations;OK;HARD;1;OK - 11/s
[1522454400] CURRENT SERVICE STATE: control2.gate.rtf;Logins;OK;HARD;1;OK - 2 logins on system (warn/crit at 20/30)
[1522454400] CURRENT SERVICE STATE: control2.gate.rtf;Memory;OK;HARD;1;OK - RAM used: 1.06 GB of 11.56 GB, Swap used: 0.00 B of 3.72 GB, Total virtual memory used: 1.06 GB of 15.29 GB (6.9%),
[1522454400] CURRENT SERVICE STATE: control2.gate.rtf;Mount options of /;OK;HARD;1;OK - mount options exactly as expected
[1522454400] CURRENT SERVICE STATE: control2.gate.rtf;Mount options of /data;OK;HARD;1;OK - mount options exactly as expected
[1522454400] CURRENT SERVICE STATE: control2.gate.rtf;Mount options of /home;OK;HARD;1;OK - mount options exactly as expected
[1522454400] CURRENT SERVICE STATE: control2.gate.rtf;NTP Time;OK;HARD;1;OK - stratum 2, offset 0.0006 ms, reference: 192.168.4.248 (ntp.gate.rtf)
[1522454400] CURRENT SERVICE STATE: control2.gate.rtf;Number of threads;OK;HARD;1;OK - 538 threads
[1522454400] CURRENT SERVICE STATE: control2.gate.rtf;OMD prod apache;OK;HARD;1;OK - 0.05 Requests/s, 0.00 Seconds serving/s, 696.57 B Sent/s
[1522454400] CURRENT SERVICE STATE: control2.gate.rtf;OMD prod performance;CRITICAL;HARD;1;CRIT - Host Checks: 0.1/s, Service Checks: 3.8/s, Process Creations: 0.4/s, Livestatus Connects: 0.1/s, Livestatus Requests: 0.3/s, Log Messages: 0.0/s, 6 Hosts, 232 Services, Core version: 3.5.0, Livestatus version: 1.2.8p15, Notifications are disabled(!!)
[1522454400] CURRENT SERVICE STATE: control2.gate.rtf;OMD prod status;OK;HARD;1;OK - running
[1522454400] CURRENT SERVICE STATE: control2.gate.rtf;Postfix Queue;OK;HARD;1;OK - deferred queue length is 0, active queue length is 0
[1522454400] CURRENT SERVICE STATE: control2.gate.rtf;TCP Connections;OK;HARD;1;OK - ESTABLISHED: 16, SYN_SENT: 1, TIME_WAIT: 24, FIN_WAIT1: 3, LISTEN: 41
[1522454400] CURRENT SERVICE STATE: control2.gate.rtf;Uptime;OK;HARD;1;OK - up since Thu Mar 29 17:12:06 2018 (1d 06:47:12)
[1522454400] CURRENT SERVICE STATE: mgen1.gate.rtf;AntennaStatus;CRITICAL;HARD;1;CRIT - CRITICAL Antenna stopped for 4395 seconds
[1522454400] CURRENT SERVICE STATE: mgen1.gate.rtf;CPU load;OK;HARD;1;OK - 15 min load 1.33 at 16 Cores (0.08 per Core)
[1522454400] CURRENT SERVICE STATE: mgen1.gate.rtf;CPU utilization;OK;HARD;1;OK - user: 10.7%, system: 0.8%, wait: 0.0%, steal: 0.0%, guest: 0.0%, total: 11.5%
[1522454400] CURRENT SERVICE STATE: mgen1.gate.rtf;Check_MK;OK;HARD;1;OK - Agent version 1.2.8p26, execution time 0.5 sec
[1522454400] CURRENT SERVICE STATE: mgen1.gate.rtf;Check_MK Discovery;WARNING;HARD;1;WARN - 2 unmonitored services (local:2)(!), no vanished services found
[1522454400] CURRENT SERVICE STATE: mgen1.gate.rtf;Disk IO SUMMARY;OK;HARD;1;OK - Utilization: 0.1%, Read: 4.73 kB/s, Write: 32.00 kB/s, Average Wait: 0.42 ms, Average Read Wait: 2.08 ms, Average Write Wait: 0.01 ms, Latency: 0.42 ms
[1522454400] CURRENT SERVICE STATE: mgen1.gate.rtf;Filesystem /;OK;HARD;1;OK - 17.3% used (16.57 of 96.00 GB), trend: +3.15 MB / 24 hours
[1522454400] CURRENT SERVICE STATE: mgen1.gate.rtf;Filesystem /data;OK;HARD;1;OK - 75.2% used (1.33 of 1.77 TB), trend: +72.61 MB / 24 hours
[1522454400] CURRENT SERVICE STATE: mgen1.gate.rtf;Filesystem /home;OK;HARD;1;OK - 9.9% used (9.53 of 96.00 GB), trend: 0.00 B / 24 hours
[1522454400] CURRENT SERVICE STATE: mgen1.gate.rtf;HD_/tmp/fmq/SpolMonCtrl;CRITICAL;HARD;1;CRIT - missing
[1522454400] CURRENT SERVICE STATE: mgen1.gate.rtf;HD_/tmp/fmq/angles/shmem_30000;CRITICAL;HARD;1;CRIT - missing
[1522454400] CURRENT SERVICE STATE: mgen1.gate.rtf;HD_/tmp/fmq/moments/sband/shmem_20000;OK;HARD;1;OK - OK
[1522454400] CURRENT SERVICE STATE: mgen1.gate.rtf;HD_/tmp/fmq/syscon;CRITICAL;HARD;1;CRIT - missing
[1522454400] CURRENT SERVICE STATE: mgen1.gate.rtf;HD_/tmp/fmq/ts/sband/shmem_10000;OK;HARD;1;OK - OK
[1522454400] CURRENT SERVICE STATE: mgen1.gate.rtf;HP_DataMapper_primary;OK;HARD;1;OK - OK
[1522454400] CURRENT SERVICE STATE: mgen1.gate.rtf;HP_DsFileDist_suncal;OK;HARD;1;OK - OK
[1522454400] CURRENT SERVICE STATE: mgen1.gate.rtf;HP_DsFileDist_time_series;OK;HARD;1;OK - OK
[1522454400] CURRENT SERVICE STATE: mgen1.gate.rtf;HP_DsServerMgr_primary;OK;HARD;1;OK - OK
[1522454400] CURRENT SERVICE STATE: mgen1.gate.rtf;HP_Fmq2Fmq_moments.sband;OK;HARD;1;OK - OK
[1522454400] CURRENT SERVICE STATE: mgen1.gate.rtf;HP_Fmq2Fmq_moments.sband2;OK;HARD;1;OK - OK
[1522454400] CURRENT SERVICE STATE: mgen1.gate.rtf;HP_Fmq2Fmq_ts.sband;OK;HARD;1;OK - OK
[1522454400] CURRENT SERVICE STATE: mgen1.gate.rtf;HP_Fmq2Fmq_ts.sband2;OK;HARD;1;OK - OK
[1522454400] CURRENT SERVICE STATE: mgen1.gate.rtf;HP_Iq2Dsr_sband;OK;HARD;1;OK - OK
[1522454400] CURRENT SERVICE STATE: mgen1.gate.rtf;HP_Janitor_logs;OK;HARD;1;OK - OK
[1522454400] CURRENT SERVICE STATE: mgen1.gate.rtf;HP_Janitor_time_series;OK;HARD;1;OK - OK
[1522454400] CURRENT SERVICE STATE: mgen1.gate.rtf;HP_RadMon_log.sband;OK;HARD;1;OK - OK
[1522454400] CURRENT SERVICE STATE: mgen1.gate.rtf;HP_Scout_primary;OK;HARD;1;OK - OK
[1522454400] CURRENT SERVICE STATE: mgen1.gate.rtf;HP_SpolSysconRelay_sband;OK;HARD;1;OK - OK
[1522454400] CURRENT SERVICE STATE: mgen1.gate.rtf;HP_SpolTs2Fmq_sband;OK;HARD;1;OK - OK
[1522454400] CURRENT SERVICE STATE: mgen1.gate.rtf;HP_SpolTsMonitor_sband;OK;HARD;1;OK - OK
[1522454400] CURRENT SERVICE STATE: mgen1.gate.rtf;HP_SunCal_sband;OK;HARD;1;OK - OK
[1522454400] CURRENT SERVICE STATE: mgen1.gate.rtf;HP_TsTcp2Fmq_rvp8;OK;HARD;1;OK - OK
[1522454400] CURRENT SERVICE STATE: mgen1.gate.rtf;HawkSummary_Data;CRITICAL;HARD;1;CRIT - Services ok/prob: 2/3
[1522454400] CURRENT SERVICE STATE: mgen1.gate.rtf;HawkSummary_Processes;OK;HARD;1;OK - Services ok/prob: 20/0
[1522454400] CURRENT SERVICE STATE: mgen1.gate.rtf;IPMI Sensor Fan_Fan1;OK;HARD;1;OK - Current value 2400.0 RPM, critical below 600.0 RPM
[1522454400] CURRENT SERVICE STATE: mgen1.gate.rtf;IPMI Sensor Fan_Fan2;OK;HARD;1;OK - Current value 2400.0 RPM, critical below 600.0 RPM
[1522454400] CURRENT SERVICE STATE: mgen1.gate.rtf;IPMI Sensor Fan_Fan3;OK;HARD;1;OK - Current value 2280.0 RPM, critical below 600.0 RPM
[1522454400] CURRENT SERVICE STATE: mgen1.gate.rtf;IPMI Sensor Fan_Fan4;OK;HARD;1;OK - Current value 2160.0 RPM, critical below 600.0 RPM
[1522454400] CURRENT SERVICE STATE: mgen1.gate.rtf;IPMI Sensor Fan_Fan5;OK;HARD;1;OK - Current value 2400.0 RPM, critical below 600.0 RPM
[1522454400] CURRENT SERVICE STATE: mgen1.gate.rtf;IPMI Sensor Fan_Fan6;OK;HARD;1;OK - Current value 2280.0 RPM, critical below 600.0 RPM
[1522454400] CURRENT SERVICE STATE: mgen1.gate.rtf;IPMI Sensor Fan_Fan_Redundancy;OK;HARD;1;OK - Sensor status is Fully_Redundant
[1522454400] CURRENT SERVICE STATE: mgen1.gate.rtf;IPMI Sensor Temperature_Exhaust_Temp;OK;HARD;1;OK - Current value 29.0 C, valid range is 3.0 C ... 75.0 C
[1522454400] CURRENT SERVICE STATE: mgen1.gate.rtf;IPMI Sensor Temperature_Inlet_Temp;OK;HARD;1;OK - Current value 21.0 C, valid range is -7.0 C ... 47.0 C
[1522454400] CURRENT SERVICE STATE: mgen1.gate.rtf;IPMI Sensor Temperature_Temp;OK;HARD;1;OK - Current value 44.0 C
[1522454400] CURRENT SERVICE STATE: mgen1.gate.rtf;Interface 2;OK;HARD;1;OK - [em1] (up) MAC: d4:ae:52:b2:cb:ad, 1 Gbit/s, in: 23.40 MB/s(19.6%), out: 26.19 MB/s(22.0%)
[1522454400] CURRENT SERVICE STATE: mgen1.gate.rtf;Kernel Context Switches;OK;HARD;1;OK - 15092/s
[1522454400] CURRENT SERVICE STATE: mgen1.gate.rtf;Kernel Major Page Faults;OK;HARD;1;OK - 0/s
[1522454400] CURRENT SERVICE STATE: mgen1.gate.rtf;Kernel Process Creations;OK;HARD;1;OK - 9/s
[1522454400] CURRENT SERVICE STATE: mgen1.gate.rtf;Logins;OK;HARD;1;OK - 0 logins on system (warn/crit at 20/30)
[1522454400] CURRENT SERVICE STATE: mgen1.gate.rtf;Memory;OK;HARD;1;OK - RAM used: 2.06 GB of 62.71 GB, Swap used: 0.00 B of 31.25 GB, Total virtual memory used: 2.06 GB of 93.96 GB (2.2%),
[1522454400] CURRENT SERVICE STATE: mgen1.gate.rtf;Mount options of /;OK;HARD;1;OK - mount options exactly as expected
[1522454400] CURRENT SERVICE STATE: mgen1.gate.rtf;Mount options of /data;OK;HARD;1;OK - mount options exactly as expected
[1522454400] CURRENT SERVICE STATE: mgen1.gate.rtf;Mount options of /home;OK;HARD;1;OK - mount options exactly as expected
[1522454400] CURRENT SERVICE STATE: mgen1.gate.rtf;NTP Time;OK;HARD;1;OK - stratum 2, offset 0.0251 ms, reference: C0A804F8 (192.168.4.248)
[1522454400] CURRENT SERVICE STATE: mgen1.gate.rtf;Number of threads;OK;HARD;1;OK - 319 threads
[1522454400] CURRENT SERVICE STATE: mgen1.gate.rtf;Postfix Queue;OK;HARD;1;OK - deferred queue length is 0, active queue length is 0
[1522454400] CURRENT SERVICE STATE: mgen1.gate.rtf;SBandAntennaMovement_stationaryPeriod;CRITICAL;HARD;1;WARN - stationaryPeriod = 18266 sec
[1522454400] CURRENT SERVICE STATE: mgen1.gate.rtf;TCP Connections;OK;HARD;1;OK - ESTABLISHED: 12, SYN_SENT: 1, CLOSE_WAIT: 1, TIME_WAIT: 86, FIN_WAIT2: 1, LISTEN: 22
[1522454400] CURRENT SERVICE STATE: mgen1.gate.rtf;Uptime;OK;HARD;1;OK - up since Thu Mar 29 17:11:04 2018 (1d 06:48:40)
[1522454400] CURRENT SERVICE STATE: mgen2.gate.rtf;CPU load;OK;HARD;1;OK - 15 min load 0.05 at 16 Cores (0.00 per Core)
[1522454400] CURRENT SERVICE STATE: mgen2.gate.rtf;CPU utilization;OK;HARD;1;OK - user: 0.1%, system: 0.2%, wait: 0.0%, steal: 0.0%, guest: 0.0%, total: 0.3%
[1522454400] CURRENT SERVICE STATE: mgen2.gate.rtf;Check_MK;OK;HARD;1;OK - Agent version 1.2.8p26, execution time 0.3 sec
[1522454400] CURRENT SERVICE STATE: mgen2.gate.rtf;Check_MK Discovery;OK;HARD;1;OK - no unmonitored services found, no vanished services found
[1522454400] CURRENT SERVICE STATE: mgen2.gate.rtf;Disk IO SUMMARY;OK;HARD;1;OK - Utilization: 0.0%, Read: 3.33 kB/s, Write: 17.67 kB/s, Average Wait: 0.27 ms, Average Read Wait: 0.03 ms, Average Write Wait: 0.25 ms, Latency: 0.27 ms
[1522454400] CURRENT SERVICE STATE: mgen2.gate.rtf;Filesystem /;OK;HARD;1;OK - 15.2% used (14.59 of 96.00 GB), trend: +4.47 MB / 24 hours
[1522454400] CURRENT SERVICE STATE: mgen2.gate.rtf;Filesystem /data;OK;HARD;1;OK - 53.7% used (973.64 GB of 1.77 TB), trend: +8.53 MB / 24 hours
[1522454400] CURRENT SERVICE STATE: mgen2.gate.rtf;Filesystem /home;OK;HARD;1;OK - 11.7% used (11.19 of 96.00 GB), trend: 0.00 B / 24 hours
[1522454400] CURRENT SERVICE STATE: mgen2.gate.rtf;IPMI Sensor Fan_Fan1;OK;HARD;1;OK - Current value 2280.0 RPM, critical below 600.0 RPM
[1522454400] CURRENT SERVICE STATE: mgen2.gate.rtf;IPMI Sensor Fan_Fan2;OK;HARD;1;OK - Current value 2160.0 RPM, critical below 600.0 RPM
[1522454400] CURRENT SERVICE STATE: mgen2.gate.rtf;IPMI Sensor Fan_Fan3;OK;HARD;1;OK - Current value 2280.0 RPM, critical below 600.0 RPM
[1522454400] CURRENT SERVICE STATE: mgen2.gate.rtf;IPMI Sensor Fan_Fan4;OK;HARD;1;OK - Current value 2280.0 RPM, critical below 600.0 RPM
[1522454400] CURRENT SERVICE STATE: mgen2.gate.rtf;IPMI Sensor Fan_Fan5;OK;HARD;1;OK - Current value 2040.0 RPM, critical below 600.0 RPM
[1522454400] CURRENT SERVICE STATE: mgen2.gate.rtf;IPMI Sensor Fan_Fan6;OK;HARD;1;OK - Current value 2280.0 RPM, critical below 600.0 RPM
[1522454400] CURRENT SERVICE STATE: mgen2.gate.rtf;IPMI Sensor Fan_Fan_Redundancy;OK;HARD;1;OK - Sensor status is Fully_Redundant
[1522454400] CURRENT SERVICE STATE: mgen2.gate.rtf;IPMI Sensor Temperature_Exhaust_Temp;OK;HARD;1;OK - Current value 27.0 C, valid range is 3.0 C ... 75.0 C
[1522454400] CURRENT SERVICE STATE: mgen2.gate.rtf;IPMI Sensor Temperature_Inlet_Temp;OK;HARD;1;OK - Current value 20.0 C, valid range is -7.0 C ... 47.0 C
[1522454400] CURRENT SERVICE STATE: mgen2.gate.rtf;IPMI Sensor Temperature_Temp;OK;HARD;1;OK - Current value 39.0 C
[1522454400] CURRENT SERVICE STATE: mgen2.gate.rtf;Interface 2;OK;HARD;1;OK - [em1] (up) MAC: d4:ae:52:b6:1b:40, 1 Gbit/s, in: 155.12 kB/s(0.1%), out: 113.77 kB/s(0.1%)
[1522454400] CURRENT SERVICE STATE: mgen2.gate.rtf;Kernel Context Switches;OK;HARD;1;OK - 7131/s
[1522454400] CURRENT SERVICE STATE: mgen2.gate.rtf;Kernel Major Page Faults;OK;HARD;1;OK - 0/s
[1522454400] CURRENT SERVICE STATE: mgen2.gate.rtf;Kernel Process Creations;OK;HARD;1;OK - 7/s
[1522454400] CURRENT SERVICE STATE: mgen2.gate.rtf;Logins;OK;HARD;1;OK - 0 logins on system (warn/crit at 20/30)
[1522454400] CURRENT SERVICE STATE: mgen2.gate.rtf;Memory;OK;HARD;1;OK - RAM used: 577.94 MB of 62.71 GB, Swap used: 0.00 B of 7.81 GB, Total virtual memory used: 577.94 MB of 70.52 GB (0.8%),
[1522454400] CURRENT SERVICE STATE: mgen2.gate.rtf;Mount options of /;OK;HARD;1;OK - mount options exactly as expected
[1522454400] CURRENT SERVICE STATE: mgen2.gate.rtf;Mount options of /data;OK;HARD;1;OK - mount options exactly as expected
[1522454400] CURRENT SERVICE STATE: mgen2.gate.rtf;Mount options of /home;OK;HARD;1;OK - mount options exactly as expected
[1522454400] CURRENT SERVICE STATE: mgen2.gate.rtf;NTP Time;OK;HARD;1;OK - stratum 2, offset 0.0000 ms, reference: C0A804F8 (192.168.4.248)
[1522454400] CURRENT SERVICE STATE: mgen2.gate.rtf;Number of threads;OK;HARD;1;OK - 278 threads
[1522454400] CURRENT SERVICE STATE: mgen2.gate.rtf;Postfix Queue;OK;HARD;1;OK - deferred queue length is 0, active queue length is 0
[1522454400] CURRENT SERVICE STATE: mgen2.gate.rtf;TCP Connections;OK;HARD;1;OK - ESTABLISHED: 2, SYN_SENT: 1, TIME_WAIT: 26, LISTEN: 19
[1522454400] CURRENT SERVICE STATE: mgen2.gate.rtf;Uptime;OK;HARD;1;OK - up since Thu Mar 29 17:11:16 2018 (1d 06:47:57)
[1522454400] CURRENT SERVICE STATE: pgen1.gate.rtf;CPU load;OK;HARD;1;OK - 15 min load 0.15 at 24 Cores (0.01 per Core)
[1522454400] CURRENT SERVICE STATE: pgen1.gate.rtf;CPU utilization;OK;HARD;1;OK - user: 0.7%, system: 0.2%, wait: 0.0%, steal: 0.0%, guest: 0.0%, total: 0.9%
[1522454400] CURRENT SERVICE STATE: pgen1.gate.rtf;Check_MK;OK;HARD;1;OK - Agent version 1.2.8p18, execution time 0.6 sec
[1522454400] CURRENT SERVICE STATE: pgen1.gate.rtf;Check_MK Discovery;WARNING;HARD;1;WARN - 3 unmonitored services (local:3)(!), no vanished services found
[1522454400] CURRENT SERVICE STATE: pgen1.gate.rtf;Disk IO SUMMARY;OK;HARD;1;OK - Utilization: 0.0%, Read: 0.00 B/s, Write: 13.43 kB/s, Average Wait: 0.03 ms, Average Read Wait: 0.00 ms, Average Write Wait: 0.03 ms, Latency: 0.03 ms
[1522454400] CURRENT SERVICE STATE: pgen1.gate.rtf;Filesystem /;OK;HARD;1;OK - 16.7% used (16.01 of 96.00 GB), trend: +4.45 MB / 24 hours
[1522454400] CURRENT SERVICE STATE: pgen1.gate.rtf;Filesystem /home;OK;HARD;1;OK - 16.6% used (15.93 of 96.00 GB), trend: 0.00 B / 24 hours
[1522454400] CURRENT SERVICE STATE: pgen1.gate.rtf;Filesystem /mnt/data;OK;HARD;1;OK - 70.0% used (19.10 of 27.28 TB), trend: +20.76 GB / 24 hours
[1522454400] CURRENT SERVICE STATE: pgen1.gate.rtf;HD_cfradial/moments/sband;CRITICAL;HARD;1;CRIT - missing
[1522454400] CURRENT SERVICE STATE: pgen1.gate.rtf;HD_fmq/moments/sband/shmem_20000;OK;HARD;1;OK - OK
[1522454400] CURRENT SERVICE STATE: pgen1.gate.rtf;HD_spdb/monitor/sband;OK;HARD;1;OK - OK
[1522454400] CURRENT SERVICE STATE: pgen1.gate.rtf;HD_spdb/rhi/sband;CRITICAL;HARD;1;CRIT - missing
[1522454400] CURRENT SERVICE STATE: pgen1.gate.rtf;HP_DataMapper_primary;OK;HARD;1;OK - OK
[1522454400] CURRENT SERVICE STATE: pgen1.gate.rtf;HP_DsFileDist_front;OK;HARD;1;OK - OK
[1522454400] CURRENT SERVICE STATE: pgen1.gate.rtf;HP_DsFmqServer_manager;OK;HARD;1;OK - OK
[1522454400] CURRENT SERVICE STATE: pgen1.gate.rtf;HP_DsServerMgr_primary;OK;HARD;1;OK - OK
[1522454400] CURRENT SERVICE STATE: pgen1.gate.rtf;HP_Dsr2Radx_covar.sband;OK;HARD;1;OK - OK
[1522454400] CURRENT SERVICE STATE: pgen1.gate.rtf;HP_Dsr2Radx_moments.sband;OK;HARD;1;OK - OK
[1522454400] CURRENT SERVICE STATE: pgen1.gate.rtf;HP_Dsr2Radx_sunscan.sband;OK;HARD;1;OK - OK
[1522454400] CURRENT SERVICE STATE: pgen1.gate.rtf;HP_RadxPartRain_sband.rhi;OK;HARD;1;OK - OK
[1522454400] CURRENT SERVICE STATE: pgen1.gate.rtf;HP_RadxPartRain_sband.sur;OK;HARD;1;OK - OK
[1522454400] CURRENT SERVICE STATE: pgen1.gate.rtf;HP_Rhi2Spdb_sband;OK;HARD;1;OK - OK
[1522454400] CURRENT SERVICE STATE: pgen1.gate.rtf;HP_Scout_primary;OK;HARD;1;OK - OK
[1522454400] CURRENT SERVICE STATE: pgen1.gate.rtf;HP_TsSmartSave_sband;OK;HARD;1;OK - OK
[1522454400] CURRENT SERVICE STATE: pgen1.gate.rtf;HawkSummary_Data;CRITICAL;HARD;1;CRIT - Services ok/prob: 2/2
[1522454400] CURRENT SERVICE STATE: pgen1.gate.rtf;HawkSummary_Processes;OK;HARD;1;OK - Services ok/prob: 15/0
[1522454400] CURRENT SERVICE STATE: pgen1.gate.rtf;Interface 2;OK;HARD;1;OK - [em1] (up) MAC: d4:ae:52:b5:be:0b, 1 Gbit/s, in: 13.19 MB/s(11.1%), out: 130.79 kB/s(0.1%)
[1522454400] CURRENT SERVICE STATE: pgen1.gate.rtf;Kernel Context Switches;OK;HARD;1;OK - 5388/s
[1522454400] CURRENT SERVICE STATE: pgen1.gate.rtf;Kernel Major Page Faults;OK;HARD;1;OK - 0/s
[1522454400] CURRENT SERVICE STATE: pgen1.gate.rtf;Kernel Process Creations;OK;HARD;1;OK - 7/s
[1522454400] CURRENT SERVICE STATE: pgen1.gate.rtf;Logins;OK;HARD;1;OK - 1 logins on system (warn/crit at 20/30)
[1522454400] CURRENT SERVICE STATE: pgen1.gate.rtf;Memory;OK;HARD;1;OK - RAM used: 2.66 GB of 62.71 GB, Swap used: 0.00 B of 7.81 GB, Total virtual memory used: 2.66 GB of 70.53 GB (3.8%),
[1522454400] CURRENT SERVICE STATE: pgen1.gate.rtf;Mount options of /;OK;HARD;1;OK - mount options exactly as expected
[1522454400] CURRENT SERVICE STATE: pgen1.gate.rtf;Mount options of /home;OK;HARD;1;OK - mount options exactly as expected
[1522454400] CURRENT SERVICE STATE: pgen1.gate.rtf;Mount options of /mnt/data;OK;HARD;1;OK - mount options exactly as expected
[1522454400] CURRENT SERVICE STATE: pgen1.gate.rtf;NTP Time;OK;HARD;1;OK - stratum 2, offset 0.0239 ms, reference: 192.168.4.248 (ntp.gate.rtf)
[1522454400] CURRENT SERVICE STATE: pgen1.gate.rtf;Number of threads;OK;HARD;1;OK - 349 threads
[1522454400] CURRENT SERVICE STATE: pgen1.gate.rtf;Postfix Queue;OK;HARD;1;OK - deferred queue length is 0, active queue length is 0
[1522454400] CURRENT SERVICE STATE: pgen1.gate.rtf;TCP Connections;OK;HARD;1;OK - ESTABLISHED: 5, CLOSE_WAIT: 1, TIME_WAIT: 60, FIN_WAIT2: 1, LISTEN: 26
[1522454400] CURRENT SERVICE STATE: pgen1.gate.rtf;Uptime;OK;HARD;1;OK - up since Thu Mar 29 17:11:11 2018 (1d 06:48:23)
[1522454400] CURRENT SERVICE STATE: pgen2.gate.rtf;CPU load;OK;HARD;1;OK - 15 min load 0.11 at 24 Cores (0.00 per Core)
[1522454400] CURRENT SERVICE STATE: pgen2.gate.rtf;CPU utilization;OK;HARD;1;OK - user: 0.6%, system: 0.2%, wait: 0.0%, steal: 0.0%, guest: 0.0%, total: 0.8%
[1522454400] CURRENT SERVICE STATE: pgen2.gate.rtf;Check_MK;OK;HARD;1;OK - Agent version 1.2.8p18, execution time 0.6 sec
[1522454400] CURRENT SERVICE STATE: pgen2.gate.rtf;Check_MK Discovery;WARNING;HARD;1;WARN - 2 unmonitored services (lnx_if:1, local:1)(!), no vanished services found
[1522454400] CURRENT SERVICE STATE: pgen2.gate.rtf;Disk IO SUMMARY;OK;HARD;1;OK - Utilization: 0.0%, Read: 0.00 B/s, Write: 12.50 kB/s, Average Wait: 0.01 ms, Average Read Wait: 0.00 ms, Average Write Wait: 0.01 ms, Latency: 0.01 ms
[1522454400] CURRENT SERVICE STATE: pgen2.gate.rtf;Filesystem /;OK;HARD;1;OK - 16.1% used (15.48 of 96.00 GB), trend: +5.01 MB / 24 hours
[1522454400] CURRENT SERVICE STATE: pgen2.gate.rtf;Filesystem /home;OK;HARD;1;OK - 11.7% used (11.21 of 96.00 GB), trend: 0.00 B / 24 hours
[1522454400] CURRENT SERVICE STATE: pgen2.gate.rtf;Filesystem /mnt/data;OK;HARD;1;OK - 77.5% used (21.15 of 27.28 TB), trend: +165.78 MB / 24 hours
[1522454400] CURRENT SERVICE STATE: pgen2.gate.rtf;HD_cfradial/moments/sband;CRITICAL;HARD;1;CRIT - missing
[1522454400] CURRENT SERVICE STATE: pgen2.gate.rtf;HD_fmq/moments/sband/shmem_20000;OK;HARD;1;OK - OK
[1522454400] CURRENT SERVICE STATE: pgen2.gate.rtf;HD_spdb/monitor/sband;OK;HARD;1;OK - OK
[1522454400] CURRENT SERVICE STATE: pgen2.gate.rtf;HD_spdb/rhi/sband;CRITICAL;HARD;1;CRIT - missing
[1522454400] CURRENT SERVICE STATE: pgen2.gate.rtf;HP_DataMapper_primary;OK;HARD;1;OK - OK
[1522454400] CURRENT SERVICE STATE: pgen2.gate.rtf;HP_DsFileDist_front;OK;HARD;1;OK - OK
[1522454400] CURRENT SERVICE STATE: pgen2.gate.rtf;HP_DsFmqServer_manager;OK;HARD;1;OK - OK
[1522454400] CURRENT SERVICE STATE: pgen2.gate.rtf;HP_DsServerMgr_primary;OK;HARD;1;OK - OK
[1522454400] CURRENT SERVICE STATE: pgen2.gate.rtf;HP_Dsr2Radx_covar.sband;OK;HARD;1;OK - OK
[1522454400] CURRENT SERVICE STATE: pgen2.gate.rtf;HP_Dsr2Radx_moments.sband;OK;HARD;1;OK - OK
[1522454400] CURRENT SERVICE STATE: pgen2.gate.rtf;HP_Dsr2Radx_sunscan.sband;OK;HARD;1;OK - OK
[1522454400] CURRENT SERVICE STATE: pgen2.gate.rtf;HP_RadxPartRain_sband.rhi;OK;HARD;1;OK - OK
[1522454400] CURRENT SERVICE STATE: pgen2.gate.rtf;HP_RadxPartRain_sband.sur;OK;HARD;1;OK - OK
[1522454400] CURRENT SERVICE STATE: pgen2.gate.rtf;HP_Rhi2Spdb_sband;OK;HARD;1;OK - OK
[1522454400] CURRENT SERVICE STATE: pgen2.gate.rtf;HP_Scout_primary;OK;HARD;1;OK - OK
[1522454400] CURRENT SERVICE STATE: pgen2.gate.rtf;HP_TsSmartSave_sband;OK;HARD;1;OK - OK
[1522454400] CURRENT SERVICE STATE: pgen2.gate.rtf;HawkSummary_Data;CRITICAL;HARD;1;CRIT - Services ok/prob: 2/2
[1522454400] CURRENT SERVICE STATE: pgen2.gate.rtf;HawkSummary_Processes;OK;HARD;1;OK - Services ok/prob: 13/0
[1522454400] CURRENT SERVICE STATE: pgen2.gate.rtf;Interface 2;OK;HARD;1;OK - [em1] (up) MAC: d4:ae:52:b5:b0:cc, 1 Gbit/s, in: 13.18 MB/s(11.1%), out: 130.92 kB/s(0.1%)
[1522454400] CURRENT SERVICE STATE: pgen2.gate.rtf;Kernel Context Switches;OK;HARD;1;OK - 5774/s
[1522454400] CURRENT SERVICE STATE: pgen2.gate.rtf;Kernel Major Page Faults;OK;HARD;1;OK - 0/s
[1522454400] CURRENT SERVICE STATE: pgen2.gate.rtf;Kernel Process Creations;OK;HARD;1;OK - 7/s
[1522454400] CURRENT SERVICE STATE: pgen2.gate.rtf;Logins;OK;HARD;1;OK - 0 logins on system (warn/crit at 20/30)
[1522454400] CURRENT SERVICE STATE: pgen2.gate.rtf;Memory;OK;HARD;1;OK - RAM used: 2.27 GB of 62.71 GB, Swap used: 0.00 B of 7.81 GB, Total virtual memory used: 2.27 GB of 70.53 GB (3.2%),
[1522454400] CURRENT SERVICE STATE: pgen2.gate.rtf;Mount options of /;OK;HARD;1;OK - mount options exactly as expected
[1522454400] CURRENT SERVICE STATE: pgen2.gate.rtf;Mount options of /home;OK;HARD;1;OK - mount options exactly as expected
[1522454400] CURRENT SERVICE STATE: pgen2.gate.rtf;Mount options of /mnt/data;OK;HARD;1;OK - mount options exactly as expected
[1522454400] CURRENT SERVICE STATE: pgen2.gate.rtf;NTP Time;OK;HARD;1;OK - stratum 2, offset 0.0088 ms, reference: 192.168.4.248 (ntp.gate.rtf)
[1522454400] CURRENT SERVICE STATE: pgen2.gate.rtf;Number of threads;OK;HARD;1;OK - 339 threads
[1522454400] CURRENT SERVICE STATE: pgen2.gate.rtf;Postfix Queue;OK;HARD;1;OK - deferred queue length is 0, active queue length is 0
[1522454400] CURRENT SERVICE STATE: pgen2.gate.rtf;TCP Connections;OK;HARD;1;OK - ESTABLISHED: 4, CLOSE_WAIT: 1, TIME_WAIT: 52, FIN_WAIT2: 1, LISTEN: 20
[1522454400] CURRENT SERVICE STATE: pgen2.gate.rtf;Uptime;OK;HARD;1;OK - up since Thu Mar 29 17:11:33 2018 (1d 06:47:26)
[1522454400] TIMEPERIOD TRANSITION: 24X7;1;1
[1522455144] Auto-save of retention data completed successfully.
[1522458744] Auto-save of retention data completed successfully.
[1522462344] Auto-save of retention data completed successfully.
[1522465944] Auto-save of retention data completed successfully.
[1522469544] Auto-save of retention data completed successfully.
[1522473144] Auto-save of retention data completed successfully.
[1522476744] Auto-save of retention data completed successfully.
[1522480344] Auto-save of retention data completed successfully.
[1522483944] Auto-save of retention data completed successfully.
[1522487544] Auto-save of retention data completed successfully.
[1522491144] Auto-save of retention data completed successfully.
[1522494744] Auto-save of retention data completed successfully.
[1522498344] Auto-save of retention data completed successfully.
[1522501944] Auto-save of retention data completed successfully.
[1522505544] Auto-save of retention data completed successfully.
[1522509144] Auto-save of retention data completed successfully.
[1522512744] Auto-save of retention data completed successfully.
[1522516344] Auto-save of retention data completed successfully.
[1522519944] Auto-save of retention data completed successfully.
[1522523544] Auto-save of retention data completed successfully.
[1522527144] Auto-save of retention data completed successfully.
[1522530744] Auto-save of retention data completed successfully.
[1522534344] Auto-save of retention data completed successfully.
[1522537944] Auto-save of retention data completed successfully.
[1522540800] TIMEPERIOD TRANSITION: 24X7;1;1
