2018-05-05 00:03:42 ----------------------------------------------------------------------
2018-05-05 00:03:42 Got raw notification (mgen1.gate.rtf;Memory) context with 52 variables
2018-05-05 00:03:42 Global rule 'Notify all contacts of a host/service via HTML email'...
2018-05-05 00:03:42  -> matches!
2018-05-05 00:03:42 1 rules matched, but no notification has been created.
2018-05-05 00:43:14 ----------------------------------------------------------------------
2018-05-05 00:43:14 Got raw notification (control1.gate.rtf;TEMP_SCC) context with 52 variables
2018-05-05 00:43:14 Global rule 'Notify all contacts of a host/service via HTML email'...
2018-05-05 00:43:14  -> matches!
2018-05-05 00:43:14 1 rules matched, but no notification has been created.
2018-05-05 00:47:14 ----------------------------------------------------------------------
2018-05-05 00:47:14 Got raw notification (control1.gate.rtf;TEMP_SCC) context with 52 variables
2018-05-05 00:47:14 Global rule 'Notify all contacts of a host/service via HTML email'...
2018-05-05 00:47:14  -> matches!
2018-05-05 00:47:14 1 rules matched, but no notification has been created.
2018-05-05 00:48:14 ----------------------------------------------------------------------
2018-05-05 00:48:14 Got raw notification (control1.gate.rtf;TEMP_SCC) context with 52 variables
2018-05-05 00:48:14 Global rule 'Notify all contacts of a host/service via HTML email'...
2018-05-05 00:48:14  -> matches!
2018-05-05 00:48:14 1 rules matched, but no notification has been created.
2018-05-05 01:43:43 ----------------------------------------------------------------------
2018-05-05 01:43:43 Got raw notification (mgen1.gate.rtf;Memory) context with 52 variables
2018-05-05 01:43:43 Global rule 'Notify all contacts of a host/service via HTML email'...
2018-05-05 01:43:43  -> matches!
2018-05-05 01:43:43 1 rules matched, but no notification has been created.
2018-05-05 01:50:43 ----------------------------------------------------------------------
2018-05-05 01:50:43 Got raw notification (mgen1.gate.rtf;Memory) context with 52 variables
2018-05-05 01:50:43 Global rule 'Notify all contacts of a host/service via HTML email'...
2018-05-05 01:50:43  -> matches!
2018-05-05 01:50:43 1 rules matched, but no notification has been created.
2018-05-05 01:55:03 ----------------------------------------------------------------------
2018-05-05 01:55:03 Got raw notification (pgen1.gate.rtf;HD_fmq/moments/sband/shmem_20000) context with 52 variables
2018-05-05 01:55:03 Global rule 'Notify all contacts of a host/service via HTML email'...
2018-05-05 01:55:03  -> matches!
2018-05-05 01:55:03 1 rules matched, but no notification has been created.
2018-05-05 01:55:03 ----------------------------------------------------------------------
2018-05-05 01:55:03 Got raw notification (pgen1.gate.rtf;HawkSummary_Data) context with 52 variables
2018-05-05 01:55:03 Global rule 'Notify all contacts of a host/service via HTML email'...
2018-05-05 01:55:03  -> matches!
2018-05-05 01:55:03 1 rules matched, but no notification has been created.
2018-05-05 01:55:05 ----------------------------------------------------------------------
2018-05-05 01:55:05 Got raw notification (pgen2.gate.rtf;HD_fmq/moments/sband/shmem_20000) context with 52 variables
2018-05-05 01:55:05 Global rule 'Notify all contacts of a host/service via HTML email'...
2018-05-05 01:55:05  -> matches!
2018-05-05 01:55:05 1 rules matched, but no notification has been created.
2018-05-05 01:55:05 ----------------------------------------------------------------------
2018-05-05 01:55:05 Got raw notification (pgen2.gate.rtf;HawkSummary_Data) context with 52 variables
2018-05-05 01:55:05 Global rule 'Notify all contacts of a host/service via HTML email'...
2018-05-05 01:55:05  -> matches!
2018-05-05 01:55:05 1 rules matched, but no notification has been created.
2018-05-05 01:55:41 ----------------------------------------------------------------------
2018-05-05 01:55:41 Got raw notification (mgen1.gate.rtf;Check_MK) context with 52 variables
2018-05-05 01:55:41 Global rule 'Notify all contacts of a host/service via HTML email'...
2018-05-05 01:55:41  -> matches!
2018-05-05 01:55:41 1 rules matched, but no notification has been created.
2018-05-05 01:56:03 ----------------------------------------------------------------------
2018-05-05 01:56:03 Got raw notification (mgen1.gate.rtf;Memory) context with 52 variables
2018-05-05 01:56:03 Global rule 'Notify all contacts of a host/service via HTML email'...
2018-05-05 01:56:03  -> matches!
2018-05-05 01:56:03 1 rules matched, but no notification has been created.
2018-05-05 01:56:04 ----------------------------------------------------------------------
2018-05-05 01:56:04 Got raw notification (pgen1.gate.rtf;HD_fmq/moments/sband/shmem_20000) context with 52 variables
2018-05-05 01:56:04 Global rule 'Notify all contacts of a host/service via HTML email'...
2018-05-05 01:56:04  -> matches!
2018-05-05 01:56:04 1 rules matched, but no notification has been created.
2018-05-05 01:56:05 ----------------------------------------------------------------------
2018-05-05 01:56:05 Got raw notification (pgen1.gate.rtf;HD_spdb/monitor/sband) context with 52 variables
2018-05-05 01:56:05 Global rule 'Notify all contacts of a host/service via HTML email'...
2018-05-05 01:56:05  -> matches!
2018-05-05 01:56:05 1 rules matched, but no notification has been created.
2018-05-05 01:56:06 ----------------------------------------------------------------------
2018-05-05 01:56:06 Got raw notification (pgen2.gate.rtf;HD_fmq/moments/sband/shmem_20000) context with 52 variables
2018-05-05 01:56:06 Global rule 'Notify all contacts of a host/service via HTML email'...
2018-05-05 01:56:06  -> matches!
2018-05-05 01:56:06 1 rules matched, but no notification has been created.
2018-05-05 01:56:07 ----------------------------------------------------------------------
2018-05-05 01:56:07 Got raw notification (pgen2.gate.rtf;HD_spdb/monitor/sband) context with 52 variables
2018-05-05 01:56:07 Global rule 'Notify all contacts of a host/service via HTML email'...
2018-05-05 01:56:07  -> matches!
2018-05-05 01:56:07 1 rules matched, but no notification has been created.
2018-05-05 01:56:08 ----------------------------------------------------------------------
2018-05-05 01:56:08 Got raw notification (mgen1.gate.rtf;Check_MK) context with 52 variables
2018-05-05 01:56:08 Global rule 'Notify all contacts of a host/service via HTML email'...
2018-05-05 01:56:08  -> matches!
2018-05-05 01:56:08 1 rules matched, but no notification has been created.
2018-05-05 01:57:03 ----------------------------------------------------------------------
2018-05-05 01:57:03 Got raw notification (pgen1.gate.rtf;HD_spdb/monitor/sband) context with 52 variables
2018-05-05 01:57:03 Global rule 'Notify all contacts of a host/service via HTML email'...
2018-05-05 01:57:03  -> matches!
2018-05-05 01:57:03 1 rules matched, but no notification has been created.
2018-05-05 01:57:03 ----------------------------------------------------------------------
2018-05-05 01:57:03 Got raw notification (pgen1.gate.rtf;HawkSummary_Data) context with 52 variables
2018-05-05 01:57:03 Global rule 'Notify all contacts of a host/service via HTML email'...
2018-05-05 01:57:03  -> matches!
2018-05-05 01:57:03 1 rules matched, but no notification has been created.
2018-05-05 01:57:04 ----------------------------------------------------------------------
2018-05-05 01:57:04 Got raw notification (pgen2.gate.rtf;HD_spdb/monitor/sband) context with 52 variables
2018-05-05 01:57:04 Global rule 'Notify all contacts of a host/service via HTML email'...
2018-05-05 01:57:04  -> matches!
2018-05-05 01:57:04 1 rules matched, but no notification has been created.
2018-05-05 01:57:05 ----------------------------------------------------------------------
2018-05-05 01:57:05 Got raw notification (pgen2.gate.rtf;HawkSummary_Data) context with 52 variables
2018-05-05 01:57:05 Global rule 'Notify all contacts of a host/service via HTML email'...
2018-05-05 01:57:05  -> matches!
2018-05-05 01:57:05 1 rules matched, but no notification has been created.
2018-05-05 01:57:43 ----------------------------------------------------------------------
2018-05-05 01:57:43 Got raw notification (mgen1.gate.rtf;HP_SunCal_sband) context with 52 variables
2018-05-05 01:57:43 Global rule 'Notify all contacts of a host/service via HTML email'...
2018-05-05 01:57:43  -> matches!
2018-05-05 01:57:43 1 rules matched, but no notification has been created.
2018-05-05 01:58:42 ----------------------------------------------------------------------
2018-05-05 01:58:42 Got raw notification (mgen1.gate.rtf;HP_SunCal_sband) context with 52 variables
2018-05-05 01:58:42 Global rule 'Notify all contacts of a host/service via HTML email'...
2018-05-05 01:58:42  -> matches!
2018-05-05 01:58:42 1 rules matched, but no notification has been created.
2018-05-05 02:45:45 ----------------------------------------------------------------------
2018-05-05 02:45:45 Got raw notification (mgen1.gate.rtf;Memory) context with 52 variables
2018-05-05 02:45:45 Global rule 'Notify all contacts of a host/service via HTML email'...
2018-05-05 02:45:45  -> matches!
2018-05-05 02:45:45 1 rules matched, but no notification has been created.
2018-05-05 02:51:45 ----------------------------------------------------------------------
2018-05-05 02:51:45 Got raw notification (mgen1.gate.rtf;Memory) context with 52 variables
2018-05-05 02:51:45 Global rule 'Notify all contacts of a host/service via HTML email'...
2018-05-05 02:51:45  -> matches!
2018-05-05 02:51:45 1 rules matched, but no notification has been created.
2018-05-05 02:56:42 ----------------------------------------------------------------------
2018-05-05 02:56:42 Got raw notification (mgen1.gate.rtf;Check_MK) context with 52 variables
2018-05-05 02:56:42 Global rule 'Notify all contacts of a host/service via HTML email'...
2018-05-05 02:56:42  -> matches!
2018-05-05 02:56:42 1 rules matched, but no notification has been created.
2018-05-05 02:57:03 ----------------------------------------------------------------------
2018-05-05 02:57:03 Got raw notification (pgen2.gate.rtf;HD_fmq/moments/sband/shmem_20000) context with 52 variables
2018-05-05 02:57:03 Global rule 'Notify all contacts of a host/service via HTML email'...
2018-05-05 02:57:03  -> matches!
2018-05-05 02:57:03 1 rules matched, but no notification has been created.
2018-05-05 02:57:04 ----------------------------------------------------------------------
2018-05-05 02:57:04 Got raw notification (pgen2.gate.rtf;HD_spdb/monitor/sband) context with 52 variables
2018-05-05 02:57:04 Global rule 'Notify all contacts of a host/service via HTML email'...
2018-05-05 02:57:04  -> matches!
2018-05-05 02:57:04 1 rules matched, but no notification has been created.
2018-05-05 02:57:05 ----------------------------------------------------------------------
2018-05-05 02:57:05 Got raw notification (pgen2.gate.rtf;HawkSummary_Data) context with 52 variables
2018-05-05 02:57:05 Global rule 'Notify all contacts of a host/service via HTML email'...
2018-05-05 02:57:05  -> matches!
2018-05-05 02:57:05 1 rules matched, but no notification has been created.
2018-05-05 02:57:06 ----------------------------------------------------------------------
2018-05-05 02:57:06 Got raw notification (pgen1.gate.rtf;HD_fmq/moments/sband/shmem_20000) context with 52 variables
2018-05-05 02:57:06 Global rule 'Notify all contacts of a host/service via HTML email'...
2018-05-05 02:57:06  -> matches!
2018-05-05 02:57:06 1 rules matched, but no notification has been created.
2018-05-05 02:57:07 ----------------------------------------------------------------------
2018-05-05 02:57:07 Got raw notification (pgen1.gate.rtf;HD_spdb/monitor/sband) context with 52 variables
2018-05-05 02:57:07 Global rule 'Notify all contacts of a host/service via HTML email'...
2018-05-05 02:57:07  -> matches!
2018-05-05 02:57:07 1 rules matched, but no notification has been created.
2018-05-05 02:57:08 ----------------------------------------------------------------------
2018-05-05 02:57:08 Got raw notification (pgen1.gate.rtf;HawkSummary_Data) context with 52 variables
2018-05-05 02:57:08 Global rule 'Notify all contacts of a host/service via HTML email'...
2018-05-05 02:57:08  -> matches!
2018-05-05 02:57:08 1 rules matched, but no notification has been created.
2018-05-05 02:59:01 ----------------------------------------------------------------------
2018-05-05 02:59:01 Got raw notification (mgen1.gate.rtf;Memory) context with 52 variables
2018-05-05 02:59:01 Global rule 'Notify all contacts of a host/service via HTML email'...
2018-05-05 02:59:01  -> matches!
2018-05-05 02:59:01 1 rules matched, but no notification has been created.
2018-05-05 02:59:02 ----------------------------------------------------------------------
2018-05-05 02:59:02 Got raw notification (mgen1.gate.rtf;Check_MK) context with 52 variables
2018-05-05 02:59:02 Global rule 'Notify all contacts of a host/service via HTML email'...
2018-05-05 02:59:02  -> matches!
2018-05-05 02:59:02 1 rules matched, but no notification has been created.
2018-05-05 02:59:04 ----------------------------------------------------------------------
2018-05-05 02:59:04 Got raw notification (pgen2.gate.rtf;HD_fmq/moments/sband/shmem_20000) context with 52 variables
2018-05-05 02:59:04 Global rule 'Notify all contacts of a host/service via HTML email'...
2018-05-05 02:59:04  -> matches!
2018-05-05 02:59:04 1 rules matched, but no notification has been created.
2018-05-05 02:59:05 ----------------------------------------------------------------------
2018-05-05 02:59:05 Got raw notification (pgen1.gate.rtf;HD_fmq/moments/sband/shmem_20000) context with 52 variables
2018-05-05 02:59:05 Global rule 'Notify all contacts of a host/service via HTML email'...
2018-05-05 02:59:05  -> matches!
2018-05-05 02:59:05 1 rules matched, but no notification has been created.
2018-05-05 03:00:04 ----------------------------------------------------------------------
2018-05-05 03:00:04 Got raw notification (pgen1.gate.rtf;HD_spdb/monitor/sband) context with 52 variables
2018-05-05 03:00:04 Global rule 'Notify all contacts of a host/service via HTML email'...
2018-05-05 03:00:04  -> matches!
2018-05-05 03:00:04 1 rules matched, but no notification has been created.
2018-05-05 03:00:05 ----------------------------------------------------------------------
2018-05-05 03:00:05 Got raw notification (pgen1.gate.rtf;HawkSummary_Data) context with 52 variables
2018-05-05 03:00:05 Global rule 'Notify all contacts of a host/service via HTML email'...
2018-05-05 03:00:05  -> matches!
2018-05-05 03:00:05 1 rules matched, but no notification has been created.
2018-05-05 03:00:06 ----------------------------------------------------------------------
2018-05-05 03:00:06 Got raw notification (pgen2.gate.rtf;HD_spdb/monitor/sband) context with 52 variables
2018-05-05 03:00:06 Global rule 'Notify all contacts of a host/service via HTML email'...
2018-05-05 03:00:06  -> matches!
2018-05-05 03:00:06 1 rules matched, but no notification has been created.
2018-05-05 03:00:07 ----------------------------------------------------------------------
2018-05-05 03:00:07 Got raw notification (pgen2.gate.rtf;HawkSummary_Data) context with 52 variables
2018-05-05 03:00:07 Global rule 'Notify all contacts of a host/service via HTML email'...
2018-05-05 03:00:07  -> matches!
2018-05-05 03:00:07 1 rules matched, but no notification has been created.
2018-05-05 03:00:45 ----------------------------------------------------------------------
2018-05-05 03:00:45 Got raw notification (mgen1.gate.rtf;HP_SunCal_sband) context with 52 variables
2018-05-05 03:00:45 Global rule 'Notify all contacts of a host/service via HTML email'...
2018-05-05 03:00:45  -> matches!
2018-05-05 03:00:45 1 rules matched, but no notification has been created.
2018-05-05 03:01:45 ----------------------------------------------------------------------
2018-05-05 03:01:45 Got raw notification (mgen1.gate.rtf;HP_SunCal_sband) context with 52 variables
2018-05-05 03:01:45 Global rule 'Notify all contacts of a host/service via HTML email'...
2018-05-05 03:01:45  -> matches!
2018-05-05 03:01:45 1 rules matched, but no notification has been created.
2018-05-05 03:30:14 ----------------------------------------------------------------------
2018-05-05 03:30:14 Got raw notification (control1.gate.rtf;ANT_Elevation_Brakes_Fault) context with 52 variables
2018-05-05 03:30:14 Global rule 'Notify all contacts of a host/service via HTML email'...
2018-05-05 03:30:14  -> matches!
2018-05-05 03:30:14 1 rules matched, but no notification has been created.
2018-05-05 03:30:15 ----------------------------------------------------------------------
2018-05-05 03:30:15 Got raw notification (control1.gate.rtf;ANT_Elevation_Fans_Fault) context with 52 variables
2018-05-05 03:30:15 Global rule 'Notify all contacts of a host/service via HTML email'...
2018-05-05 03:30:15  -> matches!
2018-05-05 03:30:15 1 rules matched, but no notification has been created.
2018-05-05 03:30:45 ----------------------------------------------------------------------
2018-05-05 03:30:45 Got raw notification (mgen1.gate.rtf;SBandAntennaMovement_stationaryPeriod) context with 52 variables
2018-05-05 03:30:45 Global rule 'Notify all contacts of a host/service via HTML email'...
2018-05-05 03:30:45  -> matches!
2018-05-05 03:30:45 1 rules matched, but no notification has been created.
2018-05-05 03:31:45 ----------------------------------------------------------------------
2018-05-05 03:31:45 Got raw notification (mgen1.gate.rtf;SBandAntennaMovement_stationaryPeriod) context with 52 variables
2018-05-05 03:31:45 Global rule 'Notify all contacts of a host/service via HTML email'...
2018-05-05 03:31:45  -> matches!
2018-05-05 03:31:45 1 rules matched, but no notification has been created.
2018-05-05 03:47:04 ----------------------------------------------------------------------
2018-05-05 03:47:04 Got raw notification (pgen2.gate.rtf;HD_cfradial/moments/sband) context with 52 variables
2018-05-05 03:47:04 Global rule 'Notify all contacts of a host/service via HTML email'...
2018-05-05 03:47:04  -> matches!
2018-05-05 03:47:04 1 rules matched, but no notification has been created.
2018-05-05 03:47:04 ----------------------------------------------------------------------
2018-05-05 03:47:04 Got raw notification (pgen2.gate.rtf;HawkSummary_Data) context with 52 variables
2018-05-05 03:47:04 Global rule 'Notify all contacts of a host/service via HTML email'...
2018-05-05 03:47:04  -> matches!
2018-05-05 03:47:04 1 rules matched, but no notification has been created.
2018-05-05 03:47:05 ----------------------------------------------------------------------
2018-05-05 03:47:05 Got raw notification (pgen1.gate.rtf;HD_cfradial/moments/sband) context with 52 variables
2018-05-05 03:47:05 Global rule 'Notify all contacts of a host/service via HTML email'...
2018-05-05 03:47:05  -> matches!
2018-05-05 03:47:05 1 rules matched, but no notification has been created.
2018-05-05 03:47:06 ----------------------------------------------------------------------
2018-05-05 03:47:06 Got raw notification (pgen1.gate.rtf;HawkSummary_Data) context with 52 variables
2018-05-05 03:47:06 Global rule 'Notify all contacts of a host/service via HTML email'...
2018-05-05 03:47:06  -> matches!
2018-05-05 03:47:06 1 rules matched, but no notification has been created.
2018-05-05 03:48:47 ----------------------------------------------------------------------
2018-05-05 03:48:47 Got raw notification (mgen1.gate.rtf;Memory) context with 52 variables
2018-05-05 03:48:47 Global rule 'Notify all contacts of a host/service via HTML email'...
2018-05-05 03:48:47  -> matches!
2018-05-05 03:48:47 1 rules matched, but no notification has been created.
2018-05-05 03:55:48 ----------------------------------------------------------------------
2018-05-05 03:55:48 Got raw notification (mgen1.gate.rtf;Memory) context with 52 variables
2018-05-05 03:55:48 Global rule 'Notify all contacts of a host/service via HTML email'...
2018-05-05 03:55:48  -> matches!
2018-05-05 03:55:48 1 rules matched, but no notification has been created.
2018-05-05 03:59:10 ----------------------------------------------------------------------
2018-05-05 03:59:10 Got raw notification (mgen1.gate.rtf;Memory) context with 52 variables
2018-05-05 03:59:10 Global rule 'Notify all contacts of a host/service via HTML email'...
2018-05-05 03:59:10  -> matches!
2018-05-05 03:59:10 1 rules matched, but no notification has been created.
2018-05-05 04:01:45 ----------------------------------------------------------------------
2018-05-05 04:01:45 Got raw notification (mgen1.gate.rtf;HP_SunCal_sband) context with 52 variables
2018-05-05 04:01:45 Global rule 'Notify all contacts of a host/service via HTML email'...
2018-05-05 04:01:45  -> matches!
2018-05-05 04:01:45 1 rules matched, but no notification has been created.
2018-05-05 04:02:45 ----------------------------------------------------------------------
2018-05-05 04:02:45 Got raw notification (mgen1.gate.rtf;HP_SunCal_sband) context with 52 variables
2018-05-05 04:02:45 Global rule 'Notify all contacts of a host/service via HTML email'...
2018-05-05 04:02:45  -> matches!
2018-05-05 04:02:45 1 rules matched, but no notification has been created.
2018-05-05 04:49:46 ----------------------------------------------------------------------
2018-05-05 04:49:46 Got raw notification (mgen1.gate.rtf;Memory) context with 52 variables
2018-05-05 04:49:46 Global rule 'Notify all contacts of a host/service via HTML email'...
2018-05-05 04:49:46  -> matches!
2018-05-05 04:49:46 1 rules matched, but no notification has been created.
2018-05-05 04:55:48 ----------------------------------------------------------------------
2018-05-05 04:55:48 Got raw notification (mgen1.gate.rtf;Memory) context with 52 variables
2018-05-05 04:55:48 Global rule 'Notify all contacts of a host/service via HTML email'...
2018-05-05 04:55:48  -> matches!
2018-05-05 04:55:48 1 rules matched, but no notification has been created.
2018-05-05 04:59:50 ----------------------------------------------------------------------
2018-05-05 04:59:50 Got raw notification (mgen1.gate.rtf;Memory) context with 52 variables
2018-05-05 04:59:50 Global rule 'Notify all contacts of a host/service via HTML email'...
2018-05-05 04:59:50  -> matches!
2018-05-05 04:59:50 1 rules matched, but no notification has been created.
2018-05-05 05:01:45 ----------------------------------------------------------------------
2018-05-05 05:01:45 Got raw notification (mgen1.gate.rtf;HP_SunCal_sband) context with 52 variables
2018-05-05 05:01:45 Global rule 'Notify all contacts of a host/service via HTML email'...
2018-05-05 05:01:45  -> matches!
2018-05-05 05:01:45 1 rules matched, but no notification has been created.
2018-05-05 05:02:45 ----------------------------------------------------------------------
2018-05-05 05:02:45 Got raw notification (mgen1.gate.rtf;HP_SunCal_sband) context with 52 variables
2018-05-05 05:02:45 Global rule 'Notify all contacts of a host/service via HTML email'...
2018-05-05 05:02:45  -> matches!
2018-05-05 05:02:45 1 rules matched, but no notification has been created.
2018-05-05 05:49:47 ----------------------------------------------------------------------
2018-05-05 05:49:47 Got raw notification (mgen1.gate.rtf;Memory) context with 52 variables
2018-05-05 05:49:47 Global rule 'Notify all contacts of a host/service via HTML email'...
2018-05-05 05:49:47  -> matches!
2018-05-05 05:49:47 1 rules matched, but no notification has been created.
2018-05-05 05:55:50 ----------------------------------------------------------------------
2018-05-05 05:55:50 Got raw notification (mgen1.gate.rtf;Memory) context with 52 variables
2018-05-05 05:55:50 Global rule 'Notify all contacts of a host/service via HTML email'...
2018-05-05 05:55:50  -> matches!
2018-05-05 05:55:50 1 rules matched, but no notification has been created.
2018-05-05 06:00:30 ----------------------------------------------------------------------
2018-05-05 06:00:30 Got raw notification (mgen1.gate.rtf;Memory) context with 52 variables
2018-05-05 06:00:30 Global rule 'Notify all contacts of a host/service via HTML email'...
2018-05-05 06:00:30  -> matches!
2018-05-05 06:00:30 1 rules matched, but no notification has been created.
2018-05-05 06:48:48 ----------------------------------------------------------------------
2018-05-05 06:48:48 Got raw notification (mgen1.gate.rtf;Memory) context with 52 variables
2018-05-05 06:48:48 Global rule 'Notify all contacts of a host/service via HTML email'...
2018-05-05 06:48:48  -> matches!
2018-05-05 06:48:48 1 rules matched, but no notification has been created.
2018-05-05 06:55:48 ----------------------------------------------------------------------
2018-05-05 06:55:48 Got raw notification (mgen1.gate.rtf;Memory) context with 52 variables
2018-05-05 06:55:48 Global rule 'Notify all contacts of a host/service via HTML email'...
2018-05-05 06:55:48  -> matches!
2018-05-05 06:55:48 1 rules matched, but no notification has been created.
2018-05-05 06:59:56 ----------------------------------------------------------------------
2018-05-05 06:59:56 Got raw notification (mgen1.gate.rtf;Memory) context with 52 variables
2018-05-05 06:59:56 Global rule 'Notify all contacts of a host/service via HTML email'...
2018-05-05 06:59:56  -> matches!
2018-05-05 06:59:56 1 rules matched, but no notification has been created.
2018-05-05 07:01:45 ----------------------------------------------------------------------
2018-05-05 07:01:45 Got raw notification (mgen1.gate.rtf;HP_SunCal_sband) context with 52 variables
2018-05-05 07:01:45 Global rule 'Notify all contacts of a host/service via HTML email'...
2018-05-05 07:01:45  -> matches!
2018-05-05 07:01:45 1 rules matched, but no notification has been created.
2018-05-05 07:02:45 ----------------------------------------------------------------------
2018-05-05 07:02:45 Got raw notification (mgen1.gate.rtf;HP_SunCal_sband) context with 52 variables
2018-05-05 07:02:45 Global rule 'Notify all contacts of a host/service via HTML email'...
2018-05-05 07:02:45  -> matches!
2018-05-05 07:02:45 1 rules matched, but no notification has been created.
2018-05-05 07:49:46 ----------------------------------------------------------------------
2018-05-05 07:49:46 Got raw notification (mgen1.gate.rtf;Memory) context with 52 variables
2018-05-05 07:49:46 Global rule 'Notify all contacts of a host/service via HTML email'...
2018-05-05 07:49:46  -> matches!
2018-05-05 07:49:46 1 rules matched, but no notification has been created.
2018-05-05 07:55:48 ----------------------------------------------------------------------
2018-05-05 07:55:48 Got raw notification (mgen1.gate.rtf;Memory) context with 52 variables
2018-05-05 07:55:48 Global rule 'Notify all contacts of a host/service via HTML email'...
2018-05-05 07:55:48  -> matches!
2018-05-05 07:55:48 1 rules matched, but no notification has been created.
2018-05-05 08:00:09 ----------------------------------------------------------------------
2018-05-05 08:00:09 Got raw notification (mgen1.gate.rtf;Memory) context with 52 variables
2018-05-05 08:00:09 Global rule 'Notify all contacts of a host/service via HTML email'...
2018-05-05 08:00:09  -> matches!
2018-05-05 08:00:09 1 rules matched, but no notification has been created.
2018-05-05 08:49:47 ----------------------------------------------------------------------
2018-05-05 08:49:47 Got raw notification (mgen1.gate.rtf;Memory) context with 52 variables
2018-05-05 08:49:47 Global rule 'Notify all contacts of a host/service via HTML email'...
2018-05-05 08:49:47  -> matches!
2018-05-05 08:49:47 1 rules matched, but no notification has been created.
2018-05-05 08:56:48 ----------------------------------------------------------------------
2018-05-05 08:56:48 Got raw notification (mgen1.gate.rtf;Memory) context with 52 variables
2018-05-05 08:56:48 Global rule 'Notify all contacts of a host/service via HTML email'...
2018-05-05 08:56:48  -> matches!
2018-05-05 08:56:48 1 rules matched, but no notification has been created.
2018-05-05 08:59:55 ----------------------------------------------------------------------
2018-05-05 08:59:55 Got raw notification (mgen1.gate.rtf;Memory) context with 52 variables
2018-05-05 08:59:55 Global rule 'Notify all contacts of a host/service via HTML email'...
2018-05-05 08:59:55  -> matches!
2018-05-05 08:59:55 1 rules matched, but no notification has been created.
2018-05-05 09:01:45 ----------------------------------------------------------------------
2018-05-05 09:01:45 Got raw notification (mgen1.gate.rtf;HP_SunCal_sband) context with 52 variables
2018-05-05 09:01:45 Global rule 'Notify all contacts of a host/service via HTML email'...
2018-05-05 09:01:45  -> matches!
2018-05-05 09:01:45 1 rules matched, but no notification has been created.
2018-05-05 09:02:45 ----------------------------------------------------------------------
2018-05-05 09:02:45 Got raw notification (mgen1.gate.rtf;HP_SunCal_sband) context with 52 variables
2018-05-05 09:02:45 Global rule 'Notify all contacts of a host/service via HTML email'...
2018-05-05 09:02:45  -> matches!
2018-05-05 09:02:45 1 rules matched, but no notification has been created.
2018-05-05 09:49:48 ----------------------------------------------------------------------
2018-05-05 09:49:48 Got raw notification (mgen1.gate.rtf;Memory) context with 52 variables
2018-05-05 09:49:48 Global rule 'Notify all contacts of a host/service via HTML email'...
2018-05-05 09:49:48  -> matches!
2018-05-05 09:49:48 1 rules matched, but no notification has been created.
2018-05-05 09:56:49 ----------------------------------------------------------------------
2018-05-05 09:56:49 Got raw notification (mgen1.gate.rtf;Memory) context with 52 variables
2018-05-05 09:56:49 Global rule 'Notify all contacts of a host/service via HTML email'...
2018-05-05 09:56:49  -> matches!
2018-05-05 09:56:49 1 rules matched, but no notification has been created.
2018-05-05 09:59:54 ----------------------------------------------------------------------
2018-05-05 09:59:54 Got raw notification (mgen1.gate.rtf;Memory) context with 52 variables
2018-05-05 09:59:54 Global rule 'Notify all contacts of a host/service via HTML email'...
2018-05-05 09:59:54  -> matches!
2018-05-05 09:59:54 1 rules matched, but no notification has been created.
2018-05-05 10:01:45 ----------------------------------------------------------------------
2018-05-05 10:01:45 Got raw notification (mgen1.gate.rtf;HP_SunCal_sband) context with 52 variables
2018-05-05 10:01:45 Global rule 'Notify all contacts of a host/service via HTML email'...
2018-05-05 10:01:45  -> matches!
2018-05-05 10:01:45 1 rules matched, but no notification has been created.
2018-05-05 10:02:45 ----------------------------------------------------------------------
2018-05-05 10:02:45 Got raw notification (mgen1.gate.rtf;HP_SunCal_sband) context with 52 variables
2018-05-05 10:02:45 Global rule 'Notify all contacts of a host/service via HTML email'...
2018-05-05 10:02:45  -> matches!
2018-05-05 10:02:45 1 rules matched, but no notification has been created.
2018-05-05 10:49:47 ----------------------------------------------------------------------
2018-05-05 10:49:47 Got raw notification (mgen1.gate.rtf;Memory) context with 52 variables
2018-05-05 10:49:47 Global rule 'Notify all contacts of a host/service via HTML email'...
2018-05-05 10:49:47  -> matches!
2018-05-05 10:49:47 1 rules matched, but no notification has been created.
2018-05-05 10:55:49 ----------------------------------------------------------------------
2018-05-05 10:55:49 Got raw notification (mgen1.gate.rtf;Memory) context with 52 variables
2018-05-05 10:55:49 Global rule 'Notify all contacts of a host/service via HTML email'...
2018-05-05 10:55:49  -> matches!
2018-05-05 10:55:49 1 rules matched, but no notification has been created.
2018-05-05 10:59:47 ----------------------------------------------------------------------
2018-05-05 10:59:47 Got raw notification (mgen1.gate.rtf;Memory) context with 52 variables
2018-05-05 10:59:47 Global rule 'Notify all contacts of a host/service via HTML email'...
2018-05-05 10:59:47  -> matches!
2018-05-05 10:59:47 1 rules matched, but no notification has been created.
2018-05-05 11:49:47 ----------------------------------------------------------------------
2018-05-05 11:49:47 Got raw notification (mgen1.gate.rtf;Memory) context with 52 variables
2018-05-05 11:49:47 Global rule 'Notify all contacts of a host/service via HTML email'...
2018-05-05 11:49:47  -> matches!
2018-05-05 11:49:47 1 rules matched, but no notification has been created.
2018-05-05 11:55:49 ----------------------------------------------------------------------
2018-05-05 11:55:49 Got raw notification (mgen1.gate.rtf;Memory) context with 52 variables
2018-05-05 11:55:49 Global rule 'Notify all contacts of a host/service via HTML email'...
2018-05-05 11:55:49  -> matches!
2018-05-05 11:55:49 1 rules matched, but no notification has been created.
2018-05-05 11:59:14 ----------------------------------------------------------------------
2018-05-05 11:59:14 Got raw notification (control1.gate.rtf;ANT_Wave_Guide_Switch_Fault) context with 52 variables
2018-05-05 11:59:14 Global rule 'Notify all contacts of a host/service via HTML email'...
2018-05-05 11:59:14  -> matches!
2018-05-05 11:59:14 1 rules matched, but no notification has been created.
2018-05-05 11:59:15 ----------------------------------------------------------------------
2018-05-05 11:59:15 Got raw notification (control1.gate.rtf;PM_XmitPowerDbmH) context with 52 variables
2018-05-05 11:59:15 Global rule 'Notify all contacts of a host/service via HTML email'...
2018-05-05 11:59:15  -> matches!
2018-05-05 11:59:15 1 rules matched, but no notification has been created.
2018-05-05 11:59:15 ----------------------------------------------------------------------
2018-05-05 11:59:15 Got raw notification (control1.gate.rtf;PM_XmitPowerDbmTxTop) context with 52 variables
2018-05-05 11:59:15 Global rule 'Notify all contacts of a host/service via HTML email'...
2018-05-05 11:59:15  -> matches!
2018-05-05 11:59:15 1 rules matched, but no notification has been created.
2018-05-05 11:59:16 ----------------------------------------------------------------------
2018-05-05 11:59:16 Got raw notification (control1.gate.rtf;PM_XmitPowerDbmV) context with 52 variables
2018-05-05 11:59:16 Global rule 'Notify all contacts of a host/service via HTML email'...
2018-05-05 11:59:16  -> matches!
2018-05-05 11:59:16 1 rules matched, but no notification has been created.
2018-05-05 11:59:45 ----------------------------------------------------------------------
2018-05-05 11:59:45 Got raw notification (mgen1.gate.rtf;Memory) context with 52 variables
2018-05-05 11:59:45 Global rule 'Notify all contacts of a host/service via HTML email'...
2018-05-05 11:59:45  -> matches!
2018-05-05 11:59:45 1 rules matched, but no notification has been created.
2018-05-05 12:00:45 ----------------------------------------------------------------------
2018-05-05 12:00:45 Got raw notification (mgen1.gate.rtf;HP_SunCal_sband) context with 52 variables
2018-05-05 12:00:45 Global rule 'Notify all contacts of a host/service via HTML email'...
2018-05-05 12:00:45  -> matches!
2018-05-05 12:00:45 1 rules matched, but no notification has been created.
2018-05-05 12:01:45 ----------------------------------------------------------------------
2018-05-05 12:01:45 Got raw notification (mgen1.gate.rtf;HP_SunCal_sband) context with 52 variables
2018-05-05 12:01:45 Global rule 'Notify all contacts of a host/service via HTML email'...
2018-05-05 12:01:45  -> matches!
2018-05-05 12:01:45 1 rules matched, but no notification has been created.
2018-05-05 12:48:47 ----------------------------------------------------------------------
2018-05-05 12:48:47 Got raw notification (mgen1.gate.rtf;Memory) context with 52 variables
2018-05-05 12:48:47 Global rule 'Notify all contacts of a host/service via HTML email'...
2018-05-05 12:48:47  -> matches!
2018-05-05 12:48:47 1 rules matched, but no notification has been created.
2018-05-05 12:55:50 ----------------------------------------------------------------------
2018-05-05 12:55:50 Got raw notification (mgen1.gate.rtf;Memory) context with 52 variables
2018-05-05 12:55:50 Global rule 'Notify all contacts of a host/service via HTML email'...
2018-05-05 12:55:50  -> matches!
2018-05-05 12:55:50 1 rules matched, but no notification has been created.
2018-05-05 12:59:44 ----------------------------------------------------------------------
2018-05-05 12:59:44 Got raw notification (mgen1.gate.rtf;Check_MK) context with 52 variables
2018-05-05 12:59:44 Global rule 'Notify all contacts of a host/service via HTML email'...
2018-05-05 12:59:44  -> matches!
2018-05-05 12:59:44 1 rules matched, but no notification has been created.
2018-05-05 12:59:52 ----------------------------------------------------------------------
2018-05-05 12:59:52 Got raw notification (mgen1.gate.rtf;Memory) context with 52 variables
2018-05-05 12:59:52 Global rule 'Notify all contacts of a host/service via HTML email'...
2018-05-05 12:59:52  -> matches!
2018-05-05 12:59:52 1 rules matched, but no notification has been created.
2018-05-05 12:59:53 ----------------------------------------------------------------------
2018-05-05 12:59:53 Got raw notification (mgen1.gate.rtf;Check_MK) context with 52 variables
2018-05-05 12:59:53 Global rule 'Notify all contacts of a host/service via HTML email'...
2018-05-05 12:59:53  -> matches!
2018-05-05 12:59:53 1 rules matched, but no notification has been created.
2018-05-05 13:01:46 ----------------------------------------------------------------------
2018-05-05 13:01:46 Got raw notification (mgen1.gate.rtf;HP_SunCal_sband) context with 52 variables
2018-05-05 13:01:46 Global rule 'Notify all contacts of a host/service via HTML email'...
2018-05-05 13:01:46  -> matches!
2018-05-05 13:01:46 1 rules matched, but no notification has been created.
2018-05-05 13:02:46 ----------------------------------------------------------------------
2018-05-05 13:02:46 Got raw notification (mgen1.gate.rtf;HP_SunCal_sband) context with 52 variables
2018-05-05 13:02:46 Global rule 'Notify all contacts of a host/service via HTML email'...
2018-05-05 13:02:46  -> matches!
2018-05-05 13:02:46 1 rules matched, but no notification has been created.
2018-05-05 13:08:14 ----------------------------------------------------------------------
2018-05-05 13:08:14 Got raw notification (control1.gate.rtf;ANT_Elevation_Brakes_Fault) context with 52 variables
2018-05-05 13:08:14 Global rule 'Notify all contacts of a host/service via HTML email'...
2018-05-05 13:08:14  -> matches!
2018-05-05 13:08:14 1 rules matched, but no notification has been created.
2018-05-05 13:08:14 ----------------------------------------------------------------------
2018-05-05 13:08:14 Got raw notification (control1.gate.rtf;ANT_Elevation_Fans_Fault) context with 52 variables
2018-05-05 13:08:14 Global rule 'Notify all contacts of a host/service via HTML email'...
2018-05-05 13:08:14  -> matches!
2018-05-05 13:08:14 1 rules matched, but no notification has been created.
2018-05-05 13:08:46 ----------------------------------------------------------------------
2018-05-05 13:08:46 Got raw notification (mgen1.gate.rtf;SBandAntennaMovement_stationaryPeriod) context with 52 variables
2018-05-05 13:08:46 Global rule 'Notify all contacts of a host/service via HTML email'...
2018-05-05 13:08:46  -> matches!
2018-05-05 13:08:46 1 rules matched, but no notification has been created.
2018-05-05 13:09:46 ----------------------------------------------------------------------
2018-05-05 13:09:46 Got raw notification (mgen1.gate.rtf;SBandAntennaMovement_stationaryPeriod) context with 52 variables
2018-05-05 13:09:46 Global rule 'Notify all contacts of a host/service via HTML email'...
2018-05-05 13:09:46  -> matches!
2018-05-05 13:09:46 1 rules matched, but no notification has been created.
2018-05-05 13:10:46 ----------------------------------------------------------------------
2018-05-05 13:10:46 Got raw notification (mgen1.gate.rtf;HD_/tmp/fmq/syscon) context with 52 variables
2018-05-05 13:10:46 Global rule 'Notify all contacts of a host/service via HTML email'...
2018-05-05 13:10:46  -> matches!
2018-05-05 13:10:46 1 rules matched, but no notification has been created.
2018-05-05 13:10:47 ----------------------------------------------------------------------
2018-05-05 13:10:47 Got raw notification (mgen1.gate.rtf;HawkSummary_Data) context with 52 variables
2018-05-05 13:10:47 Global rule 'Notify all contacts of a host/service via HTML email'...
2018-05-05 13:10:47  -> matches!
2018-05-05 13:10:47 1 rules matched, but no notification has been created.
2018-05-05 13:16:46 ----------------------------------------------------------------------
2018-05-05 13:16:46 Got raw notification (mgen1.gate.rtf;HD_/tmp/fmq/syscon) context with 52 variables
2018-05-05 13:16:46 Global rule 'Notify all contacts of a host/service via HTML email'...
2018-05-05 13:16:46  -> matches!
2018-05-05 13:16:46 1 rules matched, but no notification has been created.
2018-05-05 13:16:47 ----------------------------------------------------------------------
2018-05-05 13:16:47 Got raw notification (mgen1.gate.rtf;HawkSummary_Data) context with 52 variables
2018-05-05 13:16:47 Global rule 'Notify all contacts of a host/service via HTML email'...
2018-05-05 13:16:47  -> matches!
2018-05-05 13:16:47 1 rules matched, but no notification has been created.
2018-05-05 13:17:46 ----------------------------------------------------------------------
2018-05-05 13:17:46 Got raw notification (mgen1.gate.rtf;SBandAntennaMovement_stationaryPeriod) context with 52 variables
2018-05-05 13:17:46 Global rule 'Notify all contacts of a host/service via HTML email'...
2018-05-05 13:17:46  -> matches!
2018-05-05 13:17:46 1 rules matched, but no notification has been created.
2018-05-05 13:18:14 ----------------------------------------------------------------------
2018-05-05 13:18:14 Got raw notification (control1.gate.rtf;ANT_Wave_Guide_Switch_Fault) context with 52 variables
2018-05-05 13:18:14 Global rule 'Notify all contacts of a host/service via HTML email'...
2018-05-05 13:18:14  -> matches!
2018-05-05 13:18:14 1 rules matched, but no notification has been created.
2018-05-05 13:18:14 ----------------------------------------------------------------------
2018-05-05 13:18:14 Got raw notification (control1.gate.rtf;PM_XmitPowerDbmH) context with 52 variables
2018-05-05 13:18:14 Global rule 'Notify all contacts of a host/service via HTML email'...
2018-05-05 13:18:14  -> matches!
2018-05-05 13:18:14 1 rules matched, but no notification has been created.
2018-05-05 13:18:15 ----------------------------------------------------------------------
2018-05-05 13:18:15 Got raw notification (control1.gate.rtf;PM_XmitPowerDbmTxTop) context with 52 variables
2018-05-05 13:18:15 Global rule 'Notify all contacts of a host/service via HTML email'...
2018-05-05 13:18:15  -> matches!
2018-05-05 13:18:15 1 rules matched, but no notification has been created.
2018-05-05 13:18:16 ----------------------------------------------------------------------
2018-05-05 13:18:16 Got raw notification (control1.gate.rtf;PM_XmitPowerDbmV) context with 52 variables
2018-05-05 13:18:16 Global rule 'Notify all contacts of a host/service via HTML email'...
2018-05-05 13:18:16  -> matches!
2018-05-05 13:18:16 1 rules matched, but no notification has been created.
2018-05-05 13:18:46 ----------------------------------------------------------------------
2018-05-05 13:18:46 Got raw notification (mgen1.gate.rtf;SBandAntennaMovement_stationaryPeriod) context with 52 variables
2018-05-05 13:18:46 Global rule 'Notify all contacts of a host/service via HTML email'...
2018-05-05 13:18:46  -> matches!
2018-05-05 13:18:46 1 rules matched, but no notification has been created.
2018-05-05 13:20:46 ----------------------------------------------------------------------
2018-05-05 13:20:46 Got raw notification (mgen1.gate.rtf;HD_/tmp/fmq/syscon) context with 52 variables
2018-05-05 13:20:46 Global rule 'Notify all contacts of a host/service via HTML email'...
2018-05-05 13:20:46  -> matches!
2018-05-05 13:20:46 1 rules matched, but no notification has been created.
2018-05-05 13:20:46 ----------------------------------------------------------------------
2018-05-05 13:20:46 Got raw notification (mgen1.gate.rtf;HawkSummary_Data) context with 52 variables
2018-05-05 13:20:46 Global rule 'Notify all contacts of a host/service via HTML email'...
2018-05-05 13:20:46  -> matches!
2018-05-05 13:20:46 1 rules matched, but no notification has been created.
2018-05-05 13:21:14 ----------------------------------------------------------------------
2018-05-05 13:21:14 Got raw notification (control1.gate.rtf;PM_XmitPowerDbmTxTop) context with 52 variables
2018-05-05 13:21:14 Global rule 'Notify all contacts of a host/service via HTML email'...
2018-05-05 13:21:14  -> matches!
2018-05-05 13:21:14 1 rules matched, but no notification has been created.
2018-05-05 13:21:46 ----------------------------------------------------------------------
2018-05-05 13:21:46 Got raw notification (mgen1.gate.rtf;HD_/tmp/fmq/syscon) context with 52 variables
2018-05-05 13:21:46 Global rule 'Notify all contacts of a host/service via HTML email'...
2018-05-05 13:21:46  -> matches!
2018-05-05 13:21:46 1 rules matched, but no notification has been created.
2018-05-05 13:21:47 ----------------------------------------------------------------------
2018-05-05 13:21:47 Got raw notification (mgen1.gate.rtf;HawkSummary_Data) context with 52 variables
2018-05-05 13:21:47 Global rule 'Notify all contacts of a host/service via HTML email'...
2018-05-05 13:21:47  -> matches!
2018-05-05 13:21:47 1 rules matched, but no notification has been created.
2018-05-05 13:22:14 ----------------------------------------------------------------------
2018-05-05 13:22:14 Got raw notification (control1.gate.rtf;PM_XmitPowerDbmH) context with 52 variables
2018-05-05 13:22:14 Global rule 'Notify all contacts of a host/service via HTML email'...
2018-05-05 13:22:14  -> matches!
2018-05-05 13:22:14 1 rules matched, but no notification has been created.
2018-05-05 13:22:14 ----------------------------------------------------------------------
2018-05-05 13:22:14 Got raw notification (control1.gate.rtf;PM_XmitPowerDbmTxTop) context with 52 variables
2018-05-05 13:22:14 Global rule 'Notify all contacts of a host/service via HTML email'...
2018-05-05 13:22:14  -> matches!
2018-05-05 13:22:14 1 rules matched, but no notification has been created.
2018-05-05 13:25:14 ----------------------------------------------------------------------
2018-05-05 13:25:14 Got raw notification (control1.gate.rtf;PM_XmitPowerDbmV) context with 52 variables
2018-05-05 13:25:14 Global rule 'Notify all contacts of a host/service via HTML email'...
2018-05-05 13:25:14  -> matches!
2018-05-05 13:25:14 1 rules matched, but no notification has been created.
2018-05-05 13:28:04 ----------------------------------------------------------------------
2018-05-05 13:28:04 Got raw notification (pgen1.gate.rtf;HD_cfradial/moments/sband) context with 52 variables
2018-05-05 13:28:04 Global rule 'Notify all contacts of a host/service via HTML email'...
2018-05-05 13:28:04  -> matches!
2018-05-05 13:28:04 1 rules matched, but no notification has been created.
2018-05-05 13:28:05 ----------------------------------------------------------------------
2018-05-05 13:28:05 Got raw notification (pgen1.gate.rtf;HawkSummary_Data) context with 52 variables
2018-05-05 13:28:05 Global rule 'Notify all contacts of a host/service via HTML email'...
2018-05-05 13:28:05  -> matches!
2018-05-05 13:28:05 1 rules matched, but no notification has been created.
2018-05-05 13:28:05 ----------------------------------------------------------------------
2018-05-05 13:28:05 Got raw notification (pgen2.gate.rtf;HD_cfradial/moments/sband) context with 52 variables
2018-05-05 13:28:05 Global rule 'Notify all contacts of a host/service via HTML email'...
2018-05-05 13:28:05  -> matches!
2018-05-05 13:28:05 1 rules matched, but no notification has been created.
2018-05-05 13:28:06 ----------------------------------------------------------------------
2018-05-05 13:28:06 Got raw notification (pgen2.gate.rtf;HawkSummary_Data) context with 52 variables
2018-05-05 13:28:06 Global rule 'Notify all contacts of a host/service via HTML email'...
2018-05-05 13:28:06  -> matches!
2018-05-05 13:28:06 1 rules matched, but no notification has been created.
2018-05-05 13:38:46 ----------------------------------------------------------------------
2018-05-05 13:38:46 Got raw notification (mgen1.gate.rtf;SBandAntennaMovement_stationaryPeriod) context with 52 variables
2018-05-05 13:38:46 Global rule 'Notify all contacts of a host/service via HTML email'...
2018-05-05 13:38:46  -> matches!
2018-05-05 13:38:46 1 rules matched, but no notification has been created.
2018-05-05 13:40:46 ----------------------------------------------------------------------
2018-05-05 13:40:46 Got raw notification (mgen1.gate.rtf;HD_/tmp/fmq/syscon) context with 52 variables
2018-05-05 13:40:46 Global rule 'Notify all contacts of a host/service via HTML email'...
2018-05-05 13:40:46  -> matches!
2018-05-05 13:40:46 1 rules matched, but no notification has been created.
2018-05-05 13:40:47 ----------------------------------------------------------------------
2018-05-05 13:40:47 Got raw notification (mgen1.gate.rtf;HawkSummary_Data) context with 52 variables
2018-05-05 13:40:47 Global rule 'Notify all contacts of a host/service via HTML email'...
2018-05-05 13:40:47  -> matches!
2018-05-05 13:40:47 1 rules matched, but no notification has been created.
2018-05-05 14:14:46 ----------------------------------------------------------------------
2018-05-05 14:14:46 Got raw notification (mgen1.gate.rtf;Memory) context with 52 variables
2018-05-05 14:14:46 Global rule 'Notify all contacts of a host/service via HTML email'...
2018-05-05 14:14:46  -> matches!
2018-05-05 14:14:46 1 rules matched, but no notification has been created.
2018-05-05 14:28:49 ----------------------------------------------------------------------
2018-05-05 14:28:49 Got raw notification (mgen1.gate.rtf;Memory) context with 52 variables
2018-05-05 14:28:49 Global rule 'Notify all contacts of a host/service via HTML email'...
2018-05-05 14:28:49  -> matches!
2018-05-05 14:28:49 1 rules matched, but no notification has been created.
2018-05-05 14:41:46 ----------------------------------------------------------------------
2018-05-05 14:41:46 Got raw notification (mgen1.gate.rtf;Memory) context with 52 variables
2018-05-05 14:41:46 Global rule 'Notify all contacts of a host/service via HTML email'...
2018-05-05 14:41:46  -> matches!
2018-05-05 14:41:46 1 rules matched, but no notification has been created.
2018-05-05 14:42:46 ----------------------------------------------------------------------
2018-05-05 14:42:46 Got raw notification (mgen1.gate.rtf;HP_SunCal_sband) context with 52 variables
2018-05-05 14:42:46 Global rule 'Notify all contacts of a host/service via HTML email'...
2018-05-05 14:42:46  -> matches!
2018-05-05 14:42:46 1 rules matched, but no notification has been created.
2018-05-05 14:43:46 ----------------------------------------------------------------------
2018-05-05 14:43:46 Got raw notification (mgen1.gate.rtf;HP_SunCal_sband) context with 52 variables
2018-05-05 14:43:46 Global rule 'Notify all contacts of a host/service via HTML email'...
2018-05-05 14:43:46  -> matches!
2018-05-05 14:43:46 1 rules matched, but no notification has been created.
2018-05-05 15:02:45 ----------------------------------------------------------------------
2018-05-05 15:02:45 Got raw notification (mgen1.gate.rtf;HD_/tmp/fmq/SpolMonCtrl) context with 52 variables
2018-05-05 15:02:45 Global rule 'Notify all contacts of a host/service via HTML email'...
2018-05-05 15:02:45  -> matches!
2018-05-05 15:02:45 1 rules matched, but no notification has been created.
2018-05-05 15:02:46 ----------------------------------------------------------------------
2018-05-05 15:02:46 Got raw notification (mgen1.gate.rtf;HD_/tmp/fmq/moments/sband/shmem_20000) context with 52 variables
2018-05-05 15:02:46 Global rule 'Notify all contacts of a host/service via HTML email'...
2018-05-05 15:02:46  -> matches!
2018-05-05 15:02:46 1 rules matched, but no notification has been created.
2018-05-05 15:02:47 ----------------------------------------------------------------------
2018-05-05 15:02:47 Got raw notification (mgen1.gate.rtf;HD_/tmp/fmq/syscon) context with 52 variables
2018-05-05 15:02:47 Global rule 'Notify all contacts of a host/service via HTML email'...
2018-05-05 15:02:47  -> matches!
2018-05-05 15:02:47 1 rules matched, but no notification has been created.
2018-05-05 15:02:48 ----------------------------------------------------------------------
2018-05-05 15:02:48 Got raw notification (mgen1.gate.rtf;HD_/tmp/fmq/ts/sband/shmem_10000) context with 52 variables
2018-05-05 15:02:48 Global rule 'Notify all contacts of a host/service via HTML email'...
2018-05-05 15:02:48  -> matches!
2018-05-05 15:02:48 1 rules matched, but no notification has been created.
2018-05-05 15:02:49 ----------------------------------------------------------------------
2018-05-05 15:02:49 Got raw notification (mgen1.gate.rtf;HP_DataMapper_primary) context with 52 variables
2018-05-05 15:02:49 Global rule 'Notify all contacts of a host/service via HTML email'...
2018-05-05 15:02:49  -> matches!
2018-05-05 15:02:49 1 rules matched, but no notification has been created.
2018-05-05 15:02:50 ----------------------------------------------------------------------
2018-05-05 15:02:50 Got raw notification (mgen1.gate.rtf;HP_DsFileDist_suncal) context with 52 variables
2018-05-05 15:02:50 Global rule 'Notify all contacts of a host/service via HTML email'...
2018-05-05 15:02:50  -> matches!
2018-05-05 15:02:50 1 rules matched, but no notification has been created.
2018-05-05 15:02:50 ----------------------------------------------------------------------
2018-05-05 15:02:50 Got raw notification (mgen1.gate.rtf;HP_DsFileDist_time_series) context with 52 variables
2018-05-05 15:02:50 Global rule 'Notify all contacts of a host/service via HTML email'...
2018-05-05 15:02:50  -> matches!
2018-05-05 15:02:50 1 rules matched, but no notification has been created.
2018-05-05 15:02:51 ----------------------------------------------------------------------
2018-05-05 15:02:51 Got raw notification (mgen1.gate.rtf;HP_DsServerMgr_primary) context with 52 variables
2018-05-05 15:02:51 Global rule 'Notify all contacts of a host/service via HTML email'...
2018-05-05 15:02:51  -> matches!
2018-05-05 15:02:51 1 rules matched, but no notification has been created.
2018-05-05 15:02:52 ----------------------------------------------------------------------
2018-05-05 15:02:52 Got raw notification (mgen1.gate.rtf;HP_Fmq2Fmq_moments.sband) context with 52 variables
2018-05-05 15:02:52 Global rule 'Notify all contacts of a host/service via HTML email'...
2018-05-05 15:02:52  -> matches!
2018-05-05 15:02:52 1 rules matched, but no notification has been created.
2018-05-05 15:02:53 ----------------------------------------------------------------------
2018-05-05 15:02:53 Got raw notification (mgen1.gate.rtf;HP_Fmq2Fmq_moments.sband2) context with 52 variables
2018-05-05 15:02:53 Global rule 'Notify all contacts of a host/service via HTML email'...
2018-05-05 15:02:53  -> matches!
2018-05-05 15:02:53 1 rules matched, but no notification has been created.
2018-05-05 15:02:53 ----------------------------------------------------------------------
2018-05-05 15:02:53 Got raw notification (mgen1.gate.rtf;HP_Fmq2Fmq_ts.sband) context with 52 variables
2018-05-05 15:02:53 Global rule 'Notify all contacts of a host/service via HTML email'...
2018-05-05 15:02:53  -> matches!
2018-05-05 15:02:53 1 rules matched, but no notification has been created.
2018-05-05 15:02:54 ----------------------------------------------------------------------
2018-05-05 15:02:54 Got raw notification (mgen1.gate.rtf;HP_Fmq2Fmq_ts.sband2) context with 52 variables
2018-05-05 15:02:54 Global rule 'Notify all contacts of a host/service via HTML email'...
2018-05-05 15:02:54  -> matches!
2018-05-05 15:02:54 1 rules matched, but no notification has been created.
2018-05-05 15:02:55 ----------------------------------------------------------------------
2018-05-05 15:02:55 Got raw notification (mgen1.gate.rtf;HP_Iq2Dsr_sband) context with 52 variables
2018-05-05 15:02:55 Global rule 'Notify all contacts of a host/service via HTML email'...
2018-05-05 15:02:55  -> matches!
2018-05-05 15:02:55 1 rules matched, but no notification has been created.
2018-05-05 15:02:56 ----------------------------------------------------------------------
2018-05-05 15:02:56 Got raw notification (mgen1.gate.rtf;HP_Janitor_logs) context with 52 variables
2018-05-05 15:02:56 Global rule 'Notify all contacts of a host/service via HTML email'...
2018-05-05 15:02:56  -> matches!
2018-05-05 15:02:56 1 rules matched, but no notification has been created.
2018-05-05 15:02:57 ----------------------------------------------------------------------
2018-05-05 15:02:57 Got raw notification (mgen1.gate.rtf;HP_Janitor_time_series) context with 52 variables
2018-05-05 15:02:57 Global rule 'Notify all contacts of a host/service via HTML email'...
2018-05-05 15:02:57  -> matches!
2018-05-05 15:02:57 1 rules matched, but no notification has been created.
2018-05-05 15:02:57 ----------------------------------------------------------------------
2018-05-05 15:02:57 Got raw notification (mgen1.gate.rtf;HP_RadMon_log.sband) context with 52 variables
2018-05-05 15:02:57 Global rule 'Notify all contacts of a host/service via HTML email'...
2018-05-05 15:02:57  -> matches!
2018-05-05 15:02:57 1 rules matched, but no notification has been created.
2018-05-05 15:02:58 ----------------------------------------------------------------------
2018-05-05 15:02:58 Got raw notification (mgen1.gate.rtf;HP_Scout_primary) context with 52 variables
2018-05-05 15:02:58 Global rule 'Notify all contacts of a host/service via HTML email'...
2018-05-05 15:02:58  -> matches!
2018-05-05 15:02:58 1 rules matched, but no notification has been created.
2018-05-05 15:02:59 ----------------------------------------------------------------------
2018-05-05 15:02:59 Got raw notification (mgen1.gate.rtf;HP_SpolSysconRelay_sband) context with 52 variables
2018-05-05 15:02:59 Global rule 'Notify all contacts of a host/service via HTML email'...
2018-05-05 15:02:59  -> matches!
2018-05-05 15:02:59 1 rules matched, but no notification has been created.
2018-05-05 15:03:00 ----------------------------------------------------------------------
2018-05-05 15:03:00 Got raw notification (mgen1.gate.rtf;HP_SpolTs2Fmq_sband) context with 52 variables
2018-05-05 15:03:00 Global rule 'Notify all contacts of a host/service via HTML email'...
2018-05-05 15:03:00  -> matches!
2018-05-05 15:03:00 1 rules matched, but no notification has been created.
2018-05-05 15:03:01 ----------------------------------------------------------------------
2018-05-05 15:03:01 Got raw notification (mgen1.gate.rtf;HP_SpolTsMonitor_sband) context with 52 variables
2018-05-05 15:03:01 Global rule 'Notify all contacts of a host/service via HTML email'...
2018-05-05 15:03:01  -> matches!
2018-05-05 15:03:01 1 rules matched, but no notification has been created.
2018-05-05 15:03:02 ----------------------------------------------------------------------
2018-05-05 15:03:02 Got raw notification (mgen1.gate.rtf;HP_SunCal_sband) context with 52 variables
2018-05-05 15:03:02 Global rule 'Notify all contacts of a host/service via HTML email'...
2018-05-05 15:03:02  -> matches!
2018-05-05 15:03:02 1 rules matched, but no notification has been created.
2018-05-05 15:03:03 ----------------------------------------------------------------------
2018-05-05 15:03:03 Got raw notification (mgen1.gate.rtf;HP_TsTcp2Fmq_rvp8) context with 52 variables
2018-05-05 15:03:03 Global rule 'Notify all contacts of a host/service via HTML email'...
2018-05-05 15:03:03  -> matches!
2018-05-05 15:03:03 1 rules matched, but no notification has been created.
2018-05-05 15:03:04 ----------------------------------------------------------------------
2018-05-05 15:03:04 Got raw notification (mgen1.gate.rtf;HawkSummary_Data) context with 52 variables
2018-05-05 15:03:04 Global rule 'Notify all contacts of a host/service via HTML email'...
2018-05-05 15:03:04  -> matches!
2018-05-05 15:03:04 1 rules matched, but no notification has been created.
2018-05-05 15:03:46 ----------------------------------------------------------------------
2018-05-05 15:03:46 Got raw notification (mgen1.gate.rtf;Check_MK) context with 52 variables
2018-05-05 15:03:46 Global rule 'Notify all contacts of a host/service via HTML email'...
2018-05-05 15:03:46  -> matches!
2018-05-05 15:03:46 1 rules matched, but no notification has been created.
2018-05-05 15:04:05 ----------------------------------------------------------------------
2018-05-05 15:04:05 Got raw notification (pgen1.gate.rtf;HD_fmq/moments/sband/shmem_20000) context with 52 variables
2018-05-05 15:04:05 Global rule 'Notify all contacts of a host/service via HTML email'...
2018-05-05 15:04:05  -> matches!
2018-05-05 15:04:05 1 rules matched, but no notification has been created.
2018-05-05 15:04:07 ----------------------------------------------------------------------
2018-05-05 15:04:07 Got raw notification (pgen1.gate.rtf;HD_spdb/monitor/sband) context with 52 variables
2018-05-05 15:04:07 Global rule 'Notify all contacts of a host/service via HTML email'...
2018-05-05 15:04:07  -> matches!
2018-05-05 15:04:07 1 rules matched, but no notification has been created.
2018-05-05 15:04:08 ----------------------------------------------------------------------
2018-05-05 15:04:08 Got raw notification (pgen1.gate.rtf;HawkSummary_Data) context with 52 variables
2018-05-05 15:04:08 Global rule 'Notify all contacts of a host/service via HTML email'...
2018-05-05 15:04:08  -> matches!
2018-05-05 15:04:08 1 rules matched, but no notification has been created.
2018-05-05 15:04:08 ----------------------------------------------------------------------
2018-05-05 15:04:08 Got raw notification (pgen2.gate.rtf;HD_fmq/moments/sband/shmem_20000) context with 52 variables
2018-05-05 15:04:08 Global rule 'Notify all contacts of a host/service via HTML email'...
2018-05-05 15:04:08  -> matches!
2018-05-05 15:04:08 1 rules matched, but no notification has been created.
2018-05-05 15:04:09 ----------------------------------------------------------------------
2018-05-05 15:04:09 Got raw notification (pgen2.gate.rtf;HD_spdb/monitor/sband) context with 52 variables
2018-05-05 15:04:09 Global rule 'Notify all contacts of a host/service via HTML email'...
2018-05-05 15:04:09  -> matches!
2018-05-05 15:04:09 1 rules matched, but no notification has been created.
2018-05-05 15:04:10 ----------------------------------------------------------------------
2018-05-05 15:04:10 Got raw notification (pgen2.gate.rtf;HawkSummary_Data) context with 52 variables
2018-05-05 15:04:10 Global rule 'Notify all contacts of a host/service via HTML email'...
2018-05-05 15:04:10  -> matches!
2018-05-05 15:04:10 1 rules matched, but no notification has been created.
2018-05-05 15:06:06 ----------------------------------------------------------------------
2018-05-05 15:06:06 Got raw notification (pgen2.gate.rtf;HD_fmq/moments/sband/shmem_20000) context with 52 variables
2018-05-05 15:06:06 Global rule 'Notify all contacts of a host/service via HTML email'...
2018-05-05 15:06:06  -> matches!
2018-05-05 15:06:06 1 rules matched, but no notification has been created.
2018-05-05 15:06:07 ----------------------------------------------------------------------
2018-05-05 15:06:07 Got raw notification (pgen2.gate.rtf;HD_spdb/monitor/sband) context with 52 variables
2018-05-05 15:06:07 Global rule 'Notify all contacts of a host/service via HTML email'...
2018-05-05 15:06:07  -> matches!
2018-05-05 15:06:07 1 rules matched, but no notification has been created.
2018-05-05 15:06:07 ----------------------------------------------------------------------
2018-05-05 15:06:07 Got raw notification (pgen2.gate.rtf;HawkSummary_Data) context with 52 variables
2018-05-05 15:06:07 Global rule 'Notify all contacts of a host/service via HTML email'...
2018-05-05 15:06:07  -> matches!
2018-05-05 15:06:07 1 rules matched, but no notification has been created.
2018-05-05 15:06:08 ----------------------------------------------------------------------
2018-05-05 15:06:08 Got raw notification (pgen1.gate.rtf;HD_fmq/moments/sband/shmem_20000) context with 52 variables
2018-05-05 15:06:08 Global rule 'Notify all contacts of a host/service via HTML email'...
2018-05-05 15:06:08  -> matches!
2018-05-05 15:06:08 1 rules matched, but no notification has been created.
2018-05-05 15:06:09 ----------------------------------------------------------------------
2018-05-05 15:06:09 Got raw notification (pgen1.gate.rtf;HD_spdb/monitor/sband) context with 52 variables
2018-05-05 15:06:09 Global rule 'Notify all contacts of a host/service via HTML email'...
2018-05-05 15:06:09  -> matches!
2018-05-05 15:06:09 1 rules matched, but no notification has been created.
2018-05-05 15:06:10 ----------------------------------------------------------------------
2018-05-05 15:06:10 Got raw notification (pgen1.gate.rtf;HawkSummary_Data) context with 52 variables
2018-05-05 15:06:10 Global rule 'Notify all contacts of a host/service via HTML email'...
2018-05-05 15:06:10  -> matches!
2018-05-05 15:06:10 1 rules matched, but no notification has been created.
2018-05-05 16:27:11 ----------------------------------------------------------------------
2018-05-05 16:27:11 Got raw notification (mgen2.gate.rtf;Check_MK) context with 52 variables
2018-05-05 16:27:11 Global rule 'Notify all contacts of a host/service via HTML email'...
2018-05-05 16:27:11  -> matches!
2018-05-05 16:27:11 1 rules matched, but no notification has been created.
2018-05-05 16:27:14 ----------------------------------------------------------------------
2018-05-05 16:27:14 Got raw notification (mgen2.gate.rtf) context with 36 variables
2018-05-05 16:27:14 Global rule 'Notify all contacts of a host/service via HTML email'...
2018-05-05 16:27:14  -> matches!
2018-05-05 16:27:14 1 rules matched, but no notification has been created.
2018-05-05 16:28:47 ----------------------------------------------------------------------
2018-05-05 16:28:47 Got raw notification (mgen2.gate.rtf) context with 36 variables
2018-05-05 16:28:47 Global rule 'Notify all contacts of a host/service via HTML email'...
2018-05-05 16:28:47  -> matches!
2018-05-05 16:28:47 1 rules matched, but no notification has been created.
2018-05-05 17:48:14 ----------------------------------------------------------------------
2018-05-05 17:48:14 Got raw notification (control1.gate.rtf;TEMP_SCC) context with 52 variables
2018-05-05 17:48:14 Global rule 'Notify all contacts of a host/service via HTML email'...
2018-05-05 17:48:14  -> matches!
2018-05-05 17:48:14 1 rules matched, but no notification has been created.
2018-05-05 17:49:13 ----------------------------------------------------------------------
2018-05-05 17:49:13 Got raw notification (control1.gate.rtf;TEMP_SCC) context with 52 variables
2018-05-05 17:49:13 Global rule 'Notify all contacts of a host/service via HTML email'...
2018-05-05 17:49:13  -> matches!
2018-05-05 17:49:13 1 rules matched, but no notification has been created.
2018-05-05 17:51:13 ----------------------------------------------------------------------
2018-05-05 17:51:13 Got raw notification (control1.gate.rtf;TEMP_SCC) context with 52 variables
2018-05-05 17:51:13 Global rule 'Notify all contacts of a host/service via HTML email'...
2018-05-05 17:51:13  -> matches!
2018-05-05 17:51:13 1 rules matched, but no notification has been created.
2018-05-05 18:09:14 ----------------------------------------------------------------------
2018-05-05 18:09:14 Got raw notification (control1.gate.rtf;TEMP_SCC) context with 52 variables
2018-05-05 18:09:14 Global rule 'Notify all contacts of a host/service via HTML email'...
2018-05-05 18:09:14  -> matches!
2018-05-05 18:09:14 1 rules matched, but no notification has been created.
2018-05-05 18:34:14 ----------------------------------------------------------------------
2018-05-05 18:34:14 Got raw notification (control1.gate.rtf;TEMP_SCC) context with 52 variables
2018-05-05 18:34:14 Global rule 'Notify all contacts of a host/service via HTML email'...
2018-05-05 18:34:14  -> matches!
2018-05-05 18:34:14 1 rules matched, but no notification has been created.
2018-05-05 19:10:14 ----------------------------------------------------------------------
2018-05-05 19:10:14 Got raw notification (control1.gate.rtf;TEMP_SCC) context with 52 variables
2018-05-05 19:10:14 Global rule 'Notify all contacts of a host/service via HTML email'...
2018-05-05 19:10:14  -> matches!
2018-05-05 19:10:14 1 rules matched, but no notification has been created.
2018-05-05 19:30:13 ----------------------------------------------------------------------
2018-05-05 19:30:13 Got raw notification (control1.gate.rtf;TEMP_SCC) context with 52 variables
2018-05-05 19:30:13 Global rule 'Notify all contacts of a host/service via HTML email'...
2018-05-05 19:30:13  -> matches!
2018-05-05 19:30:13 1 rules matched, but no notification has been created.
2018-05-05 19:31:14 ----------------------------------------------------------------------
2018-05-05 19:31:14 Got raw notification (control1.gate.rtf;TEMP_SCC) context with 52 variables
2018-05-05 19:31:14 Global rule 'Notify all contacts of a host/service via HTML email'...
2018-05-05 19:31:14  -> matches!
2018-05-05 19:31:14 1 rules matched, but no notification has been created.
2018-05-05 19:36:14 ----------------------------------------------------------------------
2018-05-05 19:36:14 Got raw notification (control1.gate.rtf;TEMP_SCC) context with 52 variables
2018-05-05 19:36:14 Global rule 'Notify all contacts of a host/service via HTML email'...
2018-05-05 19:36:14  -> matches!
2018-05-05 19:36:14 1 rules matched, but no notification has been created.
2018-05-05 19:38:14 ----------------------------------------------------------------------
2018-05-05 19:38:14 Got raw notification (control1.gate.rtf;TEMP_SCC) context with 52 variables
2018-05-05 19:38:14 Global rule 'Notify all contacts of a host/service via HTML email'...
2018-05-05 19:38:14  -> matches!
2018-05-05 19:38:14 1 rules matched, but no notification has been created.
