[01-26-2017 14:50:08] NPCD: npcd Daemon (0.6.25) started with PID=21302
[01-26-2017 14:50:08] NPCD: Please have a look at 'npcd -V' to get license information
[01-26-2017 14:50:08] NPCD: HINT: load_threshold is disabled - ('0.000000')
[01-26-2017 18:22:46] NPCD: Caught Termination Signal - Astalavista... baby
[01-26-2017 18:26:26] NPCD: npcd Daemon (0.6.25) started with PID=1275
[01-26-2017 18:26:26] NPCD: Please have a look at 'npcd -V' to get license information
[01-26-2017 18:26:26] NPCD: HINT: load_threshold is disabled - ('0.000000')
[05-15-2017 16:16:04] NPCD: Caught Termination Signal - Astalavista... baby
[05-15-2017 20:13:22] NPCD: npcd Daemon (0.6.25) started with PID=1365
[05-15-2017 20:13:22] NPCD: Please have a look at 'npcd -V' to get license information
[05-15-2017 20:13:22] NPCD: HINT: load_threshold is disabled - ('0.000000')
[05-21-2017 00:52:30] NPCD: Caught Termination Signal - Astalavista... baby
[05-21-2017 00:57:50] NPCD: npcd Daemon (0.6.25) started with PID=1231
[05-21-2017 00:57:50] NPCD: Please have a look at 'npcd -V' to get license information
[05-21-2017 00:57:50] NPCD: HINT: load_threshold is disabled - ('0.000000')
[06-06-2017 15:04:08] NPCD: Caught Termination Signal - Astalavista... baby
[06-06-2017 15:09:15] NPCD: npcd Daemon (0.6.25) started with PID=1292
[06-06-2017 15:09:15] NPCD: Please have a look at 'npcd -V' to get license information
[06-06-2017 15:09:15] NPCD: HINT: load_threshold is disabled - ('0.000000')
[01-05-2018 18:17:59] NPCD: Caught Termination Signal - Astalavista... baby
[01-05-2018 18:18:06] NPCD: npcd Daemon (0.6.25) started with PID=9432
[01-05-2018 18:18:06] NPCD: Please have a look at 'npcd -V' to get license information
[01-05-2018 18:18:06] NPCD: HINT: load_threshold is disabled - ('0.000000')
[01-08-2018 19:46:19] NPCD: Caught Termination Signal - Astalavista... baby
[01-08-2018 19:46:21] NPCD: npcd Daemon (0.6.25) started with PID=11286
[01-08-2018 19:46:21] NPCD: Please have a look at 'npcd -V' to get license information
[01-08-2018 19:46:21] NPCD: HINT: load_threshold is disabled - ('0.000000')
[01-08-2018 19:53:03] NPCD: Caught Termination Signal - Astalavista... baby
[01-08-2018 19:53:05] NPCD: npcd Daemon (0.6.25) started with PID=16331
[01-08-2018 19:53:05] NPCD: Please have a look at 'npcd -V' to get license information
[01-08-2018 19:53:05] NPCD: HINT: load_threshold is disabled - ('0.000000')
[01-08-2018 19:59:11] NPCD: Caught Termination Signal - Astalavista... baby
[01-08-2018 19:59:14] NPCD: npcd Daemon (0.6.25) started with PID=20890
[01-08-2018 19:59:14] NPCD: Please have a look at 'npcd -V' to get license information
[01-08-2018 19:59:14] NPCD: HINT: load_threshold is disabled - ('0.000000')
[01-08-2018 20:33:17] NPCD: Caught Termination Signal - Astalavista... baby
[01-08-2018 20:33:42] NPCD: npcd Daemon (0.6.25) started with PID=12760
[01-08-2018 20:33:42] NPCD: Please have a look at 'npcd -V' to get license information
[01-08-2018 20:33:42] NPCD: HINT: load_threshold is disabled - ('0.000000')
[03-13-2018 22:46:36] NPCD: Caught SIGHUP - reloading configuration
[03-13-2018 22:46:36] NPCD: Configuration reload succesfull.
[03-13-2018 22:46:36] NPCD: Caught Termination Signal - Astalavista... baby
[03-16-2018 18:37:01] NPCD: npcd Daemon (0.6.25) started with PID=1381
[03-16-2018 18:37:01] NPCD: Please have a look at 'npcd -V' to get license information
[03-16-2018 18:37:01] NPCD: HINT: load_threshold is disabled - ('0.000000')
[03-16-2018 19:23:59] NPCD: npcd Daemon (0.6.25) started with PID=1388
[03-16-2018 19:23:59] NPCD: Please have a look at 'npcd -V' to get license information
[03-16-2018 19:23:59] NPCD: HINT: load_threshold is disabled - ('0.000000')
[03-16-2018 19:37:26] NPCD: npcd Daemon (0.6.25) started with PID=1373
[03-16-2018 19:37:26] NPCD: Please have a look at 'npcd -V' to get license information
[03-16-2018 19:37:26] NPCD: HINT: load_threshold is disabled - ('0.000000')
[03-16-2018 20:41:10] NPCD: Caught Termination Signal - Astalavista... baby
[03-22-2018 15:45:29] NPCD: npcd Daemon (0.6.25) started with PID=1333
[03-22-2018 15:45:29] NPCD: Please have a look at 'npcd -V' to get license information
[03-22-2018 15:45:29] NPCD: HINT: load_threshold is disabled - ('0.000000')
[03-22-2018 16:31:05] NPCD: Caught Termination Signal - Astalavista... baby
[03-22-2018 16:34:45] NPCD: npcd Daemon (0.6.25) started with PID=1428
[03-22-2018 16:34:45] NPCD: Please have a look at 'npcd -V' to get license information
[03-22-2018 16:34:45] NPCD: HINT: load_threshold is disabled - ('0.000000')
[03-24-2018 14:54:33] NPCD: Caught Termination Signal - Astalavista... baby
[03-24-2018 14:58:07] NPCD: npcd Daemon (0.6.25) started with PID=1371
[03-24-2018 14:58:07] NPCD: Please have a look at 'npcd -V' to get license information
[03-24-2018 14:58:07] NPCD: HINT: load_threshold is disabled - ('0.000000')
[03-24-2018 16:32:10] NPCD: Caught Termination Signal - Astalavista... baby
[03-24-2018 16:36:12] NPCD: npcd Daemon (0.6.25) started with PID=1507
[03-24-2018 16:36:12] NPCD: Please have a look at 'npcd -V' to get license information
[03-24-2018 16:36:12] NPCD: HINT: load_threshold is disabled - ('0.000000')
[03-29-2018 17:12:24] NPCD: npcd Daemon (0.6.25) started with PID=1430
[03-29-2018 17:12:24] NPCD: Please have a look at 'npcd -V' to get license information
[03-29-2018 17:12:24] NPCD: HINT: load_threshold is disabled - ('0.000000')
[04-02-2018 21:00:50] NPCD: Caught Termination Signal - Astalavista... baby
[04-02-2018 21:04:20] NPCD: npcd Daemon (0.6.25) started with PID=1231
[04-02-2018 21:04:20] NPCD: Please have a look at 'npcd -V' to get license information
[04-02-2018 21:04:20] NPCD: HINT: load_threshold is disabled - ('0.000000')
[04-04-2018 19:04:03] NPCD: Caught Termination Signal - Astalavista... baby
[04-04-2018 19:07:53] NPCD: npcd Daemon (0.6.25) started with PID=1188
[04-04-2018 19:07:53] NPCD: Please have a look at 'npcd -V' to get license information
[04-04-2018 19:07:53] NPCD: HINT: load_threshold is disabled - ('0.000000')
[04-13-2018 14:46:00] NPCD: Caught Termination Signal - Astalavista... baby
[04-13-2018 15:10:15] NPCD: npcd Daemon (0.6.25) started with PID=1229
[04-13-2018 15:10:15] NPCD: Please have a look at 'npcd -V' to get license information
[04-13-2018 15:10:15] NPCD: HINT: load_threshold is disabled - ('0.000000')
